{"/Users/ibrahimalmotairi/projects/care-services-cursor/src/app.controller.ts": {"path":"/Users/ibrahimalmotairi/projects/care-services-cursor/src/app.controller.ts","statementMap":{"0":{"start":{"line":1,"column":0},"end":{"line":1,"column":54}},"1":{"start":{"line":3,"column":0},"end":{"line":3,"column":60}},"2":{"start":{"line":6,"column":7},"end":{"line":2850,"column":null}},"3":{"start":{"line":10,"column":4},"end":{"line":10,"column":134}},"4":{"start":{"line":16,"column":4},"end":{"line":16,"column":47}},"5":{"start":{"line":17,"column":4},"end":{"line":515,"column":10}},"6":{"start":{"line":522,"column":4},"end":{"line":522,"column":47}},"7":{"start":{"line":523,"column":4},"end":{"line":523,"column":170}},"8":{"start":{"line":524,"column":4},"end":{"line":1318,"column":10}},"9":{"start":{"line":1324,"column":4},"end":{"line":1324,"column":47}},"10":{"start":{"line":1325,"column":4},"end":{"line":2303,"column":10}},"11":{"start":{"line":2309,"column":4},"end":{"line":2309,"column":47}},"12":{"start":{"line":2310,"column":4},"end":{"line":2848,"column":10}},"13":{"start":{"line":6,"column":13},"end":{"line":6,"column":26}},"14":{"start":{"line":9,"column":2},"end":{"line":11,"column":null}},"15":{"start":{"line":15,"column":2},"end":{"line":516,"column":null}},"16":{"start":{"line":520,"column":2},"end":{"line":1319,"column":null}},"17":{"start":{"line":1323,"column":2},"end":{"line":2304,"column":null}},"18":{"start":{"line":2308,"column":2},"end":{"line":2849,"column":null}},"19":{"start":{"line":6,"column":13},"end":{"line":2850,"column":null}}},"fnMap":{"0":{"name":"(anonymous_4)","decl":{"start":{"line":9,"column":2},"end":{"line":9,"column":10}},"loc":{"start":{"line":9,"column":10},"end":{"line":11,"column":3}}},"1":{"name":"(anonymous_5)","decl":{"start":{"line":15,"column":2},"end":{"line":15,"column":14}},"loc":{"start":{"line":15,"column":35},"end":{"line":516,"column":3}}},"2":{"name":"(anonymous_6)","decl":{"start":{"line":520,"column":2},"end":{"line":520,"column":14}},"loc":{"start":{"line":520,"column":35},"end":{"line":1319,"column":3}}},"3":{"name":"(anonymous_7)","decl":{"start":{"line":1323,"column":2},"end":{"line":1323,"column":19}},"loc":{"start":{"line":1323,"column":40},"end":{"line":2304,"column":3}}},"4":{"name":"(anonymous_8)","decl":{"start":{"line":2308,"column":2},"end":{"line":2308,"column":19}},"loc":{"start":{"line":2308,"column":40},"end":{"line":2849,"column":3}}}},"branchMap":{},"s":{"0":0,"1":0,"2":0,"3":0,"4":0,"5":0,"6":0,"7":0,"8":0,"9":0,"10":0,"11":0,"12":0,"13":0,"14":0,"15":0,"16":0,"17":0,"18":0,"19":0},"f":{"0":0,"1":0,"2":0,"3":0,"4":0},"b":{}}
,"/Users/ibrahimalmotairi/projects/care-services-cursor/src/app.module.ts": {"path":"/Users/ibrahimalmotairi/projects/care-services-cursor/src/app.module.ts","statementMap":{"0":{"start":{"line":1,"column":0},"end":{"line":1,"column":40}},"1":{"start":{"line":2,"column":0},"end":{"line":2,"column":61}},"2":{"start":{"line":3,"column":0},"end":{"line":3,"column":48}},"3":{"start":{"line":4,"column":0},"end":{"line":4,"column":52}},"4":{"start":{"line":5,"column":0},"end":{"line":5,"column":41}},"5":{"start":{"line":7,"column":0},"end":{"line":7,"column":48}},"6":{"start":{"line":8,"column":0},"end":{"line":8,"column":60}},"7":{"start":{"line":9,"column":0},"end":{"line":9,"column":60}},"8":{"start":{"line":10,"column":0},"end":{"line":10,"column":51}},"9":{"start":{"line":11,"column":0},"end":{"line":11,"column":60}},"10":{"start":{"line":12,"column":0},"end":{"line":12,"column":49}},"11":{"start":{"line":15,"column":0},"end":{"line":15,"column":55}},"12":{"start":{"line":16,"column":0},"end":{"line":16,"column":70}},"13":{"start":{"line":17,"column":0},"end":{"line":17,"column":64}},"14":{"start":{"line":18,"column":0},"end":{"line":18,"column":72}},"15":{"start":{"line":19,"column":0},"end":{"line":19,"column":64}},"16":{"start":{"line":20,"column":0},"end":{"line":20,"column":66}},"17":{"start":{"line":21,"column":0},"end":{"line":21,"column":78}},"18":{"start":{"line":22,"column":0},"end":{"line":22,"column":61}},"19":{"start":{"line":23,"column":0},"end":{"line":23,"column":78}},"20":{"start":{"line":24,"column":0},"end":{"line":24,"column":61}},"21":{"start":{"line":25,"column":0},"end":{"line":25,"column":88}},"22":{"start":{"line":26,"column":0},"end":{"line":26,"column":89}},"23":{"start":{"line":27,"column":0},"end":{"line":27,"column":59}},"24":{"start":{"line":28,"column":0},"end":{"line":28,"column":71}},"25":{"start":{"line":29,"column":0},"end":{"line":29,"column":61}},"26":{"start":{"line":31,"column":0},"end":{"line":31,"column":66}},"27":{"start":{"line":32,"column":0},"end":{"line":32,"column":88}},"28":{"start":{"line":33,"column":0},"end":{"line":33,"column":61}},"29":{"start":{"line":34,"column":0},"end":{"line":34,"column":78}},"30":{"start":{"line":37,"column":0},"end":{"line":37,"column":57}},"31":{"start":{"line":38,"column":0},"end":{"line":38,"column":63}},"32":{"start":{"line":106,"column":7},"end":{"line":106,"column":null}},"33":{"start":{"line":106,"column":13},"end":{"line":106,"column":22}},"34":{"start":{"line":106,"column":13},"end":{"line":106,"column":null}},"35":{"start":{"line":48,"column":53},"end":{"line":78,"column":8}},"36":{"start":{"line":83,"column":52},"end":{"line":88,"column":null}}},"fnMap":{"0":{"name":"(anonymous_1)","decl":{"start":{"line":48,"column":18},"end":{"line":48,"column":19}},"loc":{"start":{"line":48,"column":53},"end":{"line":78,"column":8}}},"1":{"name":"(anonymous_2)","decl":{"start":{"line":83,"column":18},"end":{"line":83,"column":19}},"loc":{"start":{"line":83,"column":52},"end":{"line":88,"column":null}}}},"branchMap":{"0":{"loc":{"start":{"line":85,"column":15},"end":{"line":85,"column":57}},"type":"binary-expr","locations":[{"start":{"line":85,"column":15},"end":{"line":85,"column":48}},{"start":{"line":85,"column":52},"end":{"line":85,"column":57}}]},"1":{"loc":{"start":{"line":86,"column":17},"end":{"line":86,"column":58}},"type":"binary-expr","locations":[{"start":{"line":86,"column":17},"end":{"line":86,"column":52}},{"start":{"line":86,"column":56},"end":{"line":86,"column":58}}]}},"s":{"0":0,"1":0,"2":0,"3":0,"4":0,"5":0,"6":0,"7":0,"8":0,"9":0,"10":0,"11":0,"12":0,"13":0,"14":0,"15":0,"16":0,"17":0,"18":0,"19":0,"20":0,"21":0,"22":0,"23":0,"24":0,"25":0,"26":0,"27":0,"28":0,"29":0,"30":0,"31":0,"32":0,"33":0,"34":0,"35":0,"36":0},"f":{"0":0,"1":0},"b":{"0":[0,0],"1":[0,0]}}
,"/Users/ibrahimalmotairi/projects/care-services-cursor/src/main.ts": {"path":"/Users/ibrahimalmotairi/projects/care-services-cursor/src/main.ts","statementMap":{"0":{"start":{"line":1,"column":0},"end":{"line":1,"column":43}},"1":{"start":{"line":2,"column":0},"end":{"line":2,"column":47}},"2":{"start":{"line":3,"column":0},"end":{"line":3,"column":56}},"3":{"start":{"line":4,"column":0},"end":{"line":4,"column":65}},"4":{"start":{"line":5,"column":0},"end":{"line":5,"column":28}},"5":{"start":{"line":6,"column":0},"end":{"line":6,"column":43}},"6":{"start":{"line":7,"column":0},"end":{"line":7,"column":43}},"7":{"start":{"line":8,"column":0},"end":{"line":8,"column":41}},"8":{"start":{"line":9,"column":0},"end":{"line":9,"column":35}},"9":{"start":{"line":10,"column":0},"end":{"line":10,"column":28}},"10":{"start":{"line":16,"column":0},"end":{"line":20,"column":1}},"11":{"start":{"line":17,"column":2},"end":{"line":17,"column":35}},"12":{"start":{"line":22,"column":0},"end":{"line":27,"column":1}},"13":{"start":{"line":23,"column":21},"end":{"line":23,"column":43}},"14":{"start":{"line":24,"column":2},"end":{"line":24,"column":33}},"15":{"start":{"line":30,"column":0},"end":{"line":30,"column":41}},"16":{"start":{"line":34,"column":17},"end":{"line":34,"column":40}},"17":{"start":{"line":37,"column":2},"end":{"line":44,"column":3}},"18":{"start":{"line":38,"column":4},"end":{"line":43,"column":5}},"19":{"start":{"line":39,"column":6},"end":{"line":39,"column":26}},"20":{"start":{"line":40,"column":6},"end":{"line":40,"column":46}},"21":{"start":{"line":42,"column":6},"end":{"line":42,"column":53}},"22":{"start":{"line":47,"column":14},"end":{"line":51,"column":4}},"23":{"start":{"line":54,"column":2},"end":{"line":54,"column":55}},"24":{"start":{"line":57,"column":24},"end":{"line":57,"column":46}},"25":{"start":{"line":60,"column":2},"end":{"line":78,"column":3}},"26":{"start":{"line":61,"column":4},"end":{"line":70,"column":7}},"27":{"start":{"line":73,"column":4},"end":{"line":73,"column":46}},"28":{"start":{"line":75,"column":4},"end":{"line":75,"column":46}},"29":{"start":{"line":77,"column":4},"end":{"line":77,"column":52}},"30":{"start":{"line":81,"column":2},"end":{"line":101,"column":3}},"31":{"start":{"line":82,"column":4},"end":{"line":97,"column":8}},"32":{"start":{"line":98,"column":4},"end":{"line":98,"column":46}},"33":{"start":{"line":100,"column":4},"end":{"line":100,"column":57}},"34":{"start":{"line":104,"column":2},"end":{"line":112,"column":5}},"35":{"start":{"line":113,"column":2},"end":{"line":113,"column":32}},"36":{"start":{"line":116,"column":2},"end":{"line":132,"column":3}},"37":{"start":{"line":117,"column":4},"end":{"line":131,"column":5}},"38":{"start":{"line":118,"column":6},"end":{"line":127,"column":10}},"39":{"start":{"line":122,"column":10},"end":{"line":124,"column":11}},"40":{"start":{"line":123,"column":12},"end":{"line":123,"column":25}},"41":{"start":{"line":125,"column":10},"end":{"line":125,"column":46}},"42":{"start":{"line":128,"column":6},"end":{"line":128,"column":49}},"43":{"start":{"line":130,"column":6},"end":{"line":130,"column":58}},"44":{"start":{"line":135,"column":2},"end":{"line":155,"column":3}},"45":{"start":{"line":136,"column":32},"end":{"line":150,"column":6}},"46":{"start":{"line":148,"column":8},"end":{"line":148,"column":65}},"47":{"start":{"line":151,"column":4},"end":{"line":151,"column":33}},"48":{"start":{"line":152,"column":4},"end":{"line":152,"column":43}},"49":{"start":{"line":154,"column":4},"end":{"line":154,"column":47}},"50":{"start":{"line":158,"column":2},"end":{"line":171,"column":3}},"51":{"start":{"line":159,"column":31},"end":{"line":166,"column":6}},"52":{"start":{"line":164,"column":8},"end":{"line":164,"column":65}},"53":{"start":{"line":167,"column":4},"end":{"line":167,"column":32}},"54":{"start":{"line":168,"column":4},"end":{"line":168,"column":50}},"55":{"start":{"line":170,"column":4},"end":{"line":170,"column":54}},"56":{"start":{"line":174,"column":2},"end":{"line":174,"column":43}},"57":{"start":{"line":175,"column":2},"end":{"line":175,"column":65}},"58":{"start":{"line":178,"column":2},"end":{"line":192,"column":4}},"59":{"start":{"line":193,"column":2},"end":{"line":193,"column":45}},"60":{"start":{"line":196,"column":2},"end":{"line":198,"column":5}},"61":{"start":{"line":201,"column":2},"end":{"line":228,"column":3}},"62":{"start":{"line":202,"column":4},"end":{"line":227,"column":5}},"63":{"start":{"line":203,"column":28},"end":{"line":213,"column":16}},"64":{"start":{"line":215,"column":23},"end":{"line":215,"column":71}},"65":{"start":{"line":216,"column":6},"end":{"line":223,"column":9}},"66":{"start":{"line":224,"column":6},"end":{"line":224,"column":65}},"67":{"start":{"line":226,"column":6},"end":{"line":226,"column":57}},"68":{"start":{"line":231,"column":21},"end":{"line":231,"column":55}},"69":{"start":{"line":232,"column":2},"end":{"line":251,"column":5}},"70":{"start":{"line":233,"column":4},"end":{"line":250,"column":5}},"71":{"start":{"line":234,"column":26},"end":{"line":242,"column":8}},"72":{"start":{"line":243,"column":6},"end":{"line":243,"column":40}},"73":{"start":{"line":245,"column":6},"end":{"line":249,"column":9}},"74":{"start":{"line":254,"column":2},"end":{"line":264,"column":3}},"75":{"start":{"line":255,"column":4},"end":{"line":262,"column":7}},"76":{"start":{"line":256,"column":6},"end":{"line":261,"column":7}},"77":{"start":{"line":257,"column":8},"end":{"line":257,"column":54}},"78":{"start":{"line":258,"column":8},"end":{"line":258,"column":42}},"79":{"start":{"line":260,"column":8},"end":{"line":260,"column":65}},"80":{"start":{"line":263,"column":4},"end":{"line":263,"column":59}},"81":{"start":{"line":267,"column":27},"end":{"line":282,"column":3}},"82":{"start":{"line":268,"column":4},"end":{"line":268,"column":68}},"83":{"start":{"line":270,"column":4},"end":{"line":273,"column":14}},"84":{"start":{"line":271,"column":6},"end":{"line":271,"column":55}},"85":{"start":{"line":272,"column":6},"end":{"line":272,"column":22}},"86":{"start":{"line":275,"column":4},"end":{"line":281,"column":7}},"87":{"start":{"line":276,"column":6},"end":{"line":276,"column":52}},"88":{"start":{"line":277,"column":6},"end":{"line":277,"column":22}},"89":{"start":{"line":279,"column":6},"end":{"line":279,"column":52}},"90":{"start":{"line":280,"column":6},"end":{"line":280,"column":22}},"91":{"start":{"line":285,"column":2},"end":{"line":285,"column":57}},"92":{"start":{"line":285,"column":29},"end":{"line":285,"column":55}},"93":{"start":{"line":286,"column":2},"end":{"line":286,"column":59}},"94":{"start":{"line":286,"column":30},"end":{"line":286,"column":57}},"95":{"start":{"line":289,"column":2},"end":{"line":295,"column":5}},"96":{"start":{"line":290,"column":4},"end":{"line":290,"column":47}},"97":{"start":{"line":291,"column":4},"end":{"line":293,"column":5}},"98":{"start":{"line":292,"column":6},"end":{"line":292,"column":37}},"99":{"start":{"line":294,"column":4},"end":{"line":294,"column":42}},"100":{"start":{"line":298,"column":2},"end":{"line":303,"column":5}},"101":{"start":{"line":299,"column":4},"end":{"line":299,"column":72}},"102":{"start":{"line":300,"column":4},"end":{"line":302,"column":5}},"103":{"start":{"line":301,"column":6},"end":{"line":301,"column":75}},"104":{"start":{"line":306,"column":2},"end":{"line":308,"column":3}},"105":{"start":{"line":307,"column":4},"end":{"line":307,"column":44}},"106":{"start":{"line":311,"column":15},"end":{"line":311,"column":46}},"107":{"start":{"line":312,"column":15},"end":{"line":312,"column":51}},"108":{"start":{"line":314,"column":2},"end":{"line":314,"column":31}},"109":{"start":{"line":317,"column":2},"end":{"line":317,"column":64}},"110":{"start":{"line":318,"column":2},"end":{"line":318,"column":73}},"111":{"start":{"line":319,"column":2},"end":{"line":319,"column":73}},"112":{"start":{"line":320,"column":2},"end":{"line":320,"column":63}},"113":{"start":{"line":322,"column":2},"end":{"line":324,"column":3}},"114":{"start":{"line":323,"column":4},"end":{"line":323,"column":61}},"115":{"start":{"line":326,"column":2},"end":{"line":328,"column":3}},"116":{"start":{"line":327,"column":4},"end":{"line":327,"column":72}},"117":{"start":{"line":331,"column":22},"end":{"line":331,"column":43}},"118":{"start":{"line":332,"column":2},"end":{"line":332,"column":95}},"119":{"start":{"line":333,"column":2},"end":{"line":333,"column":66}},"120":{"start":{"line":336,"column":2},"end":{"line":336,"column":34}},"121":{"start":{"line":337,"column":2},"end":{"line":337,"column":92}},"122":{"start":{"line":338,"column":2},"end":{"line":338,"column":37}},"123":{"start":{"line":339,"column":2},"end":{"line":339,"column":89}},"124":{"start":{"line":340,"column":2},"end":{"line":340,"column":66}},"125":{"start":{"line":341,"column":2},"end":{"line":341,"column":89}},"126":{"start":{"line":342,"column":2},"end":{"line":342,"column":87}},"127":{"start":{"line":345,"column":2},"end":{"line":367,"column":3}},"128":{"start":{"line":346,"column":28},"end":{"line":351,"column":6}},"129":{"start":{"line":353,"column":24},"end":{"line":353,"column":80}},"130":{"start":{"line":353,"column":58},"end":{"line":353,"column":79}},"131":{"start":{"line":355,"column":4},"end":{"line":360,"column":5}},"132":{"start":{"line":356,"column":6},"end":{"line":356,"column":90}},"133":{"start":{"line":357,"column":6},"end":{"line":357,"column":74}},"134":{"start":{"line":359,"column":6},"end":{"line":359,"column":65}},"135":{"start":{"line":363,"column":4},"end":{"line":363,"column":51}},"136":{"start":{"line":364,"column":4},"end":{"line":364,"column":75}},"137":{"start":{"line":365,"column":4},"end":{"line":365,"column":76}},"138":{"start":{"line":366,"column":4},"end":{"line":366,"column":67}},"139":{"start":{"line":369,"column":2},"end":{"line":369,"column":13}},"140":{"start":{"line":373,"column":0},"end":{"line":385,"column":1}},"141":{"start":{"line":374,"column":2},"end":{"line":384,"column":5}},"142":{"start":{"line":375,"column":19},"end":{"line":375,"column":42}},"143":{"start":{"line":376,"column":4},"end":{"line":376,"column":56}},"144":{"start":{"line":379,"column":4},"end":{"line":381,"column":5}},"145":{"start":{"line":380,"column":6},"end":{"line":380,"column":37}},"146":{"start":{"line":383,"column":4},"end":{"line":383,"column":20}}},"fnMap":{"0":{"name":"bootstrap","decl":{"start":{"line":33,"column":15},"end":{"line":33,"column":24}},"loc":{"start":{"line":33,"column":24},"end":{"line":370,"column":1}}},"1":{"name":"(anonymous_1)","decl":{"start":{"line":121,"column":16},"end":{"line":121,"column":17}},"loc":{"start":{"line":121,"column":29},"end":{"line":126,"column":9}}},"2":{"name":"(anonymous_2)","decl":{"start":{"line":146,"column":12},"end":{"line":146,"column":13}},"loc":{"start":{"line":146,"column":20},"end":{"line":149,"column":7}}},"3":{"name":"(anonymous_3)","decl":{"start":{"line":163,"column":12},"end":{"line":163,"column":13}},"loc":{"start":{"line":163,"column":20},"end":{"line":165,"column":7}}},"4":{"name":"(anonymous_4)","decl":{"start":{"line":232,"column":28},"end":{"line":232,"column":33}},"loc":{"start":{"line":232,"column":47},"end":{"line":251,"column":3}}},"5":{"name":"(anonymous_5)","decl":{"start":{"line":255,"column":31},"end":{"line":255,"column":36}},"loc":{"start":{"line":255,"column":50},"end":{"line":262,"column":5}}},"6":{"name":"(anonymous_6)","decl":{"start":{"line":267,"column":27},"end":{"line":267,"column":28}},"loc":{"start":{"line":267,"column":46},"end":{"line":282,"column":3}}},"7":{"name":"(anonymous_7)","decl":{"start":{"line":270,"column":15},"end":{"line":270,"column":18}},"loc":{"start":{"line":270,"column":20},"end":{"line":273,"column":5}}},"8":{"name":"(anonymous_8)","decl":{"start":{"line":275,"column":21},"end":{"line":275,"column":24}},"loc":{"start":{"line":275,"column":26},"end":{"line":278,"column":5}}},"9":{"name":"(anonymous_9)","decl":{"start":{"line":278,"column":13},"end":{"line":278,"column":14}},"loc":{"start":{"line":278,"column":23},"end":{"line":281,"column":5}}},"10":{"name":"(anonymous_10)","decl":{"start":{"line":285,"column":23},"end":{"line":285,"column":26}},"loc":{"start":{"line":285,"column":29},"end":{"line":285,"column":55}}},"11":{"name":"(anonymous_11)","decl":{"start":{"line":286,"column":24},"end":{"line":286,"column":27}},"loc":{"start":{"line":286,"column":30},"end":{"line":286,"column":57}}},"12":{"name":"(anonymous_12)","decl":{"start":{"line":289,"column":34},"end":{"line":289,"column":35}},"loc":{"start":{"line":289,"column":44},"end":{"line":295,"column":3}}},"13":{"name":"(anonymous_13)","decl":{"start":{"line":298,"column":35},"end":{"line":298,"column":36}},"loc":{"start":{"line":298,"column":55},"end":{"line":303,"column":3}}},"14":{"name":"(anonymous_14)","decl":{"start":{"line":353,"column":47},"end":{"line":353,"column":54}},"loc":{"start":{"line":353,"column":58},"end":{"line":353,"column":79}}},"15":{"name":"(anonymous_15)","decl":{"start":{"line":374,"column":20},"end":{"line":374,"column":21}},"loc":{"start":{"line":374,"column":30},"end":{"line":384,"column":3}}}},"branchMap":{"0":{"loc":{"start":{"line":37,"column":2},"end":{"line":44,"column":3}},"type":"if","locations":[{"start":{"line":37,"column":2},"end":{"line":44,"column":3}}]},"1":{"loc":{"start":{"line":37,"column":6},"end":{"line":37,"column":83}},"type":"binary-expr","locations":[{"start":{"line":37,"column":6},"end":{"line":37,"column":46}},{"start":{"line":37,"column":50},"end":{"line":37,"column":83}}]},"2":{"loc":{"start":{"line":48,"column":12},"end":{"line":50,"column":52}},"type":"cond-expr","locations":[{"start":{"line":49,"column":8},"end":{"line":49,"column":32}},{"start":{"line":50,"column":8},"end":{"line":50,"column":52}}]},"3":{"loc":{"start":{"line":60,"column":2},"end":{"line":78,"column":3}},"type":"if","locations":[{"start":{"line":60,"column":2},"end":{"line":78,"column":3}}]},"4":{"loc":{"start":{"line":60,"column":6},"end":{"line":60,"column":38}},"type":"binary-expr","locations":[{"start":{"line":60,"column":6},"end":{"line":60,"column":12}},{"start":{"line":60,"column":16},"end":{"line":60,"column":38}}]},"5":{"loc":{"start":{"line":63,"column":19},"end":{"line":63,"column":56}},"type":"binary-expr","locations":[{"start":{"line":63,"column":19},"end":{"line":63,"column":39}},{"start":{"line":63,"column":43},"end":{"line":63,"column":56}}]},"6":{"loc":{"start":{"line":64,"column":35},"end":{"line":64,"column":81}},"type":"binary-expr","locations":[{"start":{"line":64,"column":35},"end":{"line":64,"column":72}},{"start":{"line":64,"column":76},"end":{"line":64,"column":81}}]},"7":{"loc":{"start":{"line":105,"column":12},"end":{"line":107,"column":58}},"type":"cond-expr","locations":[{"start":{"line":106,"column":8},"end":{"line":106,"column":84}},{"start":{"line":107,"column":8},"end":{"line":107,"column":58}}]},"8":{"loc":{"start":{"line":106,"column":8},"end":{"line":106,"column":84}},"type":"binary-expr","locations":[{"start":{"line":106,"column":8},"end":{"line":106,"column":44}},{"start":{"line":106,"column":48},"end":{"line":106,"column":84}}]},"9":{"loc":{"start":{"line":116,"column":2},"end":{"line":132,"column":3}},"type":"if","locations":[{"start":{"line":116,"column":2},"end":{"line":132,"column":3}}]},"10":{"loc":{"start":{"line":119,"column":24},"end":{"line":119,"column":60}},"type":"binary-expr","locations":[{"start":{"line":119,"column":24},"end":{"line":119,"column":53}},{"start":{"line":119,"column":57},"end":{"line":119,"column":60}}]},"11":{"loc":{"start":{"line":120,"column":28},"end":{"line":120,"column":71}},"type":"binary-expr","locations":[{"start":{"line":120,"column":28},"end":{"line":120,"column":61}},{"start":{"line":120,"column":65},"end":{"line":120,"column":71}}]},"12":{"loc":{"start":{"line":122,"column":10},"end":{"line":124,"column":11}},"type":"if","locations":[{"start":{"line":122,"column":10},"end":{"line":124,"column":11}}]},"13":{"loc":{"start":{"line":137,"column":25},"end":{"line":137,"column":69}},"type":"binary-expr","locations":[{"start":{"line":137,"column":25},"end":{"line":137,"column":57}},{"start":{"line":137,"column":61},"end":{"line":137,"column":69}}]},"14":{"loc":{"start":{"line":138,"column":20},"end":{"line":138,"column":55}},"type":"binary-expr","locations":[{"start":{"line":138,"column":20},"end":{"line":138,"column":46}},{"start":{"line":138,"column":50},"end":{"line":138,"column":55}}]},"15":{"loc":{"start":{"line":142,"column":39},"end":{"line":142,"column":83}},"type":"binary-expr","locations":[{"start":{"line":142,"column":39},"end":{"line":142,"column":71}},{"start":{"line":142,"column":75},"end":{"line":142,"column":83}}]},"16":{"loc":{"start":{"line":148,"column":15},"end":{"line":148,"column":64}},"type":"binary-expr","locations":[{"start":{"line":148,"column":15},"end":{"line":148,"column":37}},{"start":{"line":148,"column":41},"end":{"line":148,"column":64}}]},"17":{"loc":{"start":{"line":160,"column":25},"end":{"line":160,"column":68}},"type":"binary-expr","locations":[{"start":{"line":160,"column":25},"end":{"line":160,"column":56}},{"start":{"line":160,"column":60},"end":{"line":160,"column":68}}]},"18":{"loc":{"start":{"line":161,"column":27},"end":{"line":161,"column":68}},"type":"binary-expr","locations":[{"start":{"line":161,"column":27},"end":{"line":161,"column":60}},{"start":{"line":161,"column":64},"end":{"line":161,"column":68}}]},"19":{"loc":{"start":{"line":162,"column":24},"end":{"line":162,"column":63}},"type":"binary-expr","locations":[{"start":{"line":162,"column":24},"end":{"line":162,"column":54}},{"start":{"line":162,"column":58},"end":{"line":162,"column":63}}]},"20":{"loc":{"start":{"line":164,"column":15},"end":{"line":164,"column":64}},"type":"binary-expr","locations":[{"start":{"line":164,"column":15},"end":{"line":164,"column":37}},{"start":{"line":164,"column":41},"end":{"line":164,"column":64}}]},"21":{"loc":{"start":{"line":201,"column":2},"end":{"line":228,"column":3}},"type":"if","locations":[{"start":{"line":201,"column":2},"end":{"line":228,"column":3}}]},"22":{"loc":{"start":{"line":239,"column":17},"end":{"line":239,"column":59}},"type":"binary-expr","locations":[{"start":{"line":239,"column":17},"end":{"line":239,"column":48}},{"start":{"line":239,"column":52},"end":{"line":239,"column":59}}]},"23":{"loc":{"start":{"line":254,"column":2},"end":{"line":264,"column":3}},"type":"if","locations":[{"start":{"line":254,"column":2},"end":{"line":264,"column":3}}]},"24":{"loc":{"start":{"line":254,"column":6},"end":{"line":254,"column":59}},"type":"binary-expr","locations":[{"start":{"line":254,"column":6},"end":{"line":254,"column":14}},{"start":{"line":254,"column":18},"end":{"line":254,"column":59}}]},"25":{"loc":{"start":{"line":291,"column":4},"end":{"line":293,"column":5}},"type":"if","locations":[{"start":{"line":291,"column":4},"end":{"line":293,"column":5}}]},"26":{"loc":{"start":{"line":291,"column":8},"end":{"line":291,"column":40}},"type":"binary-expr","locations":[{"start":{"line":291,"column":8},"end":{"line":291,"column":14}},{"start":{"line":291,"column":18},"end":{"line":291,"column":40}}]},"27":{"loc":{"start":{"line":300,"column":4},"end":{"line":302,"column":5}},"type":"if","locations":[{"start":{"line":300,"column":4},"end":{"line":302,"column":5}}]},"28":{"loc":{"start":{"line":300,"column":8},"end":{"line":300,"column":40}},"type":"binary-expr","locations":[{"start":{"line":300,"column":8},"end":{"line":300,"column":14}},{"start":{"line":300,"column":18},"end":{"line":300,"column":40}}]},"29":{"loc":{"start":{"line":306,"column":2},"end":{"line":308,"column":3}},"type":"if","locations":[{"start":{"line":306,"column":2},"end":{"line":308,"column":3}}]},"30":{"loc":{"start":{"line":306,"column":6},"end":{"line":306,"column":38}},"type":"binary-expr","locations":[{"start":{"line":306,"column":6},"end":{"line":306,"column":12}},{"start":{"line":306,"column":16},"end":{"line":306,"column":38}}]},"31":{"loc":{"start":{"line":319,"column":32},"end":{"line":319,"column":69}},"type":"binary-expr","locations":[{"start":{"line":319,"column":32},"end":{"line":319,"column":52}},{"start":{"line":319,"column":56},"end":{"line":319,"column":69}}]},"32":{"loc":{"start":{"line":322,"column":2},"end":{"line":324,"column":3}},"type":"if","locations":[{"start":{"line":322,"column":2},"end":{"line":324,"column":3}}]},"33":{"loc":{"start":{"line":322,"column":6},"end":{"line":322,"column":59}},"type":"binary-expr","locations":[{"start":{"line":322,"column":6},"end":{"line":322,"column":14}},{"start":{"line":322,"column":18},"end":{"line":322,"column":59}}]},"34":{"loc":{"start":{"line":326,"column":2},"end":{"line":328,"column":3}},"type":"if","locations":[{"start":{"line":326,"column":2},"end":{"line":328,"column":3}}]},"35":{"loc":{"start":{"line":337,"column":33},"end":{"line":337,"column":88}},"type":"cond-expr","locations":[{"start":{"line":337,"column":79},"end":{"line":337,"column":82}},{"start":{"line":337,"column":85},"end":{"line":337,"column":88}}]},"36":{"loc":{"start":{"line":339,"column":32},"end":{"line":339,"column":85}},"type":"cond-expr","locations":[{"start":{"line":339,"column":76},"end":{"line":339,"column":79}},{"start":{"line":339,"column":82},"end":{"line":339,"column":85}}]},"37":{"loc":{"start":{"line":340,"column":28},"end":{"line":340,"column":62}},"type":"cond-expr","locations":[{"start":{"line":340,"column":53},"end":{"line":340,"column":56}},{"start":{"line":340,"column":59},"end":{"line":340,"column":62}}]},"38":{"loc":{"start":{"line":341,"column":32},"end":{"line":341,"column":85}},"type":"cond-expr","locations":[{"start":{"line":341,"column":76},"end":{"line":341,"column":79}},{"start":{"line":341,"column":82},"end":{"line":341,"column":85}}]},"39":{"loc":{"start":{"line":342,"column":31},"end":{"line":342,"column":83}},"type":"cond-expr","locations":[{"start":{"line":342,"column":74},"end":{"line":342,"column":77}},{"start":{"line":342,"column":80},"end":{"line":342,"column":83}}]},"40":{"loc":{"start":{"line":345,"column":2},"end":{"line":367,"column":3}},"type":"if","locations":[{"start":{"line":345,"column":2},"end":{"line":367,"column":3}}]},"41":{"loc":{"start":{"line":355,"column":4},"end":{"line":360,"column":5}},"type":"if","locations":[{"start":{"line":355,"column":4},"end":{"line":360,"column":5}},{"start":{"line":358,"column":11},"end":{"line":360,"column":5}}]},"42":{"loc":{"start":{"line":364,"column":30},"end":{"line":364,"column":71}},"type":"cond-expr","locations":[{"start":{"line":364,"column":62},"end":{"line":364,"column":65}},{"start":{"line":364,"column":68},"end":{"line":364,"column":71}}]},"43":{"loc":{"start":{"line":365,"column":30},"end":{"line":365,"column":72}},"type":"cond-expr","locations":[{"start":{"line":365,"column":63},"end":{"line":365,"column":66}},{"start":{"line":365,"column":69},"end":{"line":365,"column":72}}]},"44":{"loc":{"start":{"line":366,"column":29},"end":{"line":366,"column":63}},"type":"cond-expr","locations":[{"start":{"line":366,"column":54},"end":{"line":366,"column":57}},{"start":{"line":366,"column":60},"end":{"line":366,"column":63}}]},"45":{"loc":{"start":{"line":373,"column":0},"end":{"line":385,"column":1}},"type":"if","locations":[{"start":{"line":373,"column":0},"end":{"line":385,"column":1}}]},"46":{"loc":{"start":{"line":379,"column":4},"end":{"line":381,"column":5}},"type":"if","locations":[{"start":{"line":379,"column":4},"end":{"line":381,"column":5}}]},"47":{"loc":{"start":{"line":379,"column":8},"end":{"line":379,"column":40}},"type":"binary-expr","locations":[{"start":{"line":379,"column":8},"end":{"line":379,"column":14}},{"start":{"line":379,"column":18},"end":{"line":379,"column":40}}]}},"s":{"0":0,"1":0,"2":0,"3":0,"4":0,"5":0,"6":0,"7":0,"8":0,"9":0,"10":0,"11":0,"12":0,"13":0,"14":0,"15":0,"16":0,"17":0,"18":0,"19":0,"20":0,"21":0,"22":0,"23":0,"24":0,"25":0,"26":0,"27":0,"28":0,"29":0,"30":0,"31":0,"32":0,"33":0,"34":0,"35":0,"36":0,"37":0,"38":0,"39":0,"40":0,"41":0,"42":0,"43":0,"44":0,"45":0,"46":0,"47":0,"48":0,"49":0,"50":0,"51":0,"52":0,"53":0,"54":0,"55":0,"56":0,"57":0,"58":0,"59":0,"60":0,"61":0,"62":0,"63":0,"64":0,"65":0,"66":0,"67":0,"68":0,"69":0,"70":0,"71":0,"72":0,"73":0,"74":0,"75":0,"76":0,"77":0,"78":0,"79":0,"80":0,"81":0,"82":0,"83":0,"84":0,"85":0,"86":0,"87":0,"88":0,"89":0,"90":0,"91":0,"92":0,"93":0,"94":0,"95":0,"96":0,"97":0,"98":0,"99":0,"100":0,"101":0,"102":0,"103":0,"104":0,"105":0,"106":0,"107":0,"108":0,"109":0,"110":0,"111":0,"112":0,"113":0,"114":0,"115":0,"116":0,"117":0,"118":0,"119":0,"120":0,"121":0,"122":0,"123":0,"124":0,"125":0,"126":0,"127":0,"128":0,"129":0,"130":0,"131":0,"132":0,"133":0,"134":0,"135":0,"136":0,"137":0,"138":0,"139":0,"140":0,"141":0,"142":0,"143":0,"144":0,"145":0,"146":0},"f":{"0":0,"1":0,"2":0,"3":0,"4":0,"5":0,"6":0,"7":0,"8":0,"9":0,"10":0,"11":0,"12":0,"13":0,"14":0,"15":0},"b":{"0":[0],"1":[0,0],"2":[0,0],"3":[0],"4":[0,0],"5":[0,0],"6":[0,0],"7":[0,0],"8":[0,0],"9":[0],"10":[0,0],"11":[0,0],"12":[0],"13":[0,0],"14":[0,0],"15":[0,0],"16":[0,0],"17":[0,0],"18":[0,0],"19":[0,0],"20":[0,0],"21":[0],"22":[0,0],"23":[0],"24":[0,0],"25":[0],"26":[0,0],"27":[0],"28":[0,0],"29":[0],"30":[0,0],"31":[0,0],"32":[0],"33":[0,0],"34":[0],"35":[0,0],"36":[0,0],"37":[0,0],"38":[0,0],"39":[0,0],"40":[0],"41":[0,0],"42":[0,0],"43":[0,0],"44":[0,0],"45":[0],"46":[0],"47":[0,0]}}
,"/Users/ibrahimalmotairi/projects/care-services-cursor/src/admin/admin.controller.ts": {"path":"/Users/ibrahimalmotairi/projects/care-services-cursor/src/admin/admin.controller.ts","statementMap":{"0":{"start":{"line":1,"column":0},"end":{"line":1,"column":null}},"1":{"start":{"line":15,"column":0},"end":{"line":15,"column":61}},"2":{"start":{"line":16,"column":0},"end":{"line":16,"column":56}},"3":{"start":{"line":17,"column":0},"end":{"line":17,"column":59}},"4":{"start":{"line":18,"column":0},"end":{"line":18,"column":65}},"5":{"start":{"line":21,"column":0},"end":{"line":21,"column":75}},"6":{"start":{"line":22,"column":0},"end":{"line":22,"column":86}},"7":{"start":{"line":25,"column":0},"end":{"line":25,"column":null}},"8":{"start":{"line":47,"column":7},"end":{"line":258,"column":null}},"9":{"start":{"line":49,"column":21},"end":{"line":49,"column":39}},"10":{"start":{"line":50,"column":21},"end":{"line":50,"column":44}},"11":{"start":{"line":57,"column":4},"end":{"line":57,"column":68}},"12":{"start":{"line":62,"column":4},"end":{"line":62,"column":66}},"13":{"start":{"line":67,"column":4},"end":{"line":67,"column":57}},"14":{"start":{"line":72,"column":4},"end":{"line":72,"column":68}},"15":{"start":{"line":82,"column":4},"end":{"line":82,"column":76}},"16":{"start":{"line":87,"column":4},"end":{"line":87,"column":66}},"17":{"start":{"line":95,"column":4},"end":{"line":95,"column":80}},"18":{"start":{"line":102,"column":4},"end":{"line":102,"column":61}},"19":{"start":{"line":107,"column":4},"end":{"line":107,"column":64}},"20":{"start":{"line":116,"column":20},"end":{"line":116,"column":31}},"21":{"start":{"line":117,"column":4},"end":{"line":117,"column":81}},"22":{"start":{"line":125,"column":20},"end":{"line":125,"column":31}},"23":{"start":{"line":126,"column":4},"end":{"line":126,"column":74}},"24":{"start":{"line":134,"column":20},"end":{"line":134,"column":31}},"25":{"start":{"line":135,"column":4},"end":{"line":135,"column":72}},"26":{"start":{"line":143,"column":20},"end":{"line":143,"column":31}},"27":{"start":{"line":144,"column":4},"end":{"line":144,"column":83}},"28":{"start":{"line":151,"column":4},"end":{"line":151,"column":77}},"29":{"start":{"line":160,"column":20},"end":{"line":160,"column":31}},"30":{"start":{"line":161,"column":4},"end":{"line":165,"column":6}},"31":{"start":{"line":174,"column":4},"end":{"line":174,"column":74}},"32":{"start":{"line":182,"column":4},"end":{"line":182,"column":74}},"33":{"start":{"line":190,"column":4},"end":{"line":190,"column":74}},"34":{"start":{"line":195,"column":4},"end":{"line":195,"column":74}},"35":{"start":{"line":203,"column":4},"end":{"line":203,"column":81}},"36":{"start":{"line":208,"column":4},"end":{"line":208,"column":80}},"37":{"start":{"line":213,"column":4},"end":{"line":213,"column":73}},"38":{"start":{"line":218,"column":4},"end":{"line":218,"column":73}},"39":{"start":{"line":223,"column":4},"end":{"line":223,"column":73}},"40":{"start":{"line":228,"column":4},"end":{"line":228,"column":73}},"41":{"start":{"line":233,"column":4},"end":{"line":233,"column":79}},"42":{"start":{"line":241,"column":4},"end":{"line":241,"column":79}},"43":{"start":{"line":246,"column":4},"end":{"line":246,"column":66}},"44":{"start":{"line":251,"column":4},"end":{"line":251,"column":70}},"45":{"start":{"line":256,"column":4},"end":{"line":256,"column":69}},"46":{"start":{"line":47,"column":13},"end":{"line":47,"column":28}},"47":{"start":{"line":56,"column":8},"end":{"line":58,"column":null}},"48":{"start":{"line":61,"column":8},"end":{"line":63,"column":null}},"49":{"start":{"line":66,"column":8},"end":{"line":68,"column":null}},"50":{"start":{"line":71,"column":8},"end":{"line":73,"column":null}},"51":{"start":{"line":78,"column":8},"end":{"line":83,"column":null}},"52":{"start":{"line":86,"column":8},"end":{"line":88,"column":null}},"53":{"start":{"line":91,"column":8},"end":{"line":96,"column":null}},"54":{"start":{"line":101,"column":8},"end":{"line":103,"column":null}},"55":{"start":{"line":106,"column":8},"end":{"line":108,"column":null}},"56":{"start":{"line":111,"column":8},"end":{"line":118,"column":null}},"57":{"start":{"line":121,"column":8},"end":{"line":127,"column":null}},"58":{"start":{"line":130,"column":8},"end":{"line":136,"column":null}},"59":{"start":{"line":139,"column":8},"end":{"line":145,"column":null}},"60":{"start":{"line":150,"column":8},"end":{"line":152,"column":null}},"61":{"start":{"line":155,"column":8},"end":{"line":166,"column":null}},"62":{"start":{"line":172,"column":8},"end":{"line":175,"column":null}},"63":{"start":{"line":178,"column":8},"end":{"line":183,"column":null}},"64":{"start":{"line":186,"column":8},"end":{"line":191,"column":null}},"65":{"start":{"line":194,"column":8},"end":{"line":196,"column":null}},"66":{"start":{"line":199,"column":8},"end":{"line":204,"column":null}},"67":{"start":{"line":207,"column":8},"end":{"line":209,"column":null}},"68":{"start":{"line":212,"column":8},"end":{"line":214,"column":null}},"69":{"start":{"line":217,"column":8},"end":{"line":219,"column":null}},"70":{"start":{"line":222,"column":8},"end":{"line":224,"column":null}},"71":{"start":{"line":227,"column":8},"end":{"line":229,"column":null}},"72":{"start":{"line":232,"column":8},"end":{"line":234,"column":null}},"73":{"start":{"line":237,"column":8},"end":{"line":242,"column":null}},"74":{"start":{"line":245,"column":8},"end":{"line":247,"column":null}},"75":{"start":{"line":250,"column":8},"end":{"line":252,"column":null}},"76":{"start":{"line":255,"column":8},"end":{"line":257,"column":null}},"77":{"start":{"line":47,"column":13},"end":{"line":258,"column":null}}},"fnMap":{"0":{"name":"(anonymous_4)","decl":{"start":{"line":48,"column":2},"end":{"line":48,"column":null}},"loc":{"start":{"line":50,"column":70},"end":{"line":51,"column":6}}},"1":{"name":"(anonymous_5)","decl":{"start":{"line":56,"column":2},"end":{"line":56,"column":7}},"loc":{"start":{"line":56,"column":61},"end":{"line":58,"column":3}}},"2":{"name":"(anonymous_6)","decl":{"start":{"line":61,"column":2},"end":{"line":61,"column":7}},"loc":{"start":{"line":61,"column":67},"end":{"line":63,"column":3}}},"3":{"name":"(anonymous_7)","decl":{"start":{"line":66,"column":2},"end":{"line":66,"column":7}},"loc":{"start":{"line":66,"column":23},"end":{"line":68,"column":3}}},"4":{"name":"(anonymous_8)","decl":{"start":{"line":71,"column":2},"end":{"line":71,"column":7}},"loc":{"start":{"line":71,"column":69},"end":{"line":73,"column":3}}},"5":{"name":"(anonymous_9)","decl":{"start":{"line":78,"column":2},"end":{"line":78,"column":7}},"loc":{"start":{"line":80,"column":46},"end":{"line":83,"column":3}}},"6":{"name":"(anonymous_10)","decl":{"start":{"line":86,"column":2},"end":{"line":86,"column":7}},"loc":{"start":{"line":86,"column":62},"end":{"line":88,"column":3}}},"7":{"name":"(anonymous_11)","decl":{"start":{"line":91,"column":2},"end":{"line":91,"column":7}},"loc":{"start":{"line":93,"column":41},"end":{"line":96,"column":3}}},"8":{"name":"(anonymous_12)","decl":{"start":{"line":101,"column":2},"end":{"line":101,"column":7}},"loc":{"start":{"line":101,"column":57},"end":{"line":103,"column":3}}},"9":{"name":"(anonymous_13)","decl":{"start":{"line":106,"column":2},"end":{"line":106,"column":7}},"loc":{"start":{"line":106,"column":51},"end":{"line":108,"column":3}}},"10":{"name":"(anonymous_14)","decl":{"start":{"line":111,"column":2},"end":{"line":111,"column":7}},"loc":{"start":{"line":114,"column":34},"end":{"line":118,"column":3}}},"11":{"name":"(anonymous_15)","decl":{"start":{"line":121,"column":2},"end":{"line":121,"column":7}},"loc":{"start":{"line":123,"column":35},"end":{"line":127,"column":3}}},"12":{"name":"(anonymous_16)","decl":{"start":{"line":130,"column":2},"end":{"line":130,"column":7}},"loc":{"start":{"line":132,"column":35},"end":{"line":136,"column":3}}},"13":{"name":"(anonymous_17)","decl":{"start":{"line":139,"column":2},"end":{"line":139,"column":7}},"loc":{"start":{"line":141,"column":41},"end":{"line":145,"column":3}}},"14":{"name":"(anonymous_18)","decl":{"start":{"line":150,"column":2},"end":{"line":150,"column":7}},"loc":{"start":{"line":150,"column":53},"end":{"line":152,"column":3}}},"15":{"name":"(anonymous_19)","decl":{"start":{"line":155,"column":2},"end":{"line":155,"column":7}},"loc":{"start":{"line":158,"column":44},"end":{"line":166,"column":3}}},"16":{"name":"(anonymous_20)","decl":{"start":{"line":172,"column":2},"end":{"line":172,"column":7}},"loc":{"start":{"line":172,"column":53},"end":{"line":175,"column":3}}},"17":{"name":"(anonymous_21)","decl":{"start":{"line":178,"column":2},"end":{"line":178,"column":7}},"loc":{"start":{"line":180,"column":44},"end":{"line":183,"column":3}}},"18":{"name":"(anonymous_22)","decl":{"start":{"line":186,"column":2},"end":{"line":186,"column":7}},"loc":{"start":{"line":188,"column":44},"end":{"line":191,"column":3}}},"19":{"name":"(anonymous_23)","decl":{"start":{"line":194,"column":2},"end":{"line":194,"column":7}},"loc":{"start":{"line":194,"column":75},"end":{"line":196,"column":3}}},"20":{"name":"(anonymous_24)","decl":{"start":{"line":199,"column":2},"end":{"line":199,"column":7}},"loc":{"start":{"line":201,"column":46},"end":{"line":204,"column":3}}},"21":{"name":"(anonymous_25)","decl":{"start":{"line":207,"column":2},"end":{"line":207,"column":7}},"loc":{"start":{"line":207,"column":27},"end":{"line":209,"column":3}}},"22":{"name":"(anonymous_26)","decl":{"start":{"line":212,"column":2},"end":{"line":212,"column":7}},"loc":{"start":{"line":212,"column":66},"end":{"line":214,"column":3}}},"23":{"name":"(anonymous_27)","decl":{"start":{"line":217,"column":2},"end":{"line":217,"column":7}},"loc":{"start":{"line":217,"column":58},"end":{"line":219,"column":3}}},"24":{"name":"(anonymous_28)","decl":{"start":{"line":222,"column":2},"end":{"line":222,"column":7}},"loc":{"start":{"line":222,"column":69},"end":{"line":224,"column":3}}},"25":{"name":"(anonymous_29)","decl":{"start":{"line":227,"column":2},"end":{"line":227,"column":7}},"loc":{"start":{"line":227,"column":27},"end":{"line":229,"column":3}}},"26":{"name":"(anonymous_30)","decl":{"start":{"line":232,"column":2},"end":{"line":232,"column":7}},"loc":{"start":{"line":232,"column":65},"end":{"line":234,"column":3}}},"27":{"name":"(anonymous_31)","decl":{"start":{"line":237,"column":2},"end":{"line":237,"column":7}},"loc":{"start":{"line":239,"column":45},"end":{"line":242,"column":3}}},"28":{"name":"(anonymous_32)","decl":{"start":{"line":245,"column":2},"end":{"line":245,"column":7}},"loc":{"start":{"line":245,"column":41},"end":{"line":247,"column":3}}},"29":{"name":"(anonymous_33)","decl":{"start":{"line":250,"column":2},"end":{"line":250,"column":7}},"loc":{"start":{"line":250,"column":42},"end":{"line":252,"column":3}}},"30":{"name":"(anonymous_34)","decl":{"start":{"line":255,"column":2},"end":{"line":255,"column":7}},"loc":{"start":{"line":255,"column":23},"end":{"line":257,"column":3}}}},"branchMap":{},"s":{"0":0,"1":0,"2":0,"3":0,"4":0,"5":0,"6":0,"7":0,"8":0,"9":0,"10":0,"11":0,"12":0,"13":0,"14":0,"15":0,"16":0,"17":0,"18":0,"19":0,"20":0,"21":0,"22":0,"23":0,"24":0,"25":0,"26":0,"27":0,"28":0,"29":0,"30":0,"31":0,"32":0,"33":0,"34":0,"35":0,"36":0,"37":0,"38":0,"39":0,"40":0,"41":0,"42":0,"43":0,"44":0,"45":0,"46":0,"47":0,"48":0,"49":0,"50":0,"51":0,"52":0,"53":0,"54":0,"55":0,"56":0,"57":0,"58":0,"59":0,"60":0,"61":0,"62":0,"63":0,"64":0,"65":0,"66":0,"67":0,"68":0,"69":0,"70":0,"71":0,"72":0,"73":0,"74":0,"75":0,"76":0,"77":0},"f":{"0":0,"1":0,"2":0,"3":0,"4":0,"5":0,"6":0,"7":0,"8":0,"9":0,"10":0,"11":0,"12":0,"13":0,"14":0,"15":0,"16":0,"17":0,"18":0,"19":0,"20":0,"21":0,"22":0,"23":0,"24":0,"25":0,"26":0,"27":0,"28":0,"29":0,"30":0},"b":{}}
,"/Users/ibrahimalmotairi/projects/care-services-cursor/src/admin/admin.module.ts": {"path":"/Users/ibrahimalmotairi/projects/care-services-cursor/src/admin/admin.module.ts","statementMap":{"0":{"start":{"line":1,"column":0},"end":{"line":1,"column":40}},"1":{"start":{"line":2,"column":0},"end":{"line":2,"column":48}},"2":{"start":{"line":5,"column":0},"end":{"line":5,"column":49}},"3":{"start":{"line":6,"column":0},"end":{"line":6,"column":64}},"4":{"start":{"line":9,"column":0},"end":{"line":9,"column":53}},"5":{"start":{"line":12,"column":0},"end":{"line":12,"column":75}},"6":{"start":{"line":13,"column":0},"end":{"line":13,"column":86}},"7":{"start":{"line":16,"column":0},"end":{"line":16,"column":56}},"8":{"start":{"line":17,"column":0},"end":{"line":17,"column":65}},"9":{"start":{"line":18,"column":0},"end":{"line":18,"column":71}},"10":{"start":{"line":19,"column":0},"end":{"line":19,"column":79}},"11":{"start":{"line":20,"column":0},"end":{"line":20,"column":79}},"12":{"start":{"line":21,"column":0},"end":{"line":21,"column":62}},"13":{"start":{"line":22,"column":0},"end":{"line":22,"column":62}},"14":{"start":{"line":23,"column":0},"end":{"line":23,"column":60}},"15":{"start":{"line":24,"column":0},"end":{"line":24,"column":67}},"16":{"start":{"line":25,"column":0},"end":{"line":25,"column":89}},"17":{"start":{"line":26,"column":0},"end":{"line":26,"column":62}},"18":{"start":{"line":27,"column":0},"end":{"line":27,"column":79}},"19":{"start":{"line":67,"column":7},"end":{"line":67,"column":null}},"20":{"start":{"line":67,"column":13},"end":{"line":67,"column":24}},"21":{"start":{"line":67,"column":13},"end":{"line":67,"column":null}}},"fnMap":{},"branchMap":{},"s":{"0":0,"1":0,"2":0,"3":0,"4":0,"5":0,"6":0,"7":0,"8":0,"9":0,"10":0,"11":0,"12":0,"13":0,"14":0,"15":0,"16":0,"17":0,"18":0,"19":0,"20":0,"21":0},"f":{},"b":{}}
,"/Users/ibrahimalmotairi/projects/care-services-cursor/src/admin/admin.service.ts": {"path":"/Users/ibrahimalmotairi/projects/care-services-cursor/src/admin/admin.service.ts","statementMap":{"0":{"start":{"line":1,"column":0},"end":{"line":1,"column":82}},"1":{"start":{"line":2,"column":0},"end":{"line":2,"column":51}},"2":{"start":{"line":3,"column":0},"end":{"line":3,"column":37}},"3":{"start":{"line":4,"column":0},"end":{"line":4,"column":79}},"4":{"start":{"line":5,"column":0},"end":{"line":5,"column":79}},"5":{"start":{"line":6,"column":0},"end":{"line":6,"column":62}},"6":{"start":{"line":7,"column":0},"end":{"line":7,"column":56}},"7":{"start":{"line":11,"column":7},"end":{"line":244,"column":null}},"8":{"start":{"line":14,"column":12},"end":{"line":14,"column":32}},"9":{"start":{"line":16,"column":12},"end":{"line":16,"column":32}},"10":{"start":{"line":18,"column":12},"end":{"line":18,"column":31}},"11":{"start":{"line":20,"column":12},"end":{"line":20,"column":28}},"12":{"start":{"line":26,"column":29},"end":{"line":28,"column":6}},"13":{"start":{"line":30,"column":4},"end":{"line":32,"column":5}},"14":{"start":{"line":31,"column":6},"end":{"line":31,"column":76}},"15":{"start":{"line":35,"column":25},"end":{"line":38,"column":18}},"16":{"start":{"line":40,"column":21},"end":{"line":43,"column":6}},"17":{"start":{"line":45,"column":4},"end":{"line":45,"column":56}},"18":{"start":{"line":49,"column":21},"end":{"line":49,"column":77}},"19":{"start":{"line":51,"column":4},"end":{"line":53,"column":5}},"20":{"start":{"line":52,"column":6},"end":{"line":52,"column":56}},"21":{"start":{"line":56,"column":4},"end":{"line":64,"column":5}},"22":{"start":{"line":57,"column":31},"end":{"line":59,"column":8}},"23":{"start":{"line":61,"column":6},"end":{"line":63,"column":7}},"24":{"start":{"line":62,"column":8},"end":{"line":62,"column":78}},"25":{"start":{"line":66,"column":4},"end":{"line":66,"column":47}},"26":{"start":{"line":67,"column":4},"end":{"line":67,"column":56}},"27":{"start":{"line":71,"column":21},"end":{"line":71,"column":77}},"28":{"start":{"line":73,"column":4},"end":{"line":75,"column":5}},"29":{"start":{"line":74,"column":6},"end":{"line":74,"column":56}},"30":{"start":{"line":78,"column":26},"end":{"line":80,"column":6}},"31":{"start":{"line":82,"column":4},"end":{"line":84,"column":5}},"32":{"start":{"line":83,"column":6},"end":{"line":83,"column":121}},"33":{"start":{"line":86,"column":4},"end":{"line":86,"column":51}},"34":{"start":{"line":90,"column":4},"end":{"line":92,"column":7}},"35":{"start":{"line":97,"column":31},"end":{"line":102,"column":6}},"36":{"start":{"line":104,"column":4},"end":{"line":110,"column":6}},"37":{"start":{"line":114,"column":21},"end":{"line":116,"column":6}},"38":{"start":{"line":118,"column":4},"end":{"line":120,"column":5}},"39":{"start":{"line":119,"column":6},"end":{"line":119,"column":56}},"40":{"start":{"line":122,"column":4},"end":{"line":122,"column":31}},"41":{"start":{"line":123,"column":4},"end":{"line":123,"column":56}},"42":{"start":{"line":127,"column":21},"end":{"line":129,"column":6}},"43":{"start":{"line":131,"column":4},"end":{"line":133,"column":5}},"44":{"start":{"line":132,"column":6},"end":{"line":132,"column":56}},"45":{"start":{"line":135,"column":4},"end":{"line":135,"column":30}},"46":{"start":{"line":136,"column":4},"end":{"line":136,"column":56}},"47":{"start":{"line":140,"column":21},"end":{"line":142,"column":6}},"48":{"start":{"line":144,"column":4},"end":{"line":146,"column":5}},"49":{"start":{"line":145,"column":6},"end":{"line":145,"column":56}},"50":{"start":{"line":148,"column":4},"end":{"line":148,"column":29}},"51":{"start":{"line":149,"column":4},"end":{"line":149,"column":56}},"52":{"start":{"line":154,"column":27},"end":{"line":159,"column":6}},"53":{"start":{"line":161,"column":4},"end":{"line":167,"column":6}},"54":{"start":{"line":171,"column":17},"end":{"line":174,"column":6}},"55":{"start":{"line":176,"column":4},"end":{"line":178,"column":5}},"56":{"start":{"line":177,"column":6},"end":{"line":177,"column":52}},"57":{"start":{"line":181,"column":20},"end":{"line":181,"column":87}},"58":{"start":{"line":181,"column":44},"end":{"line":181,"column":86}},"59":{"start":{"line":182,"column":4},"end":{"line":184,"column":5}},"60":{"start":{"line":183,"column":6},"end":{"line":183,"column":91}},"61":{"start":{"line":186,"column":4},"end":{"line":186,"column":26}},"62":{"start":{"line":187,"column":4},"end":{"line":187,"column":48}},"63":{"start":{"line":191,"column":17},"end":{"line":193,"column":6}},"64":{"start":{"line":195,"column":4},"end":{"line":197,"column":5}},"65":{"start":{"line":196,"column":6},"end":{"line":196,"column":52}},"66":{"start":{"line":199,"column":4},"end":{"line":199,"column":25}},"67":{"start":{"line":200,"column":4},"end":{"line":200,"column":48}},"68":{"start":{"line":204,"column":17},"end":{"line":206,"column":6}},"69":{"start":{"line":208,"column":4},"end":{"line":210,"column":5}},"70":{"start":{"line":209,"column":6},"end":{"line":209,"column":52}},"71":{"start":{"line":212,"column":4},"end":{"line":212,"column":27}},"72":{"start":{"line":213,"column":4},"end":{"line":213,"column":48}},"73":{"start":{"line":225,"column":8},"end":{"line":232,"column":6}},"74":{"start":{"line":234,"column":4},"end":{"line":242,"column":6}},"75":{"start":{"line":11,"column":13},"end":{"line":11,"column":25}},"76":{"start":{"line":11,"column":13},"end":{"line":244,"column":null}}},"fnMap":{"0":{"name":"(anonymous_4)","decl":{"start":{"line":12,"column":2},"end":{"line":12,"column":null}},"loc":{"start":{"line":20,"column":44},"end":{"line":21,"column":6}}},"1":{"name":"(anonymous_5)","decl":{"start":{"line":24,"column":2},"end":{"line":24,"column":7}},"loc":{"start":{"line":24,"column":80},"end":{"line":46,"column":3}}},"2":{"name":"(anonymous_6)","decl":{"start":{"line":48,"column":2},"end":{"line":48,"column":7}},"loc":{"start":{"line":48,"column":71},"end":{"line":68,"column":3}}},"3":{"name":"(anonymous_7)","decl":{"start":{"line":70,"column":2},"end":{"line":70,"column":7}},"loc":{"start":{"line":70,"column":33},"end":{"line":87,"column":3}}},"4":{"name":"(anonymous_8)","decl":{"start":{"line":89,"column":2},"end":{"line":89,"column":7}},"loc":{"start":{"line":89,"column":24},"end":{"line":93,"column":3}}},"5":{"name":"(anonymous_9)","decl":{"start":{"line":96,"column":2},"end":{"line":96,"column":7}},"loc":{"start":{"line":96,"column":60},"end":{"line":111,"column":3}}},"6":{"name":"(anonymous_10)","decl":{"start":{"line":113,"column":2},"end":{"line":113,"column":7}},"loc":{"start":{"line":113,"column":41},"end":{"line":124,"column":3}}},"7":{"name":"(anonymous_11)","decl":{"start":{"line":126,"column":2},"end":{"line":126,"column":7}},"loc":{"start":{"line":126,"column":45},"end":{"line":137,"column":3}}},"8":{"name":"(anonymous_12)","decl":{"start":{"line":139,"column":2},"end":{"line":139,"column":7}},"loc":{"start":{"line":139,"column":43},"end":{"line":150,"column":3}}},"9":{"name":"(anonymous_13)","decl":{"start":{"line":153,"column":2},"end":{"line":153,"column":7}},"loc":{"start":{"line":153,"column":56},"end":{"line":168,"column":3}}},"10":{"name":"(anonymous_14)","decl":{"start":{"line":170,"column":2},"end":{"line":170,"column":7}},"loc":{"start":{"line":170,"column":37},"end":{"line":188,"column":3}}},"11":{"name":"(anonymous_15)","decl":{"start":{"line":181,"column":36},"end":{"line":181,"column":40}},"loc":{"start":{"line":181,"column":44},"end":{"line":181,"column":86}}},"12":{"name":"(anonymous_16)","decl":{"start":{"line":190,"column":2},"end":{"line":190,"column":7}},"loc":{"start":{"line":190,"column":35},"end":{"line":201,"column":3}}},"13":{"name":"(anonymous_17)","decl":{"start":{"line":203,"column":2},"end":{"line":203,"column":7}},"loc":{"start":{"line":203,"column":33},"end":{"line":214,"column":3}}},"14":{"name":"(anonymous_18)","decl":{"start":{"line":217,"column":2},"end":{"line":217,"column":7}},"loc":{"start":{"line":217,"column":24},"end":{"line":243,"column":3}}}},"branchMap":{"0":{"loc":{"start":{"line":30,"column":4},"end":{"line":32,"column":5}},"type":"if","locations":[{"start":{"line":30,"column":4},"end":{"line":32,"column":5}}]},"1":{"loc":{"start":{"line":42,"column":18},"end":{"line":42,"column":44}},"type":"binary-expr","locations":[{"start":{"line":42,"column":18},"end":{"line":42,"column":39}},{"start":{"line":42,"column":43},"end":{"line":42,"column":44}}]},"2":{"loc":{"start":{"line":51,"column":4},"end":{"line":53,"column":5}},"type":"if","locations":[{"start":{"line":51,"column":4},"end":{"line":53,"column":5}}]},"3":{"loc":{"start":{"line":56,"column":4},"end":{"line":64,"column":5}},"type":"if","locations":[{"start":{"line":56,"column":4},"end":{"line":64,"column":5}}]},"4":{"loc":{"start":{"line":56,"column":8},"end":{"line":56,"column":74}},"type":"binary-expr","locations":[{"start":{"line":56,"column":8},"end":{"line":56,"column":30}},{"start":{"line":56,"column":34},"end":{"line":56,"column":74}}]},"5":{"loc":{"start":{"line":61,"column":6},"end":{"line":63,"column":7}},"type":"if","locations":[{"start":{"line":61,"column":6},"end":{"line":63,"column":7}}]},"6":{"loc":{"start":{"line":73,"column":4},"end":{"line":75,"column":5}},"type":"if","locations":[{"start":{"line":73,"column":4},"end":{"line":75,"column":5}}]},"7":{"loc":{"start":{"line":82,"column":4},"end":{"line":84,"column":5}},"type":"if","locations":[{"start":{"line":82,"column":4},"end":{"line":84,"column":5}}]},"8":{"loc":{"start":{"line":96,"column":24},"end":{"line":96,"column":40}},"type":"default-arg","locations":[{"start":{"line":96,"column":39},"end":{"line":96,"column":40}}]},"9":{"loc":{"start":{"line":96,"column":42},"end":{"line":96,"column":60}},"type":"default-arg","locations":[{"start":{"line":96,"column":58},"end":{"line":96,"column":60}}]},"10":{"loc":{"start":{"line":118,"column":4},"end":{"line":120,"column":5}},"type":"if","locations":[{"start":{"line":118,"column":4},"end":{"line":120,"column":5}}]},"11":{"loc":{"start":{"line":131,"column":4},"end":{"line":133,"column":5}},"type":"if","locations":[{"start":{"line":131,"column":4},"end":{"line":133,"column":5}}]},"12":{"loc":{"start":{"line":144,"column":4},"end":{"line":146,"column":5}},"type":"if","locations":[{"start":{"line":144,"column":4},"end":{"line":146,"column":5}}]},"13":{"loc":{"start":{"line":153,"column":20},"end":{"line":153,"column":36}},"type":"default-arg","locations":[{"start":{"line":153,"column":35},"end":{"line":153,"column":36}}]},"14":{"loc":{"start":{"line":153,"column":38},"end":{"line":153,"column":56}},"type":"default-arg","locations":[{"start":{"line":153,"column":54},"end":{"line":153,"column":56}}]},"15":{"loc":{"start":{"line":176,"column":4},"end":{"line":178,"column":5}},"type":"if","locations":[{"start":{"line":176,"column":4},"end":{"line":178,"column":5}}]},"16":{"loc":{"start":{"line":181,"column":44},"end":{"line":181,"column":86}},"type":"binary-expr","locations":[{"start":{"line":181,"column":44},"end":{"line":181,"column":69}},{"start":{"line":181,"column":73},"end":{"line":181,"column":86}}]},"17":{"loc":{"start":{"line":182,"column":4},"end":{"line":184,"column":5}},"type":"if","locations":[{"start":{"line":182,"column":4},"end":{"line":184,"column":5}}]},"18":{"loc":{"start":{"line":195,"column":4},"end":{"line":197,"column":5}},"type":"if","locations":[{"start":{"line":195,"column":4},"end":{"line":197,"column":5}}]},"19":{"loc":{"start":{"line":208,"column":4},"end":{"line":210,"column":5}},"type":"if","locations":[{"start":{"line":208,"column":4},"end":{"line":210,"column":5}}]},"20":{"loc":{"start":{"line":241,"column":24},"end":{"line":241,"column":102}},"type":"cond-expr","locations":[{"start":{"line":241,"column":45},"end":{"line":241,"column":98}},{"start":{"line":241,"column":101},"end":{"line":241,"column":102}}]}},"s":{"0":0,"1":0,"2":0,"3":0,"4":0,"5":0,"6":0,"7":0,"8":0,"9":0,"10":0,"11":0,"12":0,"13":0,"14":0,"15":0,"16":0,"17":0,"18":0,"19":0,"20":0,"21":0,"22":0,"23":0,"24":0,"25":0,"26":0,"27":0,"28":0,"29":0,"30":0,"31":0,"32":0,"33":0,"34":0,"35":0,"36":0,"37":0,"38":0,"39":0,"40":0,"41":0,"42":0,"43":0,"44":0,"45":0,"46":0,"47":0,"48":0,"49":0,"50":0,"51":0,"52":0,"53":0,"54":0,"55":0,"56":0,"57":0,"58":0,"59":0,"60":0,"61":0,"62":0,"63":0,"64":0,"65":0,"66":0,"67":0,"68":0,"69":0,"70":0,"71":0,"72":0,"73":0,"74":0,"75":0,"76":0},"f":{"0":0,"1":0,"2":0,"3":0,"4":0,"5":0,"6":0,"7":0,"8":0,"9":0,"10":0,"11":0,"12":0,"13":0,"14":0},"b":{"0":[0],"1":[0,0],"2":[0],"3":[0],"4":[0,0],"5":[0],"6":[0],"7":[0],"8":[0],"9":[0],"10":[0],"11":[0],"12":[0],"13":[0],"14":[0],"15":[0],"16":[0,0],"17":[0],"18":[0],"19":[0],"20":[0,0]}}
,"/Users/ibrahimalmotairi/projects/care-services-cursor/src/admin/dto/admin.dto.ts": {"path":"/Users/ibrahimalmotairi/projects/care-services-cursor/src/admin/dto/admin.dto.ts","statementMap":{"0":{"start":{"line":1,"column":0},"end":{"line":1,"column":144}},"1":{"start":{"line":2,"column":0},"end":{"line":2,"column":46}},"2":{"start":{"line":3,"column":0},"end":{"line":3,"column":71}},"3":{"start":{"line":4,"column":0},"end":{"line":4,"column":90}},"4":{"start":{"line":5,"column":0},"end":{"line":5,"column":71}},"5":{"start":{"line":8,"column":0},"end":{"line":8,"column":13}},"6":{"start":{"line":10,"column":2},"end":{"line":10,"column":null}},"7":{"start":{"line":13,"column":2},"end":{"line":13,"column":null}},"8":{"start":{"line":16,"column":2},"end":{"line":16,"column":null}},"9":{"start":{"line":20,"column":2},"end":{"line":20,"column":null}},"10":{"start":{"line":23,"column":0},"end":{"line":23,"column":13}},"11":{"start":{"line":26,"column":2},"end":{"line":26,"column":null}},"12":{"start":{"line":30,"column":2},"end":{"line":30,"column":null}},"13":{"start":{"line":34,"column":2},"end":{"line":34,"column":null}},"14":{"start":{"line":38,"column":0},"end":{"line":38,"column":13}},"15":{"start":{"line":41,"column":2},"end":{"line":41,"column":null}},"16":{"start":{"line":45,"column":2},"end":{"line":45,"column":null}},"17":{"start":{"line":49,"column":2},"end":{"line":49,"column":null}},"18":{"start":{"line":78,"column":2},"end":{"line":78,"column":20}},"19":{"start":{"line":85,"column":2},"end":{"line":85,"column":22}},"20":{"start":{"line":53,"column":0},"end":{"line":53,"column":13}},"21":{"start":{"line":56,"column":2},"end":{"line":56,"column":null}},"22":{"start":{"line":60,"column":2},"end":{"line":60,"column":null}},"23":{"start":{"line":64,"column":2},"end":{"line":64,"column":null}},"24":{"start":{"line":68,"column":2},"end":{"line":68,"column":null}},"25":{"start":{"line":72,"column":2},"end":{"line":72,"column":null}},"26":{"start":{"line":78,"column":2},"end":{"line":78,"column":null}},"27":{"start":{"line":75,"column":28},"end":{"line":75,"column":43}},"28":{"start":{"line":85,"column":2},"end":{"line":85,"column":null}},"29":{"start":{"line":81,"column":28},"end":{"line":81,"column":43}},"30":{"start":{"line":88,"column":0},"end":{"line":88,"column":13}},"31":{"start":{"line":91,"column":2},"end":{"line":91,"column":null}},"32":{"start":{"line":94,"column":2},"end":{"line":94,"column":null}},"33":{"start":{"line":98,"column":2},"end":{"line":98,"column":null}},"34":{"start":{"line":102,"column":0},"end":{"line":102,"column":13}},"35":{"start":{"line":104,"column":2},"end":{"line":104,"column":null}},"36":{"start":{"line":107,"column":2},"end":{"line":107,"column":null}},"37":{"start":{"line":110,"column":2},"end":{"line":114,"column":null}},"38":{"start":{"line":118,"column":2},"end":{"line":118,"column":null}},"39":{"start":{"line":121,"column":0},"end":{"line":121,"column":13}},"40":{"start":{"line":123,"column":2},"end":{"line":123,"column":null}},"41":{"start":{"line":127,"column":2},"end":{"line":127,"column":null}},"42":{"start":{"line":160,"column":2},"end":{"line":160,"column":20}},"43":{"start":{"line":167,"column":2},"end":{"line":167,"column":22}},"44":{"start":{"line":131,"column":0},"end":{"line":131,"column":13}},"45":{"start":{"line":134,"column":2},"end":{"line":134,"column":null}},"46":{"start":{"line":138,"column":2},"end":{"line":138,"column":null}},"47":{"start":{"line":142,"column":2},"end":{"line":142,"column":null}},"48":{"start":{"line":146,"column":2},"end":{"line":146,"column":null}},"49":{"start":{"line":150,"column":2},"end":{"line":150,"column":null}},"50":{"start":{"line":154,"column":2},"end":{"line":154,"column":null}},"51":{"start":{"line":160,"column":2},"end":{"line":160,"column":null}},"52":{"start":{"line":157,"column":28},"end":{"line":157,"column":43}},"53":{"start":{"line":167,"column":2},"end":{"line":167,"column":null}},"54":{"start":{"line":163,"column":28},"end":{"line":163,"column":43}},"55":{"start":{"line":170,"column":0},"end":{"line":170,"column":13}},"56":{"start":{"line":172,"column":2},"end":{"line":172,"column":null}},"57":{"start":{"line":175,"column":0},"end":{"line":175,"column":13}},"58":{"start":{"line":177,"column":2},"end":{"line":177,"column":null}},"59":{"start":{"line":180,"column":2},"end":{"line":180,"column":null}},"60":{"start":{"line":184,"column":0},"end":{"line":184,"column":13}},"61":{"start":{"line":186,"column":2},"end":{"line":186,"column":null}},"62":{"start":{"line":191,"column":2},"end":{"line":191,"column":null}},"63":{"start":{"line":195,"column":2},"end":{"line":195,"column":null}},"64":{"start":{"line":198,"column":0},"end":{"line":198,"column":13}},"65":{"start":{"line":200,"column":2},"end":{"line":200,"column":null}},"66":{"start":{"line":204,"column":2},"end":{"line":204,"column":null}},"67":{"start":{"line":208,"column":2},"end":{"line":208,"column":null}},"68":{"start":{"line":211,"column":0},"end":{"line":211,"column":13}},"69":{"start":{"line":214,"column":2},"end":{"line":214,"column":null}},"70":{"start":{"line":218,"column":2},"end":{"line":218,"column":null}},"71":{"start":{"line":222,"column":2},"end":{"line":222,"column":null}},"72":{"start":{"line":226,"column":2},"end":{"line":226,"column":null}},"73":{"start":{"line":230,"column":2},"end":{"line":230,"column":null}},"74":{"start":{"line":234,"column":0},"end":{"line":234,"column":13}},"75":{"start":{"line":236,"column":2},"end":{"line":236,"column":null}},"76":{"start":{"line":239,"column":2},"end":{"line":239,"column":null}},"77":{"start":{"line":243,"column":2},"end":{"line":243,"column":null}},"78":{"start":{"line":246,"column":0},"end":{"line":246,"column":13}},"79":{"start":{"line":248,"column":2},"end":{"line":248,"column":null}},"80":{"start":{"line":252,"column":2},"end":{"line":252,"column":null}},"81":{"start":{"line":277,"column":2},"end":{"line":277,"column":20}},"82":{"start":{"line":284,"column":2},"end":{"line":284,"column":22}},"83":{"start":{"line":256,"column":0},"end":{"line":256,"column":13}},"84":{"start":{"line":259,"column":2},"end":{"line":259,"column":null}},"85":{"start":{"line":263,"column":2},"end":{"line":263,"column":null}},"86":{"start":{"line":267,"column":2},"end":{"line":267,"column":null}},"87":{"start":{"line":271,"column":2},"end":{"line":271,"column":null}},"88":{"start":{"line":277,"column":2},"end":{"line":277,"column":null}},"89":{"start":{"line":274,"column":28},"end":{"line":274,"column":43}},"90":{"start":{"line":284,"column":2},"end":{"line":284,"column":null}},"91":{"start":{"line":280,"column":28},"end":{"line":280,"column":43}},"92":{"start":{"line":287,"column":0},"end":{"line":287,"column":13}},"93":{"start":{"line":289,"column":2},"end":{"line":289,"column":null}},"94":{"start":{"line":293,"column":2},"end":{"line":293,"column":null}},"95":{"start":{"line":297,"column":2},"end":{"line":297,"column":null}}},"fnMap":{"0":{"name":"(anonymous_2)","decl":{"start":{"line":53,"column":0},"end":{"line":53,"column":13}},"loc":{"start":{"line":53,"column":0},"end":{"line":86,"column":1}}},"1":{"name":"(anonymous_3)","decl":{"start":{"line":75,"column":13},"end":{"line":75,"column":14}},"loc":{"start":{"line":75,"column":28},"end":{"line":75,"column":43}}},"2":{"name":"(anonymous_4)","decl":{"start":{"line":81,"column":13},"end":{"line":81,"column":14}},"loc":{"start":{"line":81,"column":28},"end":{"line":81,"column":43}}},"3":{"name":"(anonymous_5)","decl":{"start":{"line":131,"column":0},"end":{"line":131,"column":13}},"loc":{"start":{"line":131,"column":0},"end":{"line":168,"column":1}}},"4":{"name":"(anonymous_6)","decl":{"start":{"line":157,"column":13},"end":{"line":157,"column":14}},"loc":{"start":{"line":157,"column":28},"end":{"line":157,"column":43}}},"5":{"name":"(anonymous_7)","decl":{"start":{"line":163,"column":13},"end":{"line":163,"column":14}},"loc":{"start":{"line":163,"column":28},"end":{"line":163,"column":43}}},"6":{"name":"(anonymous_8)","decl":{"start":{"line":256,"column":0},"end":{"line":256,"column":13}},"loc":{"start":{"line":256,"column":0},"end":{"line":285,"column":1}}},"7":{"name":"(anonymous_9)","decl":{"start":{"line":274,"column":13},"end":{"line":274,"column":14}},"loc":{"start":{"line":274,"column":28},"end":{"line":274,"column":43}}},"8":{"name":"(anonymous_10)","decl":{"start":{"line":280,"column":13},"end":{"line":280,"column":14}},"loc":{"start":{"line":280,"column":28},"end":{"line":280,"column":43}}}},"branchMap":{},"s":{"0":0,"1":0,"2":0,"3":0,"4":0,"5":0,"6":0,"7":0,"8":0,"9":0,"10":0,"11":0,"12":0,"13":0,"14":0,"15":0,"16":0,"17":0,"18":0,"19":0,"20":0,"21":0,"22":0,"23":0,"24":0,"25":0,"26":0,"27":0,"28":0,"29":0,"30":0,"31":0,"32":0,"33":0,"34":0,"35":0,"36":0,"37":0,"38":0,"39":0,"40":0,"41":0,"42":0,"43":0,"44":0,"45":0,"46":0,"47":0,"48":0,"49":0,"50":0,"51":0,"52":0,"53":0,"54":0,"55":0,"56":0,"57":0,"58":0,"59":0,"60":0,"61":0,"62":0,"63":0,"64":0,"65":0,"66":0,"67":0,"68":0,"69":0,"70":0,"71":0,"72":0,"73":0,"74":0,"75":0,"76":0,"77":0,"78":0,"79":0,"80":0,"81":0,"82":0,"83":0,"84":0,"85":0,"86":0,"87":0,"88":0,"89":0,"90":0,"91":0,"92":0,"93":0,"94":0,"95":0},"f":{"0":0,"1":0,"2":0,"3":0,"4":0,"5":0,"6":0,"7":0,"8":0},"b":{}}
,"/Users/ibrahimalmotairi/projects/care-services-cursor/src/admin/dto/category.dto.ts": {"path":"/Users/ibrahimalmotairi/projects/care-services-cursor/src/admin/dto/category.dto.ts","statementMap":{"0":{"start":{"line":1,"column":0},"end":{"line":1,"column":102}},"1":{"start":{"line":21,"column":2},"end":{"line":21,"column":28}},"2":{"start":{"line":3,"column":0},"end":{"line":3,"column":13}},"3":{"start":{"line":7,"column":2},"end":{"line":7,"column":null}},"4":{"start":{"line":12,"column":2},"end":{"line":12,"column":null}},"5":{"start":{"line":17,"column":2},"end":{"line":17,"column":null}},"6":{"start":{"line":21,"column":2},"end":{"line":21,"column":null}},"7":{"start":{"line":24,"column":0},"end":{"line":24,"column":13}},"8":{"start":{"line":29,"column":2},"end":{"line":29,"column":null}},"9":{"start":{"line":34,"column":2},"end":{"line":34,"column":null}},"10":{"start":{"line":39,"column":2},"end":{"line":39,"column":null}},"11":{"start":{"line":43,"column":2},"end":{"line":43,"column":null}},"12":{"start":{"line":47,"column":2},"end":{"line":47,"column":null}}},"fnMap":{"0":{"name":"(anonymous_2)","decl":{"start":{"line":3,"column":0},"end":{"line":3,"column":13}},"loc":{"start":{"line":3,"column":0},"end":{"line":22,"column":1}}}},"branchMap":{},"s":{"0":0,"1":0,"2":0,"3":0,"4":0,"5":0,"6":0,"7":0,"8":0,"9":0,"10":0,"11":0,"12":0},"f":{"0":0},"b":{}}
,"/Users/ibrahimalmotairi/projects/care-services-cursor/src/admin/services/admin-dashboard.service.ts": {"path":"/Users/ibrahimalmotairi/projects/care-services-cursor/src/admin/services/admin-dashboard.service.ts","statementMap":{"0":{"start":{"line":1,"column":0},"end":{"line":1,"column":44}},"1":{"start":{"line":2,"column":0},"end":{"line":2,"column":51}},"2":{"start":{"line":3,"column":0},"end":{"line":3,"column":46}},"3":{"start":{"line":4,"column":0},"end":{"line":4,"column":59}},"4":{"start":{"line":5,"column":0},"end":{"line":5,"column":82}},"5":{"start":{"line":6,"column":0},"end":{"line":6,"column":65}},"6":{"start":{"line":7,"column":0},"end":{"line":7,"column":65}},"7":{"start":{"line":8,"column":0},"end":{"line":8,"column":63}},"8":{"start":{"line":10,"column":0},"end":{"line":10,"column":71}},"9":{"start":{"line":11,"column":0},"end":{"line":11,"column":71}},"10":{"start":{"line":14,"column":7},"end":{"line":438,"column":null}},"11":{"start":{"line":17,"column":12},"end":{"line":17,"column":28}},"12":{"start":{"line":19,"column":12},"end":{"line":19,"column":32}},"13":{"start":{"line":21,"column":12},"end":{"line":21,"column":31}},"14":{"start":{"line":23,"column":12},"end":{"line":23,"column":31}},"15":{"start":{"line":25,"column":12},"end":{"line":25,"column":30}},"16":{"start":{"line":30,"column":35},"end":{"line":30,"column":60}},"17":{"start":{"line":38,"column":8},"end":{"line":44,"column":6}},"18":{"start":{"line":46,"column":22},"end":{"line":53,"column":6}},"19":{"start":{"line":55,"column":4},"end":{"line":55,"column":21}},"20":{"start":{"line":59,"column":46},"end":{"line":59,"column":52}},"21":{"start":{"line":66,"column":8},"end":{"line":71,"column":6}},"22":{"start":{"line":73,"column":4},"end":{"line":80,"column":6}},"23":{"start":{"line":88,"column":8},"end":{"line":92,"column":6}},"24":{"start":{"line":94,"column":19},"end":{"line":100,"column":6}},"25":{"start":{"line":102,"column":4},"end":{"line":102,"column":18}},"26":{"start":{"line":106,"column":35},"end":{"line":106,"column":60}},"27":{"start":{"line":115,"column":8},"end":{"line":122,"column":6}},"28":{"start":{"line":124,"column":4},"end":{"line":134,"column":6}},"29":{"start":{"line":144,"column":8},"end":{"line":159,"column":6}},"30":{"start":{"line":161,"column":4},"end":{"line":169,"column":6}},"31":{"start":{"line":178,"column":8},"end":{"line":200,"column":6}},"32":{"start":{"line":202,"column":4},"end":{"line":208,"column":6}},"33":{"start":{"line":212,"column":21},"end":{"line":222,"column":18}},"34":{"start":{"line":224,"column":4},"end":{"line":232,"column":6}},"35":{"start":{"line":236,"column":22},"end":{"line":246,"column":18}},"36":{"start":{"line":248,"column":4},"end":{"line":255,"column":6}},"37":{"start":{"line":261,"column":45},"end":{"line":272,"column":6}},"38":{"start":{"line":274,"column":23},"end":{"line":291,"column":6}},"39":{"start":{"line":275,"column":40},"end":{"line":282,"column":8}},"40":{"start":{"line":283,"column":40},"end":{"line":290,"column":8}},"41":{"start":{"line":293,"column":4},"end":{"line":295,"column":23}},"42":{"start":{"line":294,"column":22},"end":{"line":294,"column":67}},"43":{"start":{"line":299,"column":20},"end":{"line":299,"column":74}},"44":{"start":{"line":302,"column":4},"end":{"line":308,"column":5}},"45":{"start":{"line":303,"column":6},"end":{"line":303,"column":45}},"46":{"start":{"line":306,"column":6},"end":{"line":306,"column":29}},"47":{"start":{"line":307,"column":6},"end":{"line":307,"column":50}},"48":{"start":{"line":310,"column":4},"end":{"line":310,"column":34}},"49":{"start":{"line":316,"column":4},"end":{"line":316,"column":14}},"50":{"start":{"line":321,"column":4},"end":{"line":321,"column":14}},"51":{"start":{"line":326,"column":4},"end":{"line":326,"column":14}},"52":{"start":{"line":331,"column":4},"end":{"line":331,"column":14}},"53":{"start":{"line":335,"column":4},"end":{"line":337,"column":7}},"54":{"start":{"line":342,"column":4},"end":{"line":342,"column":13}},"55":{"start":{"line":347,"column":4},"end":{"line":347,"column":14}},"56":{"start":{"line":351,"column":24},"end":{"line":351,"column":58}},"57":{"start":{"line":352,"column":4},"end":{"line":352,"column":46}},"58":{"start":{"line":352,"column":27},"end":{"line":352,"column":46}},"59":{"start":{"line":353,"column":4},"end":{"line":353,"column":40}},"60":{"start":{"line":353,"column":26},"end":{"line":353,"column":40}},"61":{"start":{"line":354,"column":4},"end":{"line":354,"column":43}},"62":{"start":{"line":354,"column":26},"end":{"line":354,"column":43}},"63":{"start":{"line":355,"column":4},"end":{"line":355,"column":22}},"64":{"start":{"line":359,"column":19},"end":{"line":364,"column":18}},"65":{"start":{"line":366,"column":4},"end":{"line":366,"column":53}},"66":{"start":{"line":370,"column":19},"end":{"line":375,"column":18}},"67":{"start":{"line":377,"column":4},"end":{"line":377,"column":53}},"68":{"start":{"line":381,"column":19},"end":{"line":386,"column":18}},"69":{"start":{"line":388,"column":4},"end":{"line":388,"column":53}},"70":{"start":{"line":392,"column":19},"end":{"line":397,"column":18}},"71":{"start":{"line":399,"column":4},"end":{"line":399,"column":53}},"72":{"start":{"line":403,"column":4},"end":{"line":417,"column":20}},"73":{"start":{"line":421,"column":4},"end":{"line":436,"column":20}},"74":{"start":{"line":14,"column":13},"end":{"line":14,"column":34}},"75":{"start":{"line":14,"column":13},"end":{"line":438,"column":null}}},"fnMap":{"0":{"name":"(anonymous_4)","decl":{"start":{"line":15,"column":2},"end":{"line":15,"column":null}},"loc":{"start":{"line":25,"column":48},"end":{"line":26,"column":6}}},"1":{"name":"(anonymous_5)","decl":{"start":{"line":28,"column":2},"end":{"line":28,"column":7}},"loc":{"start":{"line":28,"column":60},"end":{"line":56,"column":3}}},"2":{"name":"(anonymous_6)","decl":{"start":{"line":58,"column":2},"end":{"line":58,"column":7}},"loc":{"start":{"line":58,"column":58},"end":{"line":81,"column":3}}},"3":{"name":"(anonymous_7)","decl":{"start":{"line":83,"column":2},"end":{"line":83,"column":7}},"loc":{"start":{"line":83,"column":23},"end":{"line":103,"column":3}}},"4":{"name":"(anonymous_8)","decl":{"start":{"line":105,"column":2},"end":{"line":105,"column":7}},"loc":{"start":{"line":105,"column":60},"end":{"line":135,"column":3}}},"5":{"name":"(anonymous_9)","decl":{"start":{"line":137,"column":10},"end":{"line":137,"column":15}},"loc":{"start":{"line":137,"column":65},"end":{"line":170,"column":3}}},"6":{"name":"(anonymous_10)","decl":{"start":{"line":172,"column":10},"end":{"line":172,"column":15}},"loc":{"start":{"line":172,"column":61},"end":{"line":209,"column":3}}},"7":{"name":"(anonymous_11)","decl":{"start":{"line":211,"column":10},"end":{"line":211,"column":15}},"loc":{"start":{"line":211,"column":64},"end":{"line":233,"column":3}}},"8":{"name":"(anonymous_12)","decl":{"start":{"line":235,"column":10},"end":{"line":235,"column":15}},"loc":{"start":{"line":235,"column":66},"end":{"line":256,"column":3}}},"9":{"name":"(anonymous_13)","decl":{"start":{"line":258,"column":10},"end":{"line":258,"column":15}},"loc":{"start":{"line":258,"column":47},"end":{"line":296,"column":3}}},"10":{"name":"(anonymous_14)","decl":{"start":{"line":275,"column":28},"end":{"line":275,"column":35}},"loc":{"start":{"line":275,"column":40},"end":{"line":282,"column":8}}},"11":{"name":"(anonymous_15)","decl":{"start":{"line":283,"column":28},"end":{"line":283,"column":35}},"loc":{"start":{"line":283,"column":40},"end":{"line":290,"column":8}}},"12":{"name":"(anonymous_16)","decl":{"start":{"line":294,"column":12},"end":{"line":294,"column":13}},"loc":{"start":{"line":294,"column":22},"end":{"line":294,"column":67}}},"13":{"name":"(anonymous_17)","decl":{"start":{"line":298,"column":10},"end":{"line":298,"column":22}},"loc":{"start":{"line":298,"column":54},"end":{"line":311,"column":3}}},"14":{"name":"(anonymous_18)","decl":{"start":{"line":313,"column":10},"end":{"line":313,"column":15}},"loc":{"start":{"line":313,"column":87},"end":{"line":317,"column":3}}},"15":{"name":"(anonymous_19)","decl":{"start":{"line":319,"column":10},"end":{"line":319,"column":15}},"loc":{"start":{"line":319,"column":91},"end":{"line":322,"column":3}}},"16":{"name":"(anonymous_20)","decl":{"start":{"line":324,"column":10},"end":{"line":324,"column":15}},"loc":{"start":{"line":324,"column":90},"end":{"line":327,"column":3}}},"17":{"name":"(anonymous_21)","decl":{"start":{"line":329,"column":10},"end":{"line":329,"column":15}},"loc":{"start":{"line":329,"column":90},"end":{"line":332,"column":3}}},"18":{"name":"(anonymous_22)","decl":{"start":{"line":334,"column":10},"end":{"line":334,"column":15}},"loc":{"start":{"line":334,"column":34},"end":{"line":338,"column":3}}},"19":{"name":"(anonymous_23)","decl":{"start":{"line":340,"column":10},"end":{"line":340,"column":15}},"loc":{"start":{"line":340,"column":39},"end":{"line":343,"column":3}}},"20":{"name":"(anonymous_24)","decl":{"start":{"line":345,"column":10},"end":{"line":345,"column":15}},"loc":{"start":{"line":345,"column":31},"end":{"line":348,"column":3}}},"21":{"name":"(anonymous_25)","decl":{"start":{"line":350,"column":10},"end":{"line":350,"column":31}},"loc":{"start":{"line":350,"column":88},"end":{"line":356,"column":3}}},"22":{"name":"(anonymous_26)","decl":{"start":{"line":358,"column":10},"end":{"line":358,"column":15}},"loc":{"start":{"line":358,"column":61},"end":{"line":367,"column":3}}},"23":{"name":"(anonymous_27)","decl":{"start":{"line":369,"column":10},"end":{"line":369,"column":15}},"loc":{"start":{"line":369,"column":64},"end":{"line":378,"column":3}}},"24":{"name":"(anonymous_28)","decl":{"start":{"line":380,"column":10},"end":{"line":380,"column":15}},"loc":{"start":{"line":380,"column":60},"end":{"line":389,"column":3}}},"25":{"name":"(anonymous_29)","decl":{"start":{"line":391,"column":10},"end":{"line":391,"column":15}},"loc":{"start":{"line":391,"column":60},"end":{"line":400,"column":3}}},"26":{"name":"(anonymous_30)","decl":{"start":{"line":402,"column":10},"end":{"line":402,"column":15}},"loc":{"start":{"line":402,"column":62},"end":{"line":418,"column":3}}},"27":{"name":"(anonymous_31)","decl":{"start":{"line":420,"column":10},"end":{"line":420,"column":15}},"loc":{"start":{"line":420,"column":63},"end":{"line":437,"column":3}}}},"branchMap":{"0":{"loc":{"start":{"line":167,"column":27},"end":{"line":167,"column":83}},"type":"cond-expr","locations":[{"start":{"line":167,"column":45},"end":{"line":167,"column":78}},{"start":{"line":167,"column":82},"end":{"line":167,"column":83}}]},"1":{"loc":{"start":{"line":168,"column":22},"end":{"line":168,"column":87}},"type":"cond-expr","locations":[{"start":{"line":168,"column":43},"end":{"line":168,"column":82}},{"start":{"line":168,"column":86},"end":{"line":168,"column":87}}]},"2":{"loc":{"start":{"line":207,"column":24},"end":{"line":207,"column":87}},"type":"cond-expr","locations":[{"start":{"line":207,"column":44},"end":{"line":207,"column":82}},{"start":{"line":207,"column
[...]
rt":{"line":171,"column":25},"end":{"line":171,"column":67}},"46":{"start":{"line":174,"column":28},"end":{"line":177,"column":6}},"47":{"start":{"line":182,"column":4},"end":{"line":182,"column":27}},"48":{"start":{"line":190,"column":25},"end":{"line":192,"column":6}},"49":{"start":{"line":194,"column":4},"end":{"line":196,"column":5}},"50":{"start":{"line":195,"column":6},"end":{"line":195,"column":60}},"51":{"start":{"line":199,"column":4},"end":{"line":210,"column":17}},"52":{"start":{"line":216,"column":21},"end":{"line":219,"column":6}},"53":{"start":{"line":221,"column":4},"end":{"line":223,"column":5}},"54":{"start":{"line":222,"column":6},"end":{"line":222,"column":15}},"55":{"start":{"line":226,"column":24},"end":{"line":232,"column":17}},"56":{"start":{"line":234,"column":4},"end":{"line":234,"column":23}},"57":{"start":{"line":238,"column":31},"end":{"line":240,"column":6}},"58":{"start":{"line":242,"column":32},"end":{"line":249,"column":17}},"59":{"start":{"line":251,"column":27},"end":{"line":251,"column":71}},"60":{"start":{"line":253,"column":4},"end":{"line":258,"column":6}},"61":{"start":{"line":267,"column":4},"end":{"line":278,"column":17}},"62":{"start":{"line":284,"column":21},"end":{"line":287,"column":6}},"63":{"start":{"line":289,"column":4},"end":{"line":291,"column":5}},"64":{"start":{"line":290,"column":6},"end":{"line":290,"column":56}},"65":{"start":{"line":294,"column":4},"end":{"line":300,"column":17}},"66":{"start":{"line":307,"column":25},"end":{"line":309,"column":6}},"67":{"start":{"line":311,"column":4},"end":{"line":313,"column":5}},"68":{"start":{"line":312,"column":6},"end":{"line":312,"column":60}},"69":{"start":{"line":317,"column":4},"end":{"line":317,"column":62}},"70":{"start":{"line":16,"column":13},"end":{"line":16,"column":37}},"71":{"start":{"line":16,"column":13},"end":{"line":319,"column":null}}},"fnMap":{"0":{"name":"(anonymous_4)","decl":{"start":{"line":17,"column":2},"end":{"line":17,"column":null}},"loc":{"start":{"line":26,"column":53},"end":{"line":27,"column":6}}},"1":{"name":"(anonymous_5)","decl":{"start":{"line":31,"column":2},"end":{"line":31,"column":7}},"loc":{"start":{"line":31,"column":43},"end":{"line":37,"column":3}}},"2":{"name":"(anonymous_6)","decl":{"start":{"line":39,"column":2},"end":{"line":39,"column":7}},"loc":{"start":{"line":41,"column":26},"end":{"line":53,"column":3}}},"3":{"name":"(anonymous_7)","decl":{"start":{"line":55,"column":2},"end":{"line":55,"column":7}},"loc":{"start":{"line":57,"column":48},"end":{"line":102,"column":3}}},"4":{"name":"(anonymous_8)","decl":{"start":{"line":106,"column":2},"end":{"line":106,"column":7}},"loc":{"start":{"line":109,"column":27},"end":{"line":137,"column":3}}},"5":{"name":"(anonymous_9)","decl":{"start":{"line":139,"column":2},"end":{"line":139,"column":7}},"loc":{"start":{"line":141,"column":34},"end":{"line":183,"column":3}}},"6":{"name":"(anonymous_10)","decl":{"start":{"line":185,"column":2},"end":{"line":185,"column":7}},"loc":{"start":{"line":187,"column":26},"end":{"line":211,"column":3}}},"7":{"name":"(anonymous_11)","decl":{"start":{"line":215,"column":2},"end":{"line":215,"column":7}},"loc":{"start":{"line":215,"column":48},"end":{"line":235,"column":3}}},"8":{"name":"(anonymous_12)","decl":{"start":{"line":237,"column":2},"end":{"line":237,"column":7}},"loc":{"start":{"line":237,"column":47},"end":{"line":259,"column":3}}},"9":{"name":"(anonymous_13)","decl":{"start":{"line":263,"column":2},"end":{"line":263,"column":7}},"loc":{"start":{"line":265,"column":22},"end":{"line":279,"column":3}}},"10":{"name":"(anonymous_14)","decl":{"start":{"line":283,"column":2},"end":{"line":283,"column":7}},"loc":{"start":{"line":283,"column":48},"end":{"line":301,"column":3}}},"11":{"name":"(anonymous_15)","decl":{"start":{"line":303,"column":2},"end":{"line":303,"column":7}},"loc":{"start":{"line":305,"column":26},"end":{"line":318,"column":3}}}},"branchMap":{"0":{"loc":{"start":{"line":48,"column":4},"end":{"line":50,"column":5}},"type":"if","locations":[{"start":{"line":48,"column":4},"end":{"line":50,"column":5}}]},"1":{"loc":{"start":{"line":64,"column":4},"end":{"line":66,"column":5}},"type":"if","locations":[{"start":{"line":64,"column":4},"end":{"line":66,"column":5}}]},"2":{"loc":{"start":{"line":73,"column":12},"end":{"line":73,"column":94}},"type":"binary-expr","locations":[{"start":{"line":73,"column":12},"end":{"line":73,"column":43}},{"start":{"line":73,"column":47},"end":{"line":73,"column":94}}]},"3":{"loc":{"start":{"line":77,"column":4},"end":{"line":84,"column":5}},"type":"if","locations":[{"start":{"line":77,"column":4},"end":{"line":84,"column":5}}]},"4":{"loc":{"start":{"line":111,"column":12},"end":{"line":111,"column":20}},"type":"default-arg","locations":[{"start":{"line":111,"column":19},"end":{"line":111,"column":20}}]},"5":{"loc":{"start":{"line":111,"column":22},"end":{"line":111,"column":32}},"type":"default-arg","locations":[{"start":{"line":111,"column":30},"end":{"line":111,"column":32}}]},"6":{"loc":{"start":{"line":118,"column":4},"end":{"line":120,"column":5}},"type":"if","locations":[{"start":{"line":118,"column":4},"end":{"line":120,"column":5}}]},"7":{"loc":{"start":{"line":149,"column":4},"end":{"line":151,"column":5}},"type":"if","locations":[{"start":{"line":149,"column":4},"end":{"line":151,"column":5}}]},"8":{"loc":{"start":{"line":159,"column":4},"end":{"line":161,"column":5}},"type":"if","locations":[{"start":{"line":159,"column":4},"end":{"line":161,"column":5}}]},"9":{"loc":{"start":{"line":167,"column":20},"end":{"line":167,"column":66}},"type":"binary-expr","locations":[{"start":{"line":167,"column":20},"end":{"line":167,"column":46}},{"start":{"line":167,"column":50},"end":{"line":167,"column":66}}]},"10":{"loc":{"start":{"line":194,"column":4},"end":{"line":196,"column":5}},"type":"if","locations":[{"start":{"line":194,"column":4},"end":{"line":196,"column":5}}]},"11":{"loc":{"start":{"line":221,"column":4},"end":{"line":223,"column":5}},"type":"if","locations":[{"start":{"line":221,"column":4},"end":{"line":223,"column":5}}]},"12":{"loc":{"start":{"line":257,"column":20},"end":{"line":257,"column":98}},"type":"cond-expr","locations":[{"start":{"line":257,"column":46},"end":{"line":257,"column":94}},{"start":{"line":257,"column":97},"end":{"line":257,"column":98}}]},"13":{"loc":{"start":{"line":289,"column":4},"end":{"line":291,"column":5}},"type":"if","locations":[{"start":{"line":289,"column":4},"end":{"line":291,"column":5}}]},"14":{"loc":{"start":{"line":311,"column":4},"end":{"line":313,"column":5}},"type":"if","locations":[{"start":{"line":311,"column":4},"end":{"line":313,"column":5}}]}},"s":{"0":0,"1":0,"2":0,"3":0,"4":0,"5":0,"6":0,"7":0,"8":0,"9":0,"10":0,"11":0,"12":0,"13":0,"14":0,"15":0,"16":0,"17":0,"18":0,"19":0,"20":0,"21":0,"22":0,"23":0,"24":0,"25":0,"26":0,"27":0,"28":0,"29":0,"30":0,"31":0,"32":0,"33":0,"34":0,"35":0,"36":0,"37":0,"38":0,"39":0,"40":0,"41":0,"42":0,"43":0,"44":0,"45":0,"46":0,"47":0,"48":0,"49":0,"50":0,"51":0,"52":0,"53":0,"54":0,"55":0,"56":0,"57":0,"58":0,"59":0,"60":0,"61":0,"62":0,"63":0,"64":0,"65":0,"66":0,"67":0,"68":0,"69":0,"70":0,"71":0},"f":{"0":0,"1":0,"2":0,"3":0,"4":0,"5":0,"6":0,"7":0,"8":0,"9":0,"10":0,"11":0},"b":{"0":[0],"1":[0],"2":[0,0],"3":[0],"4":[0],"5":[0],"6":[0],"7":[0],"8":[0],"9":[0,0],"10":[0],"11":[0],"12":[0,0],"13":[0],"14":[0]}}
,"/Users/ibrahimalmotairi/projects/care-services-cursor/src/websocket/websocket.gateway.ts": {"path":"/Users/ibrahimalmotairi/projects/care-services-cursor/src/websocket/websocket.gateway.ts","statementMap":{"0":{"start":{"line":1,"column":0},"end":{"line":1,"column":null}},"1":{"start":{"line":10,"column":0},"end":{"line":10,"column":43}},"2":{"start":{"line":11,"column":0},"end":{"line":11,"column":51}},"3":{"start":{"line":12,"column":0},"end":{"line":12,"column":41}},"4":{"start":{"line":13,"column":0},"end":{"line":13,"column":47}},"5":{"start":{"line":29,"column":28},"end":{"line":287,"column":null}},"6":{"start":{"line":37,"column":21},"end":{"line":37,"column":33}},"7":{"start":{"line":38,"column":21},"end":{"line":38,"column":36}},"8":{"start":{"line":33,"column":19},"end":{"line":33,"column":61}},"9":{"start":{"line":34,"column":10},"end":{"line":34,"column":68}},"10":{"start":{"line":42,"column":4},"end":{"line":70,"column":5}},"11":{"start":{"line":44,"column":20},"end":{"line":44,"column":55}},"12":{"start":{"line":46,"column":6},"end":{"line":66,"column":7}},"13":{"start":{"line":47,"column":24},"end":{"line":47,"column":53}},"14":{"start":{"line":48,"column":8},"end":{"line":48,"column":36}},"15":{"start":{"line":49,"column":8},"end":{"line":49,"column":39}},"16":{"start":{"line":51,"column":8},"end":{"line":51,"column":53}},"17":{"start":{"line":53,"column":8},"end":{"line":53,"column":83}},"18":{"start":{"line":56,"column":8},"end":{"line":56,"column":51}},"19":{"start":{"line":59,"column":8},"end":{"line":62,"column":11}},"20":{"start":{"line":64,"column":8},"end":{"line":64,"column":78}},"21":{"start":{"line":65,"column":8},"end":{"line":65,"column":28}},"22":{"start":{"line":68,"column":6},"end":{"line":68,"column":78}},"23":{"start":{"line":69,"column":6},"end":{"line":69,"column":26}},"24":{"start":{"line":74,"column":4},"end":{"line":74,"column":44}},"25":{"start":{"line":75,"column":4},"end":{"line":75,"column":82}},"26":{"start":{"line":85,"column":17},"end":{"line":85,"column":72}},"27":{"start":{"line":86,"column":4},"end":{"line":86,"column":28}},"28":{"start":{"line":88,"column":4},"end":{"line":88,"column":120}},"29":{"start":{"line":90,"column":4},"end":{"line":94,"column":7}},"30":{"start":{"line":102,"column":17},"end":{"line":102,"column":72}},"31":{"start":{"line":103,"column":4},"end":{"line":103,"column":29}},"32":{"start":{"line":105,"column":4},"end":{"line":105,"column":124}},"33":{"start":{"line":113,"column":17},"end":{"line":113,"column":44}},"34":{"start":{"line":114,"column":4},"end":{"line":114,"column":28}},"35":{"start":{"line":116,"column":4},"end":{"line":116,"column":97}},"36":{"start":{"line":118,"column":4},"end":{"line":121,"column":7}},"37":{"start":{"line":126,"column":4},"end":{"line":126,"column":65}},"38":{"start":{"line":133,"column":17},"end":{"line":133,"column":62}},"39":{"start":{"line":135,"column":4},"end":{"line":140,"column":7}},"40":{"start":{"line":142,"column":4},"end":{"line":142,"column":104}},"41":{"start":{"line":148,"column":4},"end":{"line":152,"column":7}},"42":{"start":{"line":155,"column":4},"end":{"line":159,"column":7}},"43":{"start":{"line":162,"column":4},"end":{"line":166,"column":7}},"44":{"start":{"line":168,"column":4},"end":{"line":168,"column":80}},"45":{"start":{"line":173,"column":4},"end":{"line":176,"column":7}},"46":{"start":{"line":178,"column":4},"end":{"line":178,"column":81}},"47":{"start":{"line":184,"column":4},"end":{"line":188,"column":7}},"48":{"start":{"line":191,"column":4},"end":{"line":195,"column":7}},"49":{"start":{"line":197,"column":4},"end":{"line":197,"column":76}},"50":{"start":{"line":202,"column":29},"end":{"line":206,"column":6}},"51":{"start":{"line":209,"column":4},"end":{"line":209,"column":85}},"52":{"start":{"line":212,"column":4},"end":{"line":212,"column":85}},"53":{"start":{"line":214,"column":4},"end":{"line":214,"column":81}},"54":{"start":{"line":220,"column":4},"end":{"line":224,"column":7}},"55":{"start":{"line":226,"column":4},"end":{"line":226,"column":77}},"56":{"start":{"line":231,"column":4},"end":{"line":235,"column":7}},"57":{"start":{"line":237,"column":4},"end":{"line":237,"column":62}},"58":{"start":{"line":244,"column":23},"end":{"line":244,"column":61}},"59":{"start":{"line":245,"column":4},"end":{"line":247,"column":5}},"60":{"start":{"line":246,"column":6},"end":{"line":246,"column":37}},"61":{"start":{"line":250,"column":27},"end":{"line":250,"column":55}},"62":{"start":{"line":251,"column":4},"end":{"line":253,"column":5}},"63":{"start":{"line":252,"column":6},"end":{"line":252,"column":28}},"64":{"start":{"line":256,"column":26},"end":{"line":256,"column":54}},"65":{"start":{"line":257,"column":4},"end":{"line":259,"column":5}},"66":{"start":{"line":258,"column":6},"end":{"line":258,"column":27}},"67":{"start":{"line":261,"column":4},"end":{"line":261,"column":16}},"68":{"start":{"line":266,"column":4},"end":{"line":274,"column":6}},"69":{"start":{"line":268,"column":80},"end":{"line":273,"column":8}},"70":{"start":{"line":279,"column":4},"end":{"line":285,"column":5}},"71":{"start":{"line":280,"column":6},"end":{"line":284,"column":7}},"72":{"start":{"line":281,"column":8},"end":{"line":281,"column":88}},"73":{"start":{"line":282,"column":8},"end":{"line":282,"column":28}},"74":{"start":{"line":283,"column":8},"end":{"line":283,"column":83}},"75":{"start":{"line":29,"column":13},"end":{"line":29,"column":28}},"76":{"start":{"line":31,"column":2},"end":{"line":31,"column":null}},"77":{"start":{"line":81,"column":8},"end":{"line":95,"column":null}},"78":{"start":{"line":98,"column":8},"end":{"line":106,"column":null}},"79":{"start":{"line":109,"column":8},"end":{"line":122,"column":null}},"80":{"start":{"line":125,"column":2},"end":{"line":127,"column":null}},"81":{"start":{"line":29,"column":13},"end":{"line":287,"column":null}}},"fnMap":{"0":{"name":"(anonymous_4)","decl":{"start":{"line":36,"column":2},"end":{"line":36,"column":null}},"loc":{"start":{"line":38,"column":49},"end":{"line":39,"column":6}}},"1":{"name":"(anonymous_5)","decl":{"start":{"line":41,"column":2},"end":{"line":41,"column":7}},"loc":{"start":{"line":41,"column":52},"end":{"line":71,"column":3}}},"2":{"name":"(anonymous_6)","decl":{"start":{"line":73,"column":2},"end":{"line":73,"column":18}},"loc":{"start":{"line":73,"column":46},"end":{"line":76,"column":3}}},"3":{"name":"(anonymous_7)","decl":{"start":{"line":81,"column":2},"end":{"line":81,"column":7}},"loc":{"start":{"line":83,"column":50},"end":{"line":95,"column":3}}},"4":{"name":"(anonymous_8)","decl":{"start":{"line":98,"column":2},"end":{"line":98,"column":7}},"loc":{"start":{"line":100,"column":50},"end":{"line":106,"column":3}}},"5":{"name":"(anonymous_9)","decl":{"start":{"line":109,"column":2},"end":{"line":109,"column":7}},"loc":{"start":{"line":111,"column":50},"end":{"line":122,"column":3}}},"6":{"name":"(anonymous_10)","decl":{"start":{"line":125,"column":2},"end":{"line":125,"column":12}},"loc":{"start":{"line":125,"column":59},"end":{"line":127,"column":3}}},"7":{"name":"(anonymous_11)","decl":{"start":{"line":132,"column":2},"end":{"line":132,"column":26}},"loc":{"start":{"line":132,"column":82},"end":{"line":143,"column":3}}},"8":{"name":"(anonymous_12)","decl":{"start":{"line":146,"column":2},"end":{"line":146,"column":27}},"loc":{"start":{"line":146,"column":101},"end":{"line":169,"column":3}}},"9":{"name":"(anonymous_13)","decl":{"start":{"line":172,"column":2},"end":{"line":172,"column":18}},"loc":{"start":{"line":172,"column":51},"end":{"line":179,"column":3}}},"10":{"name":"(anonymous_14)","decl":{"start":{"line":182,"column":2},"end":{"line":182,"column":24}},"loc":{"start":{"line":182,"column":100},"end":{"line":198,"column":3}}},"11":{"name":"(anonymous_15)","decl":{"start":{"line":201,"column":2},"end":{"line":201,"column":24}},"loc":{"start":{"line":201,"column":99},"end":{"line":215,"column":3}}},"12":{"name":"(anonymous_16)","decl":{"start":{"line":218,"column":2},"end":{"line":218,"column":23}},"loc":{"start":{"line":218,"column":59},"end":{"line":227,"column":3}}},"13":{"name":"(anonymous_17)","decl":{"start":{"line":230,"column":2},"end":{"line":230,"column":24}},"loc":{"start":{"line":230,"column":85},"end":{"line":238,"column":3}}},"14":{"name":"(anonymous_18)","decl":{"start":{"line":242,"column":10},"end":{"line":242,"column":32}},"loc":{"start":{"line":242,"column":47},"end":{"line":262,"column":3}}},"15":{"name":"(anonymous_19)","decl":{"start":{"line":265,"column":2},"end":{"line":265,"column":20}},"loc":{"start":{"line":265,"column":20},"end":{"line":275,"column":3}}},"16":{"name":"(anonymous_20)","decl":{"start":{"line":268,"column":69},"end":{"line":268,"column":75}},"loc":{"start":{"line":268,"column":80},"end":{"line":273,"column":8}}},"17":{"name":"(anonymous_21)","decl":{"start":{"line":278,"column":2},"end":{"line":278,"column":16}},"loc":{"start":{"line":278,"column":48},"end":{"line":286,"column":3}}}},"branchMap":{"0":{"loc":{"start":{"line":46,"column":6},"end":{"line":66,"column":7}},"type":"if","locations":[{"start":{"line":46,"column":6},"end":{"line":66,"column":7}},{"start":{"line":63,"column":13},"end":{"line":66,"column":7}}]},"1":{"loc":{"start":{"line":230,"column":42},"end":{"line":230,"column":85}},"type":"default-arg","locations":[{"start":{"line":230,"column":79},"end":{"line":230,"column":85}}]},"2":{"loc":{"start":{"line":245,"column":4},"end":{"line":247,"column":5}},"type":"if","locations":[{"start":{"line":245,"column":4},"end":{"line":247,"column":5}}]},"3":{"loc":{"start":{"line":245,"column":8},"end":{"line":245,"column":54}},"type":"binary-expr","locations":[{"start":{"line":245,"column":8},"end":{"line":245,"column":18}},{"start":{"line":245,"column":22},"end":{"line":245,"column":54}}]},"4":{"loc":{"start":{"line":251,"column":4},"end":{"line":253,"column":5}},"type":"if","locations":[{"start":{"line":251,"column":4},"end":{"line":253,"column":5}}]},"5":{"loc":{"start":{"line":257,"column":4},"end":{"line":259,"column":5}},"type":"if","locations":[{"start":{"line":257,"column":4},"end":{"line":259,"column":5}}]},"6":{"loc":{"start":{"line":280,"column":6},"end":{"line":284,"column":7}},"type":"if","locations":[{"start":{"line":280,"column":6},"end":{"line":284,"column":7}}]},"7":{"loc":{"start":{"line":281,"column":50},"end":{"line":281,"column":84}},"type":"binary-expr","locations":[{"start":{"line":281,"column":50},"end":{"line":281,"column":56}},{"start":{"line":281,"column":60},"end":{"line":281,"column":84}}]},"8":{"loc":{"start":{"line":22,"column":12},"end":{"line":24,"column":58}},"type":"cond-expr","locations":[{"start":{"line":23,"column":8},"end":{"line":23,"column":44}},{"start":{"line":24,"column":8},"end":{"line":24,"column":58}}]}},"s":{"0":0,"1":0,"2":0,"3":0,"4":0,"5":0,"6":0,"7":0,"8":0,"9":0,"10":0,"11":0,"12":0,"13":0,"14":0,"15":0,"16":0,"17":0,"18":0,"19":0,"20":0,"21":0,"22":0,"23":0,"24":0,"25":0,"26":0,"27":0,"28":0,"29":0,"30":0,"31":0,"32":0,"33":0,"34":0,"35":0,"36":0,"37":0,"38":0,"39":0,"40":0,"41":0,"42":0,"43":0,"44":0,"45":0,"46":0,"47":0,"48":0,"49":0,"50":0,"51":0,"52":0,"53":0,"54":0,"55":0,"56":0,"57":0,"58":0,"59":0,"60":0,"61":0,"62":0,"63":0,"64":0,"65":0,"66":0,"67":0,"68":0,"69":0,"70":0,"71":0,"72":0,"73":0,"74":0,"75":0,"76":0,"77":0,"78":0,"79":0,"80":0,"81":0},"f":{"0":0,"1":0,"2":0,"3":0,"4":0,"5":0,"6":0,"7":0,"8":0,"9":0,"10":0,"11":0,"12":0,"13":0,"14":0,"15":0,"16":0,"17":0},"b":{"0":[0,0],"1":[0],"2":[0],"3":[0,0],"4":[0],"5":[0],"6":[0],"7":[0,0],"8":[0,0]}}
,"/Users/ibrahimalmotairi/projects/care-services-cursor/src/websocket/websocket.module.ts": {"path":"/Users/ibrahimalmotairi/projects/care-services-cursor/src/websocket/websocket.module.ts","statementMap":{"0":{"start":{"line":1,"column":0},"end":{"line":1,"column":40}},"1":{"start":{"line":2,"column":0},"end":{"line":2,"column":40}},"2":{"start":{"line":3,"column":0},"end":{"line":3,"column":61}},"3":{"start":{"line":4,"column":0},"end":{"line":4,"column":54}},"4":{"start":{"line":20,"column":7},"end":{"line":20,"column":null}},"5":{"start":{"line":20,"column":13},"end":{"line":20,"column":28}},"6":{"start":{"line":20,"column":13},"end":{"line":20,"column":null}},"7":{"start":{"line":10,"column":59},"end":{"line":13,"column":8}}},"fnMap":{"0":{"name":"(anonymous_1)","decl":{"start":{"line":10,"column":18},"end":{"line":10,"column":23}},"loc":{"start":{"line":10,"column":59},"end":{"line":13,"column":8}}}},"branchMap":{},"s":{"0":0,"1":0,"2":0,"3":0,"4":0,"5":0,"6":0,"7":0},"f":{"0":0},"b":{}}
}
