TN:
SF:src/app.controller.ts
FN:9,(anonymous_4)
FN:15,(anonymous_5)
FN:520,(anonymous_6)
FN:1323,(anonymous_7)
FN:2308,(anonymous_8)
FNF:5
FNH:0
FNDA:0,(anonymous_4)
FNDA:0,(anonymous_5)
FNDA:0,(anonymous_6)
FNDA:0,(anonymous_7)
FNDA:0,(anonymous_8)
DA:1,0
DA:3,0
DA:6,0
DA:9,0
DA:10,0
DA:15,0
DA:16,0
DA:17,0
DA:520,0
DA:522,0
DA:523,0
DA:524,0
DA:1323,0
DA:1324,0
DA:1325,0
DA:2308,0
DA:2309,0
DA:2310,0
LF:18
LH:0
BRF:0
BRH:0
end_of_record
TN:
SF:src/app.module.ts
FN:48,(anonymous_1)
FN:83,(anonymous_2)
FNF:2
FNH:0
FNDA:0,(anonymous_1)
FNDA:0,(anonymous_2)
DA:1,0
DA:2,0
DA:3,0
DA:4,0
DA:5,0
DA:7,0
DA:8,0
DA:9,0
DA:10,0
DA:11,0
DA:12,0
DA:15,0
DA:16,0
DA:17,0
DA:18,0
DA:19,0
DA:20,0
DA:21,0
DA:22,0
DA:23,0
DA:24,0
DA:25,0
DA:26,0
DA:27,0
DA:28,0
DA:29,0
DA:31,0
DA:32,0
DA:33,0
DA:34,0
DA:37,0
DA:38,0
DA:48,0
DA:83,0
DA:106,0
LF:35
LH:0
BRDA:85,0,0,0
BRDA:85,0,1,0
BRDA:86,1,0,0
BRDA:86,1,1,0
BRF:4
BRH:0
end_of_record
TN:
SF:src/main.ts
FN:33,bootstrap
FN:121,(anonymous_1)
FN:146,(anonymous_2)
FN:163,(anonymous_3)
FN:232,(anonymous_4)
FN:255,(anonymous_5)
FN:267,(anonymous_6)
FN:270,(anonymous_7)
FN:275,(anonymous_8)
FN:278,(anonymous_9)
FN:285,(anonymous_10)
FN:286,(anonymous_11)
FN:289,(anonymous_12)
FN:298,(anonymous_13)
FN:353,(anonymous_14)
FN:374,(anonymous_15)
FNF:16
FNH:0
FNDA:0,bootstrap
FNDA:0,(anonymous_1)
FNDA:0,(anonymous_2)
FNDA:0,(anonymous_3)
FNDA:0,(anonymous_4)
FNDA:0,(anonymous_5)
FNDA:0,(anonymous_6)
FNDA:0,(anonymous_7)
FNDA:0,(anonymous_8)
FNDA:0,(anonymous_9)
FNDA:0,(anonymous_10)
FNDA:0,(anonymous_11)
FNDA:0,(anonymous_12)
FNDA:0,(anonymous_13)
FNDA:0,(anonymous_14)
FNDA:0,(anonymous_15)
DA:1,0
DA:2,0
DA:3,0
DA:4,0
DA:5,0
DA:6,0
DA:7,0
DA:8,0
DA:9,0
DA:10,0
DA:16,0
DA:17,0
DA:22,0
DA:23,0
DA:24,0
DA:30,0
DA:34,0
DA:37,0
DA:38,0
DA:39,0
DA:40,0
DA:42,0
DA:47,0
DA:54,0
DA:57,0
DA:60,0
DA:61,0
DA:73,0
DA:75,0
DA:77,0
DA:81,0
DA:82,0
DA:98,0
DA:100,0
DA:104,0
DA:113,0
DA:116,0
DA:117,0
DA:118,0
DA:122,0
DA:123,0
DA:125,0
DA:128,0
DA:130,0
DA:135,0
DA:136,0
DA:148,0
DA:151,0
DA:152,0
DA:154,0
DA:158,0
DA:159,0
DA:164,0
DA:167,0
DA:168,0
DA:170,0
DA:174,0
DA:175,0
DA:178,0
DA:193,0
DA:196,0
DA:201,0
DA:202,0
DA:203,0
DA:215,0
DA:216,0
DA:224,0
DA:226,0
DA:231,0
DA:232,0
DA:233,0
DA:234,0
DA:243,0
DA:245,0
DA:254,0
DA:255,0
DA:256,0
DA:257,0
DA:258,0
DA:260,0
DA:263,0
DA:267,0
DA:268,0
DA:270,0
DA:271,0
DA:272,0
DA:275,0
DA:276,0
DA:277,0
DA:279,0
DA:280,0
DA:285,0
DA:286,0
DA:289,0
DA:290,0
DA:291,0
DA:292,0
DA:294,0
DA:298,0
DA:299,0
DA:300,0
DA:301,0
DA:306,0
DA:307,0
DA:311,0
DA:312,0
DA:314,0
DA:317,0
DA:318,0
DA:319,0
DA:320,0
DA:322,0
DA:323,0
DA:326,0
DA:327,0
DA:331,0
DA:332,0
DA:333,0
DA:336,0
DA:337,0
DA:338,0
DA:339,0
DA:340,0
DA:341,0
DA:342,0
DA:345,0
DA:346,0
DA:353,0
DA:355,0
DA:356,0
DA:357,0
DA:359,0
DA:363,0
DA:364,0
DA:365,0
DA:366,0
DA:369,0
DA:373,0
DA:374,0
DA:375,0
DA:376,0
DA:379,0
DA:380,0
DA:383,0
LF:144
LH:0
BRDA:37,0,0,0
BRDA:37,1,0,0
BRDA:37,1,1,0
BRDA:48,2,0,0
BRDA:48,2,1,0
BRDA:60,3,0,0
BRDA:60,4,0,0
BRDA:60,4,1,0
BRDA:63,5,0,0
BRDA:63,5,1,0
BRDA:64,6,0,0
BRDA:64,6,1,0
BRDA:105,7,0,0
BRDA:105,7,1,0
BRDA:106,8,0,0
BRDA:106,8,1,0
BRDA:116,9,0,0
BRDA:119,10,0,0
BRDA:119,10,1,0
BRDA:120,11,0,0
BRDA:120,11,1,0
BRDA:122,12,0,0
BRDA:137,13,0,0
BRDA:137,13,1,0
BRDA:138,14,0,0
BRDA:138,14,1,0
BRDA:142,15,0,0
BRDA:142,15,1,0
BRDA:148,16,0,0
BRDA:148,16,1,0
BRDA:160,17,0,0
BRDA:160,17,1,0
BRDA:161,18,0,0
BRDA:161,18,1,0
BRDA:162,19,0,0
BRDA:162,19,1,0
BRDA:164,20,0,0
BRDA:164,20,1,0
BRDA:201,21,0,0
BRDA:239,22,0,0
BRDA:239,22,1,0
BRDA:254,23,0,0
BRDA:254,24,0,0
BRDA:254,24,1,0
BRDA:291,25,0,0
BRDA:291,26,0,0
BRDA:291,26,1,0
BRDA:300,27,0,0
BRDA:300,28,0,0
BRDA:300,28,1,0
BRDA:306,29,0,0
BRDA:306,30,0,0
BRDA:306,30,1,0
BRDA:319,31,0,0
BRDA:319,31,1,0
BRDA:322,32,0,0
BRDA:322,33,0,0
BRDA:322,33,1,0
BRDA:326,34,0,0
BRDA:337,35,0,0
BRDA:337,35,1,0
BRDA:339,36,0,0
BRDA:339,36,1,0
BRDA:340,37,0,0
BRDA:340,37,1,0
BRDA:341,38,0,0
BRDA:341,38,1,0
BRDA:342,39,0,0
BRDA:342,39,1,0
BRDA:345,40,0,0
BRDA:355,41,0,0
BRDA:355,41,1,0
BRDA:364,42,0,0
BRDA:364,42,1,0
BRDA:365,43,0,0
BRDA:365,43,1,0
BRDA:366,44,0,0
BRDA:366,44,1,0
BRDA:373,45,0,0
BRDA:379,46,0,0
BRDA:379,47,0,0
BRDA:379,47,1,0
BRF:82
BRH:0
end_of_record
TN:
SF:src/admin/admin.controller.ts
FN:48,(anonymous_4)
FN:56,(anonymous_5)
FN:61,(anonymous_6)
FN:66,(anonymous_7)
FN:71,(anonymous_8)
FN:78,(anonymous_9)
FN:86,(anonymous_10)
FN:91,(anonymous_11)
FN:101,(anonymous_12)
FN:106,(anonymous_13)
FN:111,(anonymous_14)
FN:121,(anonymous_15)
FN:130,(anonymous_16)
FN:139,(anonymous_17)
FN:150,(anonymous_18)
FN:155,(anonymous_19)
FN:172,(anonymous_20)
FN:178,(anonymous_21)
FN:186,(anonymous_22)
FN:194,(anonymous_23)
FN:199,(anonymous_24)
FN:207,(anonymous_25)
FN:212,(anonymous_26)
FN:217,(anonymous_27)
FN:222,(anonymous_28)
FN:227,(anonymous_29)
FN:232,(anonymous_30)
FN:237,(anonymous_31)
FN:245,(anonymous_32)
FN:250,(anonymous_33)
FN:255,(anonymous_34)
FNF:31
FNH:0
FNDA:0,(anonymous_4)
FNDA:0,(anonymous_5)
FNDA:0,(anonymous_6)
FNDA:0,(anonymous_7)
FNDA:0,(anonymous_8)
FNDA:0,(anonymous_9)
FNDA:0,(anonymous_10)
FNDA:0,(anonymous_11)
FNDA:0,(anonymous_12)
FNDA:0,(anonymous_13)
FNDA:0,(anonymous_14)
FNDA:0,(anonymous_15)
FNDA:0,(anonymous_16)
FNDA:0,(anonymous_17)
FNDA:0,(anonymous_18)
FNDA:0,(anonymous_19)
FNDA:0,(anonymous_20)
FNDA:0,(anonymous_21)
FNDA:0,(anonymous_22)
FNDA:0,(anonymous_23)
FNDA:0,(anonymous_24)
FNDA:0,(anonymous_25)
FNDA:0,(anonymous_26)
FNDA:0,(anonymous_27)
FNDA:0,(anonymous_28)
FNDA:0,(anonymous_29)
FNDA:0,(anonymous_30)
FNDA:0,(anonymous_31)
FNDA:0,(anonymous_32)
FNDA:0,(anonymous_33)
FNDA:0,(anonymous_34)
DA:1,0
DA:15,0
DA:16,0
DA:17,0
DA:18,0
DA:21,0
DA:22,0
DA:25,0
DA:47,0
DA:49,0
DA:50,0
DA:56,0
DA:57,0
DA:61,0
DA:62,0
DA:66,0
DA:67,0
DA:71,0
DA:72,0
DA:78,0
DA:82,0
DA:86,0
DA:87,0
DA:91,0
DA:95,0
DA:101,0
DA:102,0
DA:106,0
DA:107,0
DA:111,0
DA:116,0
DA:117,0
DA:121,0
DA:125,0
DA:126,0
DA:130,0
DA:134,0
DA:135,0
DA:139,0
DA:143,0
DA:144,0
DA:150,0
DA:151,0
DA:155,0
DA:160,0
DA:161,0
DA:172,0
DA:174,0
DA:178,0
DA:182,0
DA:186,0
DA:190,0
DA:194,0
DA:195,0
DA:199,0
DA:203,0
DA:207,0
DA:208,0
DA:212,0
DA:213,0
DA:217,0
DA:218,0
DA:222,0
DA:223,0
DA:227,0
DA:228,0
DA:232,0
DA:233,0
DA:237,0
DA:241,0
DA:245,0
DA:246,0
DA:250,0
DA:251,0
DA:255,0
DA:256,0
LF:76
LH:0
BRF:0
BRH:0
end_of_record
TN:
SF:src/admin/admin.module.ts
FNF:0
FNH:0
DA:1,0
DA:2,0
DA:5,0
DA:6,0
DA:9,0
DA:12,0
DA:13,0
DA:16,0
DA:17,0
DA:18,0
DA:19,0
DA:20,0
DA:21,0
DA:22,0
DA:23,0
DA:24,0
DA:25,0
DA:26,0
DA:27,0
DA:67,0
LF:20
LH:0
BRF:0
BRH:0
end_of_record
TN:
SF:src/admin/admin.service.ts
FN:12,(anonymous_4)
FN:24,(anonymous_5)
FN:48,(anonymous_6)
FN:70,(anonymous_7)
FN:89,(anonymous_8)
FN:96,(anonymous_9)
FN:113,(anonymous_10)
FN:126,(anonymous_11)
FN:139,(anonymous_12)
FN:153,(anonymous_13)
FN:170,(anonymous_14)
FN:181,(anonymous_15)
FN:190,(anonymous_16)
FN:203,(anonymous_17)
FN:217,(anonymous_18)
FNF:15
FNH:0
FNDA:0,(anonymous_4)
FNDA:0,(anonymous_5)
FNDA:0,(anonymous_6)
FNDA:0,(anonymous_7)
FNDA:0,(anonymous_8)
FNDA:0,(anonymous_9)
FNDA:0,(anonymous_10)
FNDA:0,(anonymous_11)
FNDA:0,(anonymous_12)
FNDA:0,(anonymous_13)
FNDA:0,(anonymous_14)
FNDA:0,(anonymous_15)
FNDA:0,(anonymous_16)
FNDA:0,(anonymous_17)
FNDA:0,(anonymous_18)
DA:1,0
DA:2,0
DA:3,0
DA:4,0
DA:5,0
DA:6,0
DA:7,0
DA:11,0
DA:14,0
DA:16,0
DA:18,0
DA:20,0
DA:26,0
DA:30,0
DA:31,0
DA:35,0
DA:40,0
DA:45,0
DA:49,0
DA:51,0
DA:52,0
DA:56,0
DA:57,0
DA:61,0
DA:62,0
DA:66,0
DA:67,0
DA:71,0
DA:73,0
DA:74,0
DA:78,0
DA:82,0
DA:83,0
DA:86,0
DA:90,0
DA:97,0
DA:104,0
DA:114,0
DA:118,0
DA:119,0
DA:122,0
DA:123,0
DA:127,0
DA:131,0
DA:132,0
DA:135,0
DA:136,0
DA:140,0
DA:144,0
DA:145,0
DA:148,0
DA:149,0
DA:154,0
DA:161,0
DA:171,0
DA:176,0
DA:177,0
DA:181,0
DA:182,0
DA:183,0
DA:186,0
DA:187,0
DA:191,0
DA:195,0
DA:196,0
DA:199,0
DA:200,0
DA:204,0
DA:208,0
DA:209,0
DA:212,0
DA:213,0
DA:225,0
DA:234,0
LF:74
LH:0
BRDA:30,0,0,0
BRDA:42,1,0,0
BRDA:42,1,1,0
BRDA:51,2,0,0
BRDA:56,3,0,0
BRDA:56,4,0,0
BRDA:56,4,1,0
BRDA:61,5,0,0
BRDA:73,6,0,0
BRDA:82,7,0,0
BRDA:96,8,0,0
BRDA:96,9,0,0
BRDA:118,10,0,0
BRDA:131,11,0,0
BRDA:144,12,0,0
BRDA:153,13,0,0
BRDA:153,14,0,0
BRDA:176,15,0,0
BRDA:181,16,0,0
BRDA:181,16,1,0
BRDA:182,17,0,0
BRDA:195,18,0,0
BRDA:208,19,0,0
BRDA:241,20,0,0
BRDA:241,20,1,0
BRF:25
BRH:0
end_of_record
TN:
SF:src/admin/dto/admin.dto.ts
FN:53,(anonymous_2)
FN:75,(anonymous_3)
FN:81,(anonymous_4)
FN:131,(anonymous_5)
FN:157,(anonymous_6)
FN:163,(anonymous_7)
FN:256,(anonymous_8)
FN:274,(anonymous_9)
FN:280,(anonymous_10)
FNF:9
FNH:0
FNDA:0,(anonymous_2)
FNDA:0,(anonymous_3)
FNDA:0,(anonymous_4)
FNDA:0,(anonymous_5)
FNDA:0,(anonymous_6)
FNDA:0,(anonymous_7)
FNDA:0,(anonymous_8)
FNDA:0,(anonymous_9)
FNDA:0,(anonymous_10)
DA:1,0
DA:2,0
DA:3,0
DA:4,0
DA:5,0
DA:8,0
DA:10,0
DA:13,0
DA:16,0
DA:20,0
DA:23,0
DA:26,0
DA:30,0
DA:34,0
DA:38,0
DA:41,0
DA:45,0
DA:49,0
DA:53,0
DA:56,0
DA:60,0
DA:64,0
DA:68,0
DA:72,0
DA:75,0
DA:78,0
DA:81,0
DA:85,0
DA:88,0
DA:91,0
DA:94,0
DA:98,0
DA:102,0
DA:104,0
DA:107,0
DA:110,0
DA:118,0
DA:121,0
DA:123,0
DA:127,0
DA:131,0
DA:134,0
DA:138,0
DA:142,0
DA:146,0
DA:150,0
DA:154,0
DA:157,0
DA:160,0
DA:163,0
DA:167,0
DA:170,0
DA:172,0
DA:175,0
DA:177,0
DA:180,0
DA:184,0
DA:186,0
DA:191,0
DA:195,0
DA:198,0
DA:200,0
DA:204,0
DA:208,0
DA:211,0
DA:214,0
DA:218,0
DA:222,0
DA:226,0
DA:230,0
DA:234,0
DA:236,0
DA:239,0
DA:243,0
DA:246,0
DA:248,0
DA:252,0
DA:256,0
DA:259,0
DA:263,0
DA:267,0
DA:271,0
DA:274,0
DA:277,0
DA:280,0
DA:284,0
DA:287,0
DA:289,0
DA:293,0
DA:297,0
LF:90
LH:0
BRF:0
BRH:0
end_of_record
TN:
SF:src/admin/dto/category.dto.ts
FN:3,(anonymous_2)
FNF:1
FNH:0
FNDA:0,(anonymous_2)
DA:1,0
DA:3,0
DA:7,0
DA:12,0
DA:17,0
DA:21,0
DA:24,0
DA:29,0
DA:34,0
DA:39,0
DA:43,0
DA:47,0
LF:12
LH:0
BRF:0
BRH:0
end_of_record
TN:
SF:src/admin/services/admin-dashboard.service.ts
FN:15,(anonymous_4)
FN:28,(anonymous_5)
FN:58,(anonymous_6)
FN:83,(anonymous_7)
FN:105,(anonymous_8)
FN:137,(anonymous_9)
FN:172,(anonymous_10)
FN:211,(anonymous_11)
FN:235,(anonymous_12)
FN:258,(anonymous_13)
FN:275,(anonymous_14)
FN:283,(anonymous_15)
FN:294,(anonymous_16)
FN:298,(anonymous_17)
FN:313,(anonymous_18)
FN:319,(anonymous_19)
FN:324,(anonymous_20)
FN:329,(anonymous_21)
FN:334,(anonymous_22)
FN:340,(anonymous_23)
FN:345,(anonymous_24)
FN:350,(anonymous_25)
FN:358,(anonymous_26)
FN:369,(anonymous_27)
FN:380,(anonymous_28)
FN:391,(anonymous_29)
FN:402,(anonymous_30)
FN:420,(anonymous_31)
FNF:28
FNH:0
FNDA:0,(anonymous_4)
FNDA:0,(anonymous_5)
FNDA:0,(anonymous_6)
FNDA:0,(anonymous_7)
FNDA:0,(anonymous_8)
FNDA:0,(anonymous_9)
FNDA:0,(anonymous_10)
FNDA:0,(anonymous_11)
FNDA:0,(anonymous_12)
FNDA:0,(anonymous_13)
FNDA:0,(anonymous_14)
FNDA:0,(anonymous_15)
FNDA:0,(anonymous_16)
FNDA:0,(anonymous_17)
FNDA:0,(anonymous_18)
FNDA:0,(anonymous_19)
FNDA:0,(anonymous_20)
FNDA:0,(anonymous_21)
FNDA:0,(anonymous_22)
FNDA:0,(anonymous_23)
FNDA:0,(anonymous_24)
FNDA:0,(anonymous_25)
FNDA:0,(anonymous_26)
FNDA:0,(anonymous_27)
FNDA:0,(anonymous_28)
FNDA:0,(anonymous_29)
FNDA:0,(anonymous_30)
FNDA:0,(anonymous_31)
DA:1,0
DA:2,0
DA:3,0
DA:4,0
DA:5,0
DA:6,0
DA:7,0
DA:8,0
DA:10,0
DA:11,0
DA:14,0
DA:17,0
DA:19,0
DA:21,0
DA:23,0
DA:25,0
DA:30,0
DA:38,0
DA:46,0
DA:55,0
DA:59,0
DA:66,0
DA:73,0
DA:88,0
DA:94,0
DA:102,0
DA:106,0
DA:115,0
DA:124,0
DA:144,0
DA:161,0
DA:178,0
DA:202,0
DA:212,0
DA:224,0
DA:236,0
DA:248,0
DA:261,0
DA:274,0
DA:275,0
DA:283,0
DA:293,0
DA:294,0
DA:299,0
DA:302,0
DA:303,0
DA:306,0
DA:307,0
DA:310,0
DA:316,0
DA:321,0
DA:326,0
DA:331,0
DA:335,0
DA:342,0
DA:347,0
DA:351,0
DA:352,0
DA:353,0
DA:354,0
DA:355,0
DA:359,0
DA:366,0
DA:370,0
DA:377,0
DA:381,0
DA:388,0
DA:392,0
DA:399,0
DA:403,0
DA:421,0
LF:71
LH:0
BRDA:167,0,0,0
BRDA:167,0,1,0
BRDA:168,1,0,0
BRDA:168,1,1,0
BRDA:207,2,0,0
BRDA:207,2,1,0
BRDA:225,3,0,0
BRDA:225,3,1,0
BRDA:226,4,0,0
BRDA:226,4,1,0
BRDA:227,5,0,0
BRDA:227,5,1,0
BRDA:228,6,0,0
BRDA:228,6,1,0
BRDA:229,7,0,0
BRDA:229,7,1,0
BRDA:230,8,0,0
BRDA:230,8,1,0
BRDA:231,9,0,0
BRDA:231,9,1,0
BRDA:249,10,0,0
BRDA:249,10,1,0
BRDA:250,11,0,0
BRDA:250,11,1,0
BRDA:251,12,0,0
BRDA:251,12,1,0
BRDA:252,13,0,0
BRDA:252,13,1,0
BRDA:253,14,0,0
BRDA:253,14,1,0
BRDA:254,15,0,0
BRDA:254,15,1,0
BRDA:254,16,0,0
BRDA:254,16,1,0
BRDA:278,17,0,0
BRDA:278,17,1,0
BRDA:279,18,0,0
BRDA:279,18,1,0
BRDA:287,19,0,0
BRDA:287,19,1,0
BRDA:299,20,0,0
BRDA:299,20,1,0
BRDA:302,21,0,0
BRDA:302,21,1,0
BRDA:352,22,0,0
BRDA:353,23,0,0
BRDA:354,24,0,0
BRDA:366,25,0,0
BRDA:366,25,1,0
BRDA:377,26,0,0
BRDA:377,26,1,0
BRDA:388,27,0,0
BRDA:388,27,1,0
BRDA:399,28,0,0
BRDA:399,28,1,0
BRF:55
BRH:0
end_of_record
TN:
SF:src/admin/services/admin-user-management.service.ts
FN:23,(anonymous_4)
FN:39,(anonymous_5)
FN:103,(anonymous_6)
FN:137,(anonymous_7)
FN:188,(anonymous_8)
FN:250,(anonymous_9)
FN:263,(anonymous_10)
FN:285,(anonymous_11)
FN:307,(anonymous_12)
FN:328,(anonymous_13)
FN:373,(anonymous_14)
FN:374,(anonymous_15)
FN:379,(anonymous_16)
FN:416,(anonymous_17)
FN:450,(anonymous_18)
FN:459,(anonymous_19)
FNF:16
FNH:0
FNDA:0,(anonymous_4)
FNDA:0,(anonymous_5)
FNDA:0,(anonymous_6)
FNDA:0,(anonymous_7)
FNDA:0,(anonymous_8)
FNDA:0,(anonymous_9)
FNDA:0,(anonymous_10)
FNDA:0,(anonymous_11)
FNDA:0,(anonymous_12)
FNDA:0,(anonymous_13)
FNDA:0,(anonymous_14)
FNDA:0,(anonymous_15)
FNDA:0,(anonymous_16)
FNDA:0,(anonymous_17)
FNDA:0,(anonymous_18)
FNDA:0,(anonymous_19)
DA:1,0
DA:2,0
DA:3,0
DA:4,0
DA:5,0
DA:6,0
DA:7,0
DA:8,0
DA:9,0
DA:18,0
DA:19,0
DA:22,0
DA:25,0
DA:27,0
DA:29,0
DA:31,0
DA:33,0
DA:34,0
DA:35,0
DA:40,0
DA:43,0
DA:47,0
DA:48,0
DA:52,0
DA:53,0
DA:56,0
DA:63,0
DA:64,0
DA:67,0
DA:74,0
DA:80,0
DA:85,0
DA:88,0
DA:104,0
DA:109,0
DA:110,0
DA:114,0
DA:115,0
DA:118,0
DA:119,0
DA:122,0
DA:123,0
DA:125,0
DA:126,0
DA:129,0
DA:132,0
DA:134,0
DA:138,0
DA:143,0
DA:144,0
DA:150,0
DA:151,0
DA:152,0
DA:153,0
DA:156,0
DA:157,0
DA:162,0
DA:163,0
DA:168,0
DA:170,0
DA:176,0
DA:189,0
DA:194,0
DA:195,0
DA:201,0
DA:202,0
DA:203,0
DA:204,0
DA:205,0
DA:206,0
DA:207,0
DA:211,0
DA:212,0
DA:213,0
DA:214,0
DA:215,0
DA:216,0
DA:219,0
DA:220,0
DA:225,0
DA:226,0
DA:231,0
DA:233,0
DA:239,0
DA:251,0
DA:256,0
DA:257,0
DA:260,0
DA:264,0
DA:268,0
DA:269,0
DA:272,0
DA:273,0
DA:276,0
DA:280,0
DA:282,0
DA:286,0
DA:290,0
DA:291,0
DA:294,0
DA:295,0
DA:298,0
DA:302,0
DA:304,0
DA:308,0
DA:312,0
DA:313,0
DA:317,0
DA:318,0
DA:319,0
DA:322,0
DA:325,0
DA:329,0
DA:333,0
DA:334,0
DA:337,0
DA:339,0
DA:340,0
DA:341,0
DA:343,0
DA:344,0
DA:345,0
DA:347,0
DA:348,0
DA:349,0
DA:351,0
DA:352,0
DA:353,0
DA:355,0
DA:356,0
DA:357,0
DA:358,0
DA:361,0
DA:369,0
DA:373,0
DA:374,0
DA:380,0
DA:387,0
DA:388,0
DA:391,0
DA:392,0
DA:397,0
DA:399,0
DA:405,0
DA:421,0
DA:426,0
DA:427,0
DA:430,0
DA:431,0
DA:432,0
DA:433,0
DA:435,0
DA:438,0
DA:439,0
DA:440,0
DA:444,0
DA:446,0
DA:451,0
DA:452,0
DA:453,0
DA:454,0
DA:456,0
DA:469,0
LF:163
LH:0
BRDA:47,0,0,0
BRDA:77,1,0,0
BRDA:77,1,1,0
BRDA:109,2,0,0
BRDA:114,3,0,0
BRDA:118,4,0,0
BRDA:122,5,0,0
BRDA:143,6,0,0
BRDA:150,7,0,0
BRDA:150,7,1,0
BRDA:152,8,0,0
BRDA:156,9,0,0
BRDA:162,10,0,0
BRDA:194,11,0,0
BRDA:201,12,0,0
BRDA:202,13,0,0
BRDA:202,13,1,0
BRDA:204,14,0,0
BRDA:204,14,1,0
BRDA:206,15,0,0
BRDA:211,16,0,0
BRDA:211,16,1,0
BRDA:213,17,0,0
BRDA:213,17,1,0
BRDA:215,18,0,0
BRDA:219,19,0,0
BRDA:225,20,0,0
BRDA:256,21,0,0
BRDA:268,22,0,0
BRDA:290,23,0,0
BRDA:312,24,0,0
BRDA:333,25,0,0
BRDA:341,26,0,0
BRDA:341,26,1,0
BRDA:341,26,2,0
BRDA:341,26,3,0
BRDA:347,27,0,0
BRDA:347,27,1,0
BRDA:387,28,0,0
BRDA:391,29,0,0
BRDA:426,30,0,0
BRDA:438,31,0,0
BRF:42
BRH:0
end_of_record
TN:
SF:src/auth/auth.module.ts
FN:46,(anonymous_1)
FNF:1
FNH:0
FNDA:0,(anonymous_1)
DA:1,0
DA:2,0
DA:3,0
DA:4,0
DA:5,0
DA:8,0
DA:9,0
DA:10,0
DA:11,0
DA:12,0
DA:13,0
DA:16,0
DA:17,0
DA:18,0
DA:19,0
DA:20,0
DA:21,0
DA:24,0
DA:27,0
DA:30,0
DA:31,0
DA:46,0
DA:78,0
LF:23
LH:0
BRF:0
BRH:0
end_of_record
TN:
SF:src/auth/controllers/auth.controller.ts
FN:43,(anonymous_4)
FN:53,(anonymous_5)
FN:63,(anonymous_6)
FN:73,(anonymous_7)
FN:84,(anonymous_8)
FN:94,(anonymous_9)
FN:109,(anonymous_10)
FN:120,(anonymous_11)
FN:131,(anonymous_12)
FN:140,(anonymous_13)
FN:153,(anonymous_14)
FN:161,(anonymous_15)
FN:173,(anonymous_16)
FN:188,(anonymous_17)
FN:200,(anonymous_18)
FN:209,(anonymous_19)
FN:217,(anonymous_20)
FN:224,(anonymous_21)
FNF:18
FNH:0
FNDA:0,(anonymous_4)
FNDA:0,(anonymous_5)
FNDA:0,(anonymous_6)
FNDA:0,(anonymous_7)
FNDA:0,(anonymous_8)
FNDA:0,(anonymous_9)
FNDA:0,(anonymous_10)
FNDA:0,(anonymous_11)
FNDA:0,(anonymous_12)
FNDA:0,(anonymous_13)
FNDA:0,(anonymous_14)
FNDA:0,(anonymous_15)
FNDA:0,(anonymous_16)
FNDA:0,(anonymous_17)
FNDA:0,(anonymous_18)
FNDA:0,(anonymous_19)
FNDA:0,(anonymous_20)
FNDA:0,(anonymous_21)
DA:1,0
DA:13,0
DA:15,0
DA:16,0
DA:17,0
DA:18,0
DA:20,0
DA:36,0
DA:37,0
DA:38,0
DA:42,0
DA:44,0
DA:45,0
DA:46,0
DA:47,0
DA:53,0
DA:54,0
DA:55,0
DA:57,0
DA:63,0
DA:64,0
DA:65,0
DA:67,0
DA:73,0
DA:74,0
DA:75,0
DA:77,0
DA:78,0
DA:84,0
DA:85,0
DA:86,0
DA:88,0
DA:94,0
DA:99,0
DA:100,0
DA:102,0
DA:103,0
DA:109,0
DA:110,0
DA:111,0
DA:113,0
DA:114,0
DA:120,0
DA:121,0
DA:122,0
DA:124,0
DA:125,0
DA:131,0
DA:134,0
DA:140,0
DA:141,0
DA:142,0
DA:143,0
DA:147,0
DA:153,0
DA:154,0
DA:155,0
DA:161,0
DA:162,0
DA:163,0
DA:164,0
DA:167,0
DA:173,0
DA:175,0
DA:177,0
DA:188,0
DA:189,0
DA:190,0
DA:191,0
DA:194,0
DA:200,0
DA:202,0
DA:204,0
DA:209,0
DA:210,0
DA:211,0
DA:217,0
DA:218,0
DA:219,0
DA:224,0
DA:225,0
LF:81
LH:0
BRDA:54,0,0,0
BRDA:54,0,1,0
BRDA:54,0,2,0
BRDA:55,1,0,0
BRDA:55,1,1,0
BRDA:64,2,0,0
BRDA:64,2,1,0
BRDA:64,2,2,0
BRDA:65,3,0,0
BRDA:65,3,1,0
BRDA:74,4,0,0
BRDA:74,4,1,0
BRDA:74,4,2,0
BRDA:75,5,0,0
BRDA:75,5,1,0
BRDA:85,6,0,0
BRDA:85,6,1,0
BRDA:85,6,2,0
BRDA:86,7,0,0
BRDA:86,7,1,0
BRDA:99,8,0,0
BRDA:99,8,1,0
BRDA:99,8,2,0
BRDA:100,9,0,0
BRDA:100,9,1,0
BRDA:110,10,0,0
BRDA:110,10,1,0
BRDA:110,10,2,0
BRDA:111,11,0,0
BRDA:111,11,1,0
BRDA:121,12,0,0
BRDA:121,12,1,0
BRDA:121,12,2,0
BRDA:122,13,0,0
BRDA:122,13,1,0
BRDA:142,14,0,0
BRDA:163,15,0,0
BRDA:190,16,0,0
BRF:38
BRH:0
end_of_record
TN:
SF:src/auth/decorators/current-user.decorator.ts
FN:4,(anonymous_0)
FNF:1
FNH:0
FNDA:0,(anonymous_0)
DA:1,0
DA:3,0
DA:5,0
DA:6,0
LF:4
LH:0
BRF:0
BRH:0
end_of_record
TN:
SF:src/auth/decorators/public.decorator.ts
FN:4,(anonymous_0)
FNF:1
FNH:0
FNDA:0,(anonymous_0)
DA:1,0
DA:3,0
DA:4,0
LF:3
LH:0
BRF:0
BRH:0
end_of_record
TN:
SF:src/auth/decorators/roles.decorator.ts
FN:5,(anonymous_0)
FNF:1
FNH:0
FNDA:0,(anonymous_0)
DA:1,0
DA:4,0
DA:5,0
LF:3
LH:0
BRF:0
BRH:0
end_of_record
TN:
SF:src/auth/dto/change-password.dto.ts
FNF:0
FNH:0
DA:1,0
DA:3,0
DA:6,0
DA:17,0
DA:21,0
LF:5
LH:0
BRF:0
BRH:0
end_of_record
TN:
SF:src/auth/dto/index.ts
FNF:0
FNH:0
DA:1,0
DA:2,0
DA:3,0
DA:4,0
DA:5,0
DA:6,0
DA:7,0
DA:8,0
LF:8
LH:0
BRF:0
BRH:0
end_of_record
TN:
SF:src/auth/dto/login.dto.ts
FN:7,(anonymous_2)
FNF:1
FNH:0
FNDA:0,(anonymous_2)
DA:1,0
DA:2,0
DA:4,0
DA:7,0
DA:8,0
DA:12,0
DA:16,0
DA:20,0
LF:8
LH:0
BRF:0
BRH:0
end_of_record
TN:
SF:src/auth/dto/mfa.dto.ts
FNF:0
FNH:0
DA:1,0
DA:3,0
DA:6,0
DA:9,0
DA:13,0
DA:16,0
DA:19,0
DA:25,0
DA:29,0
DA:32,0
DA:37,0
DA:41,0
LF:12
LH:0
BRF:0
BRH:0
end_of_record
TN:
SF:src/auth/dto/refresh-token.dto.ts
FNF:0
FNH:0
DA:1,0
DA:3,0
DA:6,0
LF:3
LH:0
BRF:0
BRH:0
end_of_record
TN:
SF:src/auth/dto/register.dto.ts
FN:16,(anonymous_2)
FN:37,(anonymous_3)
FN:43,(anonymous_4)
FNF:3
FNH:0
FNDA:0,(anonymous_2)
FNDA:0,(anonymous_3)
FNDA:0,(anonymous_4)
DA:1,0
DA:12,0
DA:14,0
DA:16,0
DA:17,0
DA:21,0
DA:32,0
DA:37,0
DA:38,0
DA:43,0
DA:44,0
DA:48,0
DA:54,0
DA:59,0
DA:65,0
LF:15
LH:0
BRF:0
BRH:0
end_of_record
TN:
SF:src/auth/dto/reset-password.dto.ts
FN:6,(anonymous_2)
FNF:1
FNH:0
FNDA:0,(anonymous_2)
DA:1,0
DA:2,0
DA:4,0
DA:6,0
DA:7,0
DA:10,0
DA:13,0
DA:24,0
DA:28,0
LF:9
LH:0
BRF:0
BRH:0
end_of_record
TN:
SF:src/auth/dto/verify-email.dto.ts
FN:6,(anonymous_2)
FNF:1
FNH:0
FNDA:0,(anonymous_2)
DA:1,0
DA:2,0
DA:4,0
DA:6,0
DA:7,0
DA:10,0
DA:13,0
LF:7
LH:0
BRF:0
BRH:0
end_of_record
TN:
SF:src/auth/dto/verify-phone.dto.ts
FNF:0
FNH:0
DA:1,0
DA:3,0
DA:5,0
DA:8,0
DA:10,0
DA:15,0
LF:6
LH:0
BRF:0
BRH:0
end_of_record
TN:
SF:src/auth/guards/jwt-auth.guard.ts
FN:8,(anonymous_2)
FN:12,(anonymous_3)
FN:25,(anonymous_4)
FNF:3
FNH:0
FNDA:0,(anonymous_2)
FNDA:0,(anonymous_3)
FNDA:0,(anonymous_4)
DA:1,0
DA:2,0
DA:3,0
DA:4,0
DA:7,0
DA:8,0
DA:9,0
DA:13,0
DA:18,0
DA:19,0
DA:22,0
DA:26,0
DA:27,0
DA:29,0
LF:14
LH:0
BRDA:18,0,0,0
BRDA:26,1,0,0
BRDA:26,2,0,0
BRDA:26,2,1,0
BRDA:27,3,0,0
BRDA:27,3,1,0
BRF:6
BRH:0
end_of_record
TN:
SF:src/auth/guards/roles.guard.ts
FN:8,(anonymous_2)
FN:10,(anonymous_3)
FN:26,(anonymous_4)
FNF:3
FNH:0
FNDA:0,(anonymous_2)
FNDA:0,(anonymous_3)
FNDA:0,(anonymous_4)
DA:1,0
DA:2,0
DA:3,0
DA:7,0
DA:8,0
DA:11,0
DA:16,0
DA:17,0
DA:20,0
DA:22,0
DA:23,0
DA:26,0
DA:28,0
DA:29,0
DA:32,0
LF:15
LH:0
BRDA:16,0,0,0
BRDA:22,1,0,0
BRDA:28,2,0,0
BRF:3
BRH:0
end_of_record
TN:
SF:src/auth/services/audit.service.ts
FN:20,(anonymous_4)
FN:25,(anonymous_5)
FN:55,(anonymous_6)
FN:78,(anonymous_7)
FN:90,(anonymous_8)
FN:112,(anonymous_9)
FN:121,(anonymous_10)
FNF:7
FNH:0
FNDA:0,(anonymous_4)
FNDA:0,(anonymous_5)
FNDA:0,(anonymous_6)
FNDA:0,(anonymous_7)
FNDA:0,(anonymous_8)
FNDA:0,(anonymous_9)
FNDA:0,(anonymous_10)
DA:1,1
DA:2,1
DA:3,1
DA:4,1
DA:17,1
DA:18,0
DA:22,0
DA:26,0
DA:27,0
DA:37,0
DA:40,0
DA:41,0
DA:48,0
DA:50,0
DA:61,0
DA:63,0
DA:64,0
DA:67,0
DA:68,0
DA:71,0
DA:82,0
DA:94,0
DA:96,0
DA:98,0
DA:99,0
DA:102,0
DA:103,0
DA:105,0
DA:107,0
DA:113,0
DA:114,0
DA:115,0
DA:116,0
DA:117,0
DA:122,0
DA:123,0
DA:125,0
DA:131,0
LF:38
LH:5
BRDA:34,0,0,0
BRDA:34,0,1,0
BRDA:40,1,0,0
BRDA:58,2,0,0
BRDA:59,3,0,0
BRDA:63,4,0,0
BRDA:67,5,0,0
BRDA:79,6,0,0
BRDA:80,7,0,0
BRDA:92,8,0,0
BRDA:98,9,0,0
BRDA:114,10,0,0
BRDA:121,11,0,0
BRF:13
BRH:0
end_of_record
TN:
SF:src/auth/services/auth.service.ts
FN:58,(anonymous_4)
FN:75,(anonymous_5)
FN:163,(anonymous_6)
FN:270,(anonymous_7)
FN:270,(anonymous_8)
FN:275,(anonymous_9)
FN:292,(anonymous_10)
FN:341,(anonymous_11)
FN:366,(anonymous_12)
FN:410,(anonymous_13)
FN:441,(anonymous_14)
FN:472,(anonymous_15)
FNF:12
FNH:0
FNDA:0,(anonymous_4)
FNDA:0,(anonymous_5)
FNDA:0,(anonymous_6)
FNDA:0,(anonymous_7)
FNDA:0,(anonymous_8)
FNDA:0,(anonymous_9)
FNDA:0,(anonymous_10)
FNDA:0,(anonymous_11)
FNDA:0,(anonymous_12)
FNDA:0,(anonymous_13)
FNDA:0,(anonymous_14)
FNDA:0,(anonymous_15)
DA:1,1
DA:9,1
DA:10,1
DA:11,1
DA:12,1
DA:13,1
DA:16,1
DA:17,1
DA:18,1
DA:19,1
DA:20,1
DA:30,1
DA:31,1
DA:32,1
DA:33,1
DA:57,1
DA:60,0
DA:62,0
DA:64,0
DA:66,0
DA:67,0
DA:68,0
DA:69,0
DA:70,0
DA:71,0
DA:72,0
DA:76,0
DA:79,0
DA:83,0
DA:84,0
DA:85,0
DA:87,0
DA:88,0
DA:93,0
DA:94,0
DA:97,0
DA:105,0
DA:108,0
DA:118,0
DA:121,0
DA:127,0
DA:130,0
DA:131,0
DA:134,0
DA:143,0
DA:146,0
DA:164,0
DA:166,0
DA:167,0
DA:171,0
DA:176,0
DA:177,0
DA:184,0
DA:188,0
DA:189,0
DA:197,0
DA:201,0
DA:202,0
DA:206,0
DA:207,0
DA:208,0
DA:209,0
DA:213,0
DA:214,0
DA:215,0
DA:218,0
DA:219,0
DA:220,0
DA:228,0
DA:233,0
DA:234,0
DA:241,0
DA:247,0
DA:256,0
DA:258,0
DA:270,0
DA:277,0
DA:283,0
DA:298,0
DA:300,0
DA:301,0
DA:304,0
DA:305,0
DA:306,0
DA:310,0
DA:311,0
DA:312,0
DA:316,0
DA:317,0
DA:320,0
DA:323,0
DA:329,0
DA:338,0
DA:342,0
DA:344,0
DA:345,0
DA:347,0
DA:351,0
DA:354,0
DA:357,0
DA:367,0
DA:369,0
DA:370,0
DA:374,0
DA:375,0
DA:376,0
DA:379,0
DA:380,0
DA:381,0
DA:385,0
DA:386,0
DA:389,0
DA:392,0
DA:398,0
DA:407,0
DA:411,0
DA:416,0
DA:417,0
DA:421,0
DA:427,0
DA:430,0
DA:438,0
DA:442,0
DA:444,0
DA:448,0
DA:454,0
DA:455,0
DA:457,0
DA:465,0
DA:473,0
DA:474,0
DA:476,0
DA:478,0
DA:479,0
DA:480,0
DA:483,0
DA:488,0
DA:500,0
DA:501,0
LF:139
LH:16
BRDA:80,0,0,0
BRDA:80,0,1,0
BRDA:83,1,0,0
BRDA:84,2,0,0
BRDA:87,3,0,0
BRDA:93,4,0,0
BRDA:93,4,1,0
BRDA:112,5,0,0
BRDA:112,5,1,0
BRDA:115,6,0,0
BRDA:115,6,1,0
BRDA:166,7,0,0
BRDA:166,8,0,0
BRDA:166,8,1,0
BRDA:172,9,0,0
BRDA:172,9,1,0
BRDA:176,10,0,0
BRDA:179,11,0,0
BRDA:179,11,1,0
BRDA:188,12,0,0
BRDA:201,13,0,0
BRDA:207,14,0,0
BRDA:213,15,0,0
BRDA:214,16,0,0
BRDA:219,17,0,0
BRDA:233,18,0,0
BRDA:300,19,0,0
BRDA:305,20,0,0
BRDA:311,21,0,0
BRDA:316,22,0,0
BRDA:316,22,1,0
BRDA:345,23,0,0
BRDA:369,24,0,0
BRDA:375,25,0,0
BRDA:380,26,0,0
BRDA:385,27,0,0
BRDA:385,27,1,0
BRDA:416,28,0,0
BRDA:416,29,0,0
BRDA:416,29,1,0
BRDA:478,30,0,0
BRDA:500,31,0,0
BRF:42
BRH:0
end_of_record
TN:
SF:src/auth/services/email.service.ts
FN:11,(anonymous_2)
FN:34,(anonymous_3)
FN:58,(anonymous_4)
FN:82,(anonymous_5)
FN:99,(anonymous_6)
FN:116,(anonymous_7)
FN:123,(anonymous_8)
FN:127,(anonymous_9)
FN:131,(anonymous_10)
FN:135,(anonymous_11)
FNF:10
FNH:0
FNDA:0,(anonymous_2)
FNDA:0,(anonymous_3)
FNDA:0,(anonymous_4)
FNDA:0,(anonymous_5)
FNDA:0,(anonymous_6)
FNDA:0,(anonymous_7)
FNDA:0,(anonymous_8)
FNDA:0,(anonymous_9)
FNDA:0,(anonymous_10)
FNDA:0,(anonymous_11)
DA:1,1
DA:2,1
DA:3,1
DA:7,1
DA:8,0
DA:12,0
DA:14,0
DA:15,0
DA:16,0
DA:19,0
DA:20,0
DA:30,0
DA:35,0
DA:36,0
DA:37,0
DA:40,0
DA:41,0
DA:43,0
DA:50,0
DA:51,0
DA:53,0
DA:54,0
DA:59,0
DA:60,0
DA:61,0
DA:64,0
DA:65,0
DA:67,0
DA:74,0
DA:75,0
DA:77,0
DA:78,0
DA:83,0
DA:84,0
DA:91,0
DA:92,0
DA:94,0
DA:95,0
DA:100,0
DA:101,0
DA:108,0
DA:109,0
DA:111,0
DA:112,0
DA:117,0
DA:118,0
DA:124,0
DA:128,0
DA:132,0
DA:136,0
LF:50
LH:4
BRDA:19,0,0,0
BRDA:19,0,1,0
BRDA:19,1,0,0
BRDA:19,1,1,0
BRDA:19,1,2,0
BRDA:19,1,3,0
BRDA:35,2,0,0
BRDA:59,3,0,0
BRDA:118,4,0,0
BRDA:118,4,1,0
BRF:10
BRH:0
end_of_record
TN:
SF:src/auth/services/password.service.ts
FN:8,(anonymous_2)
FN:10,(anonymous_3)
FN:15,(anonymous_4)
FN:19,(anonymous_5)
FN:29,(anonymous_6)
FN:58,(anonymous_7)
FN:62,(anonymous_8)
FNF:7
FNH:1
FNDA:1,(anonymous_2)
FNDA:0,(anonymous_3)
FNDA:0,(anonymous_4)
FNDA:0,(anonymous_5)
FNDA:0,(anonymous_6)
FNDA:0,(anonymous_7)
FNDA:0,(anonymous_8)
DA:1,2
DA:2,2
DA:3,2
DA:7,2
DA:8,1
DA:11,0
DA:12,0
DA:16,0
DA:21,0
DA:22,0
DA:23,0
DA:24,0
DA:26,0
DA:30,0
DA:32,0
DA:33,0
DA:36,0
DA:37,0
DA:40,0
DA:41,0
DA:44,0
DA:45,0
DA:48,0
DA:49,0
DA:52,0
DA:59,0
DA:63,0
LF:27
LH:5
BRDA:11,0,0,0
BRDA:11,0,1,0
BRDA:32,1,0,0
BRDA:36,2,0,0
BRDA:40,3,0,0
BRDA:44,4,0,0
BRDA:48,5,0,0
BRF:7
BRH:0
end_of_record
TN:
SF:src/auth/services/sms.service.ts
FN:11,(anonymous_2)
FN:26,(anonymous_3)
FN:49,(anonymous_4)
FNF:3
FNH:0
FNDA:0,(anonymous_2)
FNDA:0,(anonymous_3)
FNDA:0,(anonymous_4)
DA:1,1
DA:2,1
DA:3,1
DA:4,1
DA:7,1
DA:8,0
DA:12,0
DA:13,0
DA:15,0
DA:16,0
DA:19,0
DA:20,0
DA:22,0
DA:27,0
DA:28,0
DA:29,0
DA:30,0
DA:33,0
DA:34,0
DA:36,0
DA:42,0
DA:44,0
DA:45,0
DA:50,0
LF:24
LH:5
BRDA:19,0,0,0
BRDA:19,0,1,0
BRDA:19,1,0,0
BRDA:19,1,1,0
BRDA:19,1,2,0
BRDA:19,1,3,0
BRDA:28,2,0,0
BRF:7
BRH:0
end_of_record
TN:
SF:src/auth/services/token.service.ts
FN:15,(anonymous_4)
FN:22,(anonymous_5)
FN:36,(anonymous_6)
FN:48,(anonymous_7)
FN:62,(anonymous_8)
FN:74,(anonymous_9)
FN:88,(anonymous_10)
FN:104,(anonymous_11)
FN:112,(anonymous_12)
FN:131,(anonymous_13)
FN:144,(anonymous_14)
FN:165,(anonymous_15)
FN:190,(anonymous_16)
FN:194,(anonymous_17)
FN:202,(anonymous_18)
FN:203,(anonymous_19)
FN:216,(anonymous_20)
FNF:17
FNH:0
FNDA:0,(anonymous_4)
FNDA:0,(anonymous_5)
FNDA:0,(anonymous_6)
FNDA:0,(anonymous_7)
FNDA:0,(anonymous_8)
FNDA:0,(anonymous_9)
FNDA:0,(anonymous_10)
FNDA:0,(anonymous_11)
FNDA:0,(anonymous_12)
FNDA:0,(anonymous_13)
FNDA:0,(anonymous_14)
FNDA:0,(anonymous_15)
FNDA:0,(anonymous_16)
FNDA:0,(anonymous_17)
FNDA:0,(anonymous_18)
FNDA:0,(anonymous_19)
FNDA:0,(anonymous_20)
DA:1,1
DA:2,1
DA:3,1
DA:4,1
DA:5,1
DA:6,1
DA:7,1
DA:9,1
DA:12,1
DA:13,0
DA:17,0
DA:18,0
DA:19,0
DA:23,0
DA:24,0
DA:25,0
DA:27,0
DA:33,0
DA:37,0
DA:39,0
DA:40,0
DA:41,0
DA:44,0
DA:45,0
DA:49,0
DA:50,0
DA:51,0
DA:53,0
DA:59,0
DA:63,0
DA:65,0
DA:66,0
DA:67,0
DA:70,0
DA:71,0
DA:75,0
DA:76,0
DA:77,0
DA:79,0
DA:85,0
DA:89,0
DA:91,0
DA:92,0
DA:93,0
DA:96,0
DA:97,0
DA:98,0
DA:101,0
DA:105,0
DA:112,0
DA:113,0
DA:117,0
DA:124,0
DA:132,0
DA:136,0
DA:137,0
DA:141,0
DA:143,0
DA:144,0
DA:147,0
DA:151,0
DA:155,0
DA:162,0
DA:166,0
DA:170,0
DA:171,0
DA:174,0
DA:181,0
DA:182,0
DA:187,0
DA:191,0
DA:195,0
DA:199,0
DA:203,0
DA:204,0
DA:207,0
DA:212,0
DA:217,0
DA:218,0
DA:219,0
DA:220,0
LF:81
LH:9
BRDA:39,0,0,0
BRDA:39,1,0,0
BRDA:39,1,1,0
BRDA:39,1,2,0
BRDA:65,2,0,0
BRDA:65,3,0,0
BRDA:65,3,1,0
BRDA:65,3,2,0
BRDA:91,4,0,0
BRDA:91,5,0,0
BRDA:91,5,1,0
BRDA:91,5,2,0
BRDA:97,6,0,0
BRDA:107,7,0,0
BRDA:107,7,1,0
BRDA:136,8,0,0
BRDA:141,9,0,0
BRDA:170,10,0,0
BRDA:181,11,0,0
BRDA:199,12,0,0
BRDA:199,12,1,0
BRDA:219,13,0,0
BRF:22
BRH:0
end_of_record
TN:
SF:src/auth/strategies/jwt.strategy.ts
FN:17,(anonymous_4)
FN:29,(anonymous_5)
FN:53,(anonymous_6)
FN:53,(anonymous_7)
FNF:4
FNH:0
FNDA:0,(anonymous_4)
FNDA:0,(anonymous_5)
FNDA:0,(anonymous_6)
FNDA:0,(anonymous_7)
DA:1,0
DA:2,0
DA:3,0
DA:4,0
DA:5,0
DA:6,0
DA:7,0
DA:16,0
DA:18,0
DA:20,0
DA:22,0
DA:30,0
DA:35,0
DA:36,0
DA:39,0
DA:40,0
DA:43,0
DA:44,0
DA:47,0
DA:53,0
LF:20
LH:0
BRDA:35,0,0,0
BRDA:39,1,0,0
BRDA:43,2,0,0
BRDA:53,3,0,0
BRDA:53,3,1,0
BRF:5
BRH:0
end_of_record
TN:
SF:src/cache/cache.module.ts
FN:11,(anonymous_1)
FNF:1
FNH:0
FNDA:0,(anonymous_1)
DA:1,0
DA:2,0
DA:3,0
DA:4,0
DA:5,0
DA:11,0
DA:26,0
LF:7
LH:0
BRF:0
BRH:0
end_of_record
TN:
SF:src/cache/cache.service.ts
FN:14,(anonymous_4)
FN:18,(anonymous_5)
FN:32,(anonymous_6)
FN:42,(anonymous_7)
FN:46,(anonymous_8)
FN:58,(anonymous_9)
FN:72,(anonymous_10)
FN:82,(anonymous_11)
FN:94,(anonymous_12)
FN:108,(anonymous_13)
FN:124,(anonymous_14)
FN:144,(anonymous_15)
FN:158,(anonymous_16)
FN:168,(anonymous_17)
FN:180,(anonymous_18)
FN:189,(anonymous_19)
FN:197,(anonymous_20)
FN:205,(anonymous_21)
FN:217,(anonymous_22)
FN:230,(anonymous_23)
FN:240,(anonymous_24)
FNF:21
FNH:0
FNDA:0,(anonymous_4)
FNDA:0,(anonymous_5)
FNDA:0,(anonymous_6)
FNDA:0,(anonymous_7)
FNDA:0,(anonymous_8)
FNDA:0,(anonymous_9)
FNDA:0,(anonymous_10)
FNDA:0,(anonymous_11)
FNDA:0,(anonymous_12)
FNDA:0,(anonymous_13)
FNDA:0,(anonymous_14)
FNDA:0,(anonymous_15)
FNDA:0,(anonymous_16)
FNDA:0,(anonymous_17)
FNDA:0,(anonymous_18)
FNDA:0,(anonymous_19)
FNDA:0,(anonymous_20)
FNDA:0,(anonymous_21)
FNDA:0,(anonymous_22)
FNDA:0,(anonymous_23)
FNDA:0,(anonymous_24)
DA:1,0
DA:2,0
DA:11,0
DA:12,0
DA:14,0
DA:19,0
DA:20,0
DA:21,0
DA:22,0
DA:23,0
DA:25,0
DA:27,0
DA:28,0
DA:33,0
DA:34,0
DA:35,0
DA:36,0
DA:38,0
DA:44,0
DA:47,0
DA:48,0
DA:50,0
DA:53,0
DA:59,0
DA:60,0
DA:61,0
DA:62,0
DA:63,0
DA:65,0
DA:67,0
DA:68,0
DA:73,0
DA:74,0
DA:75,0
DA:76,0
DA:78,0
DA:83,0
DA:84,0
DA:85,0
DA:86,0
DA:88,0
DA:95,0
DA:96,0
DA:97,0
DA:98,0
DA:99,0
DA:101,0
DA:103,0
DA:104,0
DA:115,0
DA:116,0
DA:117,0
DA:118,0
DA:120,0
DA:125,0
DA:126,0
DA:128,0
DA:129,0
DA:130,0
DA:133,0
DA:134,0
DA:135,0
DA:138,0
DA:145,0
DA:146,0
DA:147,0
DA:148,0
DA:149,0
DA:151,0
DA:153,0
DA:154,0
DA:159,0
DA:160,0
DA:161,0
DA:162,0
DA:164,0
DA:169,0
DA:170,0
DA:171,0
DA:172,0
DA:174,0
DA:181,0
DA:182,0
DA:184,0
DA:185,0
DA:190,0
DA:191,0
DA:193,0
DA:198,0
DA:199,0
DA:201,0
DA:206,0
DA:208,0
DA:211,0
DA:220,0
DA:222,0
DA:225,0
DA:231,0
DA:236,0
DA:241,0
DA:243,0
DA:248,0
DA:249,0
LF:103
LH:0
BRDA:22,0,0,0
BRDA:32,1,0,0
BRDA:47,2,0,0
BRDA:47,3,0,0
BRDA:47,3,1,0
BRDA:62,4,0,0
BRDA:72,5,0,0
BRDA:98,6,0,0
BRDA:113,7,0,0
BRDA:126,8,0,0
BRDA:126,8,1,0
BRDA:148,9,0,0
BRDA:158,10,0,0
BRF:13
BRH:0
end_of_record
TN:
SF:src/common/modules/optimization.module.ts
FNF:0
FNH:0
DA:1,0
DA:2,0
DA:3,0
DA:6,0
DA:7,0
DA:8,0
DA:9,0
DA:29,0
LF:8
LH:0
BRF:0
BRH:0
end_of_record
TN:
SF:src/common/services/cache-optimization.service.ts
FN:13,(anonymous_4)
FN:29,(anonymous_5)
FN:72,(anonymous_6)
FN:92,(anonymous_7)
FN:106,(anonymous_8)
FN:127,(anonymous_9)
FN:128,(anonymous_10)
FN:134,(anonymous_11)
FN:152,(anonymous_12)
FN:159,(anonymous_13)
FN:180,(anonymous_14)
FN:190,(anonymous_15)
FN:206,(anonymous_16)
FN:246,(anonymous_17)
FN:292,(anonymous_18)
FN:309,(anonymous_19)
FN:329,(anonymous_20)
FN:335,(anonymous_21)
FN:340,(anonymous_22)
FN:355,(anonymous_23)
FN:364,(anonymous_24)
FN:390,(anonymous_25)
FN:416,(anonymous_26)
FNF:23
FNH:1
FNDA:1,(anonymous_4)
FNDA:0,(anonymous_5)
FNDA:0,(anonymous_6)
FNDA:0,(anonymous_7)
FNDA:0,(anonymous_8)
FNDA:0,(anonymous_9)
FNDA:0,(anonymous_10)
FNDA:0,(anonymous_11)
FNDA:0,(anonymous_12)
FNDA:0,(anonymous_13)
FNDA:0,(anonymous_14)
FNDA:0,(anonymous_15)
FNDA:0,(anonymous_16)
FNDA:0,(anonymous_17)
FNDA:0,(anonymous_18)
FNDA:0,(anonymous_19)
FNDA:0,(anonymous_20)
FNDA:0,(anonymous_21)
FNDA:0,(anonymous_22)
FNDA:0,(anonymous_23)
FNDA:0,(anonymous_24)
FNDA:0,(anonymous_25)
FNDA:0,(anonymous_26)
DA:1,1
DA:2,1
DA:4,1
DA:5,1
DA:8,1
DA:9,1
DA:14,1
DA:15,1
DA:17,1
DA:20,1
DA:35,0
DA:37,0
DA:38,0
DA:40,0
DA:41,0
DA:42,0
DA:45,0
DA:46,0
DA:47,0
DA:49,0
DA:50,0
DA:53,0
DA:56,0
DA:58,0
DA:61,0
DA:62,0
DA:65,0
DA:78,0
DA:79,0
DA:81,0
DA:82,0
DA:83,0
DA:85,0
DA:93,0
DA:95,0
DA:96,0
DA:97,0
DA:99,0
DA:107,0
DA:109,0
DA:110,0
DA:111,0
DA:113,0
DA:116,0
DA:117,0
DA:118,0
DA:120,0
DA:128,0
DA:129,0
DA:131,0
DA:132,0
DA:134,0
DA:135,0
DA:136,0
DA:138,0
DA:139,0
DA:140,0
DA:142,0
DA:145,0
DA:149,0
DA:151,0
DA:152,0
DA:160,0
DA:161,0
DA:163,0
DA:164,0
DA:167,0
DA:168,0
DA:170,0
DA:172,0
DA:173,0
DA:188,0
DA:190,0
DA:191,0
DA:192,0
DA:193,0
DA:195,0
DA:199,0
DA:200,0
DA:212,0
DA:214,0
DA:215,0
DA:218,0
DA:219,0
DA:221,0
DA:222,0
DA:223,0
DA:226,0
DA:233,0
DA:234,0
DA:250,0
DA:251,0
DA:253,0
DA:254,0
DA:257,0
DA:258,0
DA:260,0
DA:262,0
DA:264,0
DA:266,0
DA:267,0
DA:268,0
DA:269,0
DA:274,0
DA:275,0
DA:276,0
DA:277,0
DA:279,0
DA:283,0
DA:286,0
DA:293,0
DA:294,0
DA:296,0
DA:297,0
DA:298,0
DA:299,0
DA:303,0
DA:310,0
DA:311,0
DA:312,0
DA:314,0
DA:315,0
DA:316,0
DA:320,0
DA:322,0
DA:335,0
DA:337,0
DA:338,0
DA:339,0
DA:340,0
DA:341,0
DA:342,0
DA:345,0
DA:347,0
DA:356,0
DA:357,0
DA:358,0
DA:365,0
DA:367,0
DA:369,0
DA:371,0
DA:373,0
DA:375,0
DA:377,0
DA:379,0
DA:381,0
DA:383,0
DA:391,0
DA:392,0
DA:393,0
DA:395,0
DA:396,0
DA:398,0
DA:399,0
DA:400,0
DA:402,0
DA:403,0
DA:407,0
DA:409,0
DA:417,0
DA:420,0
DA:422,0
LF:162
LH:10
BRDA:40,0,0,0
BRDA:40,1,0,0
BRDA:40,1,1,0
BRDA:45,2,0,0
BRDA:49,3,0,0
BRDA:49,4,0,0
BRDA:49,4,1,0
BRDA:61,5,0,0
BRDA:79,6,0,0
BRDA:79,6,1,0
BRDA:111,7,0,0
BRDA:111,7,1,0
BRDA:138,8,0,0
BRDA:138,8,1,0
BRDA:163,9,0,0
BRDA:218,10,0,0
BRDA:218,10,1,0
BRDA:264,11,0,0
BRDA:267,12,0,0
BRDA:274,13,0,0
BRDA:297,14,0,0
BRDA:315,15,0,0
BRDA:357,16,0,0
BRDA:357,16,1,0
BRDA:367,17,0,0
BRDA:367,17,1,0
BRDA:367,17,2,0
BRDA:367,17,3,0
BRDA:367,17,4,0
BRDA:367,17,5,0
BRDA:367,17,6,0
BRDA:367,17,7,0
BRDA:399,18,0,0
BRDA:402,19,0,0
BRDA:407,20,0,0
BRDA:407,20,1,0
BRF:36
BRH:0
end_of_record
TN:
SF:src/common/services/health-check.service.ts
FN:41,(anonymous_4)
FN:55,(anonymous_5)
FN:105,(anonymous_6)
FN:158,(anonymous_7)
FN:206,(anonymous_8)
FN:253,(anonymous_9)
FN:259,(anonymous_10)
FN:259,(anonymous_11)
FN:260,(anonymous_12)
FN:305,(anonymous_13)
FN:315,(anonymous_14)
FN:321,(anonymous_15)
FN:328,(anonymous_16)
FN:339,(anonymous_17)
FN:358,(anonymous_18)
FN:393,(anonymous_19)
FN:412,(anonymous_20)
FN:435,(anonymous_21)
FN:447,(anonymous_22)
FN:451,(anonymous_23)
FN:452,(anonymous_24)
FN:453,(anonymous_25)
FN:457,(anonymous_26)
FN:460,(anonymous_27)
FN:464,(anonymous_28)
FN:471,(anonymous_29)
FN:481,(anonymous_30)
FN:495,(anonymous_31)
FN:503,(anonymous_32)
FN:510,(anonymous_33)
FN:515,(anonymous_34)
FN:520,(anonymous_35)
FN:525,(anonymous_36)
FN:536,(anonymous_37)
FN:548,(anonymous_38)
FN:564,(anonymous_39)
FNF:36
FNH:0
FNDA:0,(anonymous_4)
FNDA:0,(anonymous_5)
FNDA:0,(anonymous_6)
FNDA:0,(anonymous_7)
FNDA:0,(anonymous_8)
FNDA:0,(anonymous_9)
FNDA:0,(anonymous_10)
FNDA:0,(anonymous_11)
FNDA:0,(anonymous_12)
FNDA:0,(anonymous_13)
FNDA:0,(anonymous_14)
FNDA:0,(anonymous_15)
FNDA:0,(anonymous_16)
FNDA:0,(anonymous_17)
FNDA:0,(anonymous_18)
FNDA:0,(anonymous_19)
FNDA:0,(anonymous_20)
FNDA:0,(anonymous_21)
FNDA:0,(anonymous_22)
FNDA:0,(anonymous_23)
FNDA:0,(anonymous_24)
FNDA:0,(anonymous_25)
FNDA:0,(anonymous_26)
FNDA:0,(anonymous_27)
FNDA:0,(anonymous_28)
FNDA:0,(anonymous_29)
FNDA:0,(anonymous_30)
FNDA:0,(anonymous_31)
FNDA:0,(anonymous_32)
FNDA:0,(anonymous_33)
FNDA:0,(anonymous_34)
FNDA:0,(anonymous_35)
FNDA:0,(anonymous_36)
FNDA:0,(anonymous_37)
FNDA:0,(anonymous_38)
FNDA:0,(anonymous_39)
DA:1,0
DA:2,0
DA:3,0
DA:4,0
DA:5,0
DA:36,0
DA:37,0
DA:42,0
DA:43,0
DA:45,0
DA:46,0
DA:56,0
DA:58,0
DA:67,0
DA:76,0
DA:85,0
DA:86,0
DA:88,0
DA:96,0
DA:97,0
DA:99,0
DA:106,0
DA:108,0
DA:110,0
DA:113,0
DA:116,0
DA:117,0
DA:118,0
DA:120,0
DA:122,0
DA:123,0
DA:125,0
DA:126,0
DA:127,0
DA:128,0
DA:129,0
DA:130,0
DA:133,0
DA:146,0
DA:159,0
DA:161,0
DA:163,0
DA:166,0
DA:167,0
DA:169,0
DA:170,0
DA:171,0
DA:173,0
DA:174,0
DA:178,0
DA:179,0
DA:181,0
DA:183,0
DA:194,0
DA:207,0
DA:209,0
DA:210,0
DA:211,0
DA:212,0
DA:213,0
DA:214,0
DA:216,0
DA:217,0
DA:219,0
DA:220,0
DA:221,0
DA:222,0
DA:223,0
DA:224,0
DA:227,0
DA:241,0
DA:254,0
DA:256,0
DA:259,0
DA:260,0
DA:263,0
DA:264,0
DA:268,0
DA:270,0
DA:271,0
DA:273,0
DA:274,0
DA:275,0
DA:276,0
DA:277,0
DA:278,0
DA:281,0
DA:293,0
DA:306,0
DA:308,0
DA:309,0
DA:315,0
DA:321,0
DA:323,0
DA:324,0
DA:326,0
DA:327,0
DA:328,0
DA:329,0
DA:330,0
DA:331,0
DA:334,0
DA:339,0
DA:346,0
DA:359,0
DA:361,0
DA:363,0
DA:364,0
DA:367,0
DA:373,0
DA:374,0
DA:376,0
DA:377,0
DA:378,0
DA:379,0
DA:380,0
DA:381,0
DA:384,0
DA:393,0
DA:400,0
DA:418,0
DA:425,0
DA:436,0
DA:437,0
DA:439,0
DA:448,0
DA:449,0
DA:451,0
DA:452,0
DA:453,0
DA:458,0
DA:460,0
DA:461,0
DA:464,0
DA:465,0
DA:468,0
DA:473,0
DA:482,0
DA:483,0
DA:485,0
DA:486,0
DA:487,0
DA:488,0
DA:492,0
DA:497,0
DA:504,0
DA:505,0
DA:506,0
DA:507,0
DA:512,0
DA:517,0
DA:522,0
DA:526,0
DA:537,0
DA:538,0
DA:540,0
DA:549,0
DA:550,0
DA:551,0
DA:557,0
DA:565,0
LF:161
LH:0
BRDA:125,0,0,0
BRDA:125,0,1,0
BRDA:128,1,0,0
BRDA:173,2,0,0
BRDA:219,3,0,0
BRDA:219,3,1,0
BRDA:222,4,0,0
BRDA:263,5,0,0
BRDA:273,6,0,0
BRDA:273,6,1,0
BRDA:276,7,0,0
BRDA:318,8,0,0
BRDA:318,8,1,0
BRDA:326,9,0,0
BRDA:326,9,1,0
BRDA:329,10,0,0
BRDA:364,11,0,0
BRDA:364,11,1,0
BRDA:376,12,0,0
BRDA:376,12,1,0
BRDA:379,13,0,0
BRDA:426,14,0,0
BRDA:426,14,1,0
BRDA:427,15,0,0
BRDA:427,15,1,0
BRDA:428,16,0,0
BRDA:428,16,1,0
BRDA:429,17,0,0
BRDA:429,17,1,0
BRDA:436,18,0,0
BRDA:436,18,1,0
BRDA:441,19,0,0
BRDA:441,19,1,0
BRDA:460,20,0,0
BRDA:464,21,0,0
BRDA:486,22,0,0
BRDA:505,23,0,0
BRDA:569,24,0,0
BRDA:569,24,1,0
BRF:39
BRH:0
end_of_record
TN:
SF:src/common/services/optimization.service.ts
FN:11,(anonymous_2)
FN:21,(anonymous_3)
FN:43,(anonymous_4)
FN:80,(anonymous_5)
FN:103,(anonymous_6)
FN:108,(anonymous_7)
FN:117,(anonymous_8)
FN:122,(anonymous_9)
FN:127,(anonymous_10)
FNF:9
FNH:0
FNDA:0,(anonymous_2)
FNDA:0,(anonymous_3)
FNDA:0,(anonymous_4)
FNDA:0,(anonymous_5)
FNDA:0,(anonymous_6)
FNDA:0,(anonymous_7)
FNDA:0,(anonymous_8)
FNDA:0,(anonymous_9)
FNDA:0,(anonymous_10)
DA:1,0
DA:2,0
DA:3,0
DA:4,0
DA:5,0
DA:8,0
DA:9,0
DA:12,0
DA:13,0
DA:14,0
DA:15,0
DA:22,0
DA:24,0
DA:26,0
DA:29,0
DA:32,0
DA:34,0
DA:36,0
DA:49,0
DA:50,0
DA:55,0
DA:57,0
DA:67,0
DA:68,0
DA:85,0
DA:86,0
DA:88,0
DA:94,0
DA:95,0
DA:105,0
DA:108,0
DA:114,0
DA:119,0
DA:124,0
DA:128,0
DA:130,0
DA:131,0
DA:134,0
DA:135,0
DA:138,0
DA:139,0
DA:142,0
LF:42
LH:0
BRDA:130,0,0,0
BRDA:134,1,0,0
BRDA:138,2,0,0
BRF:3
BRH:0
end_of_record
TN:
SF:src/common/services/performance-monitoring.service.ts
FN:21,(anonymous_2)
FN:88,(anonymous_3)
FN:116,(anonymous_4)
FN:136,(anonymous_5)
FN:145,(anonymous_6)
FN:152,(anonymous_7)
FN:163,(anonymous_8)
FN:180,(anonymous_9)
FN:187,(anonymous_10)
FN:201,(anonymous_11)
FN:218,(anonymous_12)
FN:261,(anonymous_13)
FN:276,(anonymous_14)
FN:303,(anonymous_15)
FN:317,(anonymous_16)
FN:323,(anonymous_17)
FNF:16
FNH:0
FNDA:0,(anonymous_2)
FNDA:0,(anonymous_3)
FNDA:0,(anonymous_4)
FNDA:0,(anonymous_5)
FNDA:0,(anonymous_6)
FNDA:0,(anonymous_7)
FNDA:0,(anonymous_8)
FNDA:0,(anonymous_9)
FNDA:0,(anonymous_10)
FNDA:0,(anonymous_11)
FNDA:0,(anonymous_12)
FNDA:0,(anonymous_13)
FNDA:0,(anonymous_14)
FNDA:0,(anonymous_15)
FNDA:0,(anonymous_16)
FNDA:0,(anonymous_17)
DA:1,0
DA:2,0
DA:3,0
DA:4,0
DA:5,0
DA:8,0
DA:9,0
DA:21,0
DA:22,0
DA:25,0
DA:32,0
DA:38,0
DA:45,0
DA:51,0
DA:57,0
DA:63,0
DA:70,0
DA:71,0
DA:75,0
DA:76,0
DA:94,0
DA:98,0
DA:103,0
DA:104,0
DA:108,0
DA:109,0
DA:117,0
DA:122,0
DA:123,0
DA:127,0
DA:128,0
DA:129,0
DA:137,0
DA:146,0
DA:153,0
DA:154,0
DA:155,0
DA:156,0
DA:157,0
DA:164,0
DA:166,0
DA:169,0
DA:170,0
DA:181,0
DA:188,0
DA:189,0
DA:192,0
DA:193,0
DA:195,0
DA:208,0
DA:223,0
DA:224,0
DA:227,0
DA:228,0
DA:229,0
DA:230,0
DA:231,0
DA:232,0
DA:233,0
DA:237,0
DA:238,0
DA:239,0
DA:240,0
DA:244,0
DA:246,0
DA:262,0
DA:265,0
DA:266,0
DA:276,0
DA:277,0
DA:279,0
DA:280,0
DA:282,0
DA:283,0
DA:288,0
DA:289,0
DA:296,0
DA:304,0
DA:310,0
DA:311,0
DA:313,0
DA:318,0
DA:319,0
DA:320,0
DA:326,0
LF:85
LH:0
BRDA:70,0,0,0
BRDA:75,1,0,0
BRDA:103,2,0,0
BRDA:108,3,0,0
BRDA:122,4,0,0
BRDA:127,5,0,0
BRDA:138,6,0,0
BRDA:138,6,1,0
BRDA:169,7,0,0
BRDA:189,8,0,0
BRDA:195,9,0,0
BRDA:195,9,1,0
BRDA:228,10,0,0
BRDA:228,10,1,0
BRDA:231,11,0,0
BRDA:233,12,0,0
BRDA:238,13,0,0
BRDA:240,14,0,0
BRDA:265,15,0,0
BRDA:277,16,0,0
BRDA:282,17,0,0
BRDA:282,17,1,0
BRDA:288,18,0,0
BRDA:307,19,0,0
BRDA:307,19,1,0
BRDA:310,20,0,0
BRDA:310,20,1,0
BRDA:318,21,0,0
BRDA:319,22,0,0
BRF:29
BRH:0
end_of_record
TN:
SF:src/common/services/security.service.ts
FN:31,(anonymous_2)
FN:36,(anonymous_3)
FN:41,(anonymous_4)
FN:45,(anonymous_5)
FN:57,(anonymous_6)
FN:64,(anonymous_7)
FN:75,(anonymous_8)
FN:85,(anonymous_9)
FN:99,(anonymous_10)
FN:114,(anonymous_11)
FN:125,(anonymous_12)
FN:154,(anonymous_13)
FN:159,(anonymous_14)
FN:175,(anonymous_15)
FN:181,(anonymous_16)
FN:193,(anonymous_17)
FN:201,(anonymous_18)
FN:211,(anonymous_19)
FN:216,(anonymous_20)
FN:221,(anonymous_21)
FN:228,(anonymous_22)
FN:238,(anonymous_23)
FNF:22
FNH:0
FNDA:0,(anonymous_2)
FNDA:0,(anonymous_3)
FNDA:0,(anonymous_4)
FNDA:0,(anonymous_5)
FNDA:0,(anonymous_6)
FNDA:0,(anonymous_7)
FNDA:0,(anonymous_8)
FNDA:0,(anonymous_9)
FNDA:0,(anonymous_10)
FNDA:0,(anonymous_11)
FNDA:0,(anonymous_12)
FNDA:0,(anonymous_13)
FNDA:0,(anonymous_14)
FNDA:0,(anonymous_15)
FNDA:0,(anonymous_16)
FNDA:0,(anonymous_17)
FNDA:0,(anonymous_18)
FNDA:0,(anonymous_19)
FNDA:0,(anonymous_20)
FNDA:0,(anonymous_21)
FNDA:0,(anonymous_22)
FNDA:0,(anonymous_23)
DA:1,0
DA:2,0
DA:3,0
DA:4,0
DA:5,0
DA:6,0
DA:7,0
DA:25,0
DA:26,0
DA:28,0
DA:29,0
DA:31,0
DA:32,0
DA:37,0
DA:38,0
DA:42,0
DA:46,0
DA:48,0
DA:49,0
DA:50,0
DA:51,0
DA:53,0
DA:58,0
DA:64,0
DA:65,0
DA:68,0
DA:76,0
DA:86,0
DA:88,0
DA:89,0
DA:90,0
DA:91,0
DA:92,0
DA:94,0
DA:95,0
DA:100,0
DA:102,0
DA:103,0
DA:104,0
DA:105,0
DA:106,0
DA:108,0
DA:109,0
DA:115,0
DA:117,0
DA:118,0
DA:126,0
DA:127,0
DA:129,0
DA:130,0
DA:132,0
DA:134,0
DA:135,0
DA:139,0
DA:140,0
DA:141,0
DA:144,0
DA:145,0
DA:147,0
DA:148,0
DA:151,0
DA:155,0
DA:156,0
DA:160,0
DA:161,0
DA:163,0
DA:164,0
DA:166,0
DA:167,0
DA:168,0
DA:171,0
DA:176,0
DA:177,0
DA:182,0
DA:194,0
DA:202,0
DA:212,0
DA:217,0
DA:222,0
DA:223,0
DA:224,0
DA:229,0
DA:238,0
LF:83
LH:0
BRDA:32,0,0,0
BRDA:32,0,1,0
BRDA:37,1,0,0
BRDA:37,1,1,0
BRDA:46,2,0,0
BRDA:46,3,0,0
BRDA:46,3,1,0
BRDA:53,4,0,0
BRDA:53,4,1,0
BRDA:53,4,2,0
BRDA:53,4,3,0
BRDA:60,5,0,0
BRDA:60,5,1,0
BRDA:70,6,0,0
BRDA:70,6,1,0
BRDA:86,7,0,0
BRDA:100,8,0,0
BRDA:115,9,0,0
BRDA:115,10,0,0
BRDA:115,10,1,0
BRDA:126,11,0,0
BRDA:126,11,1,0
BRDA:127,12,0,0
BRDA:127,12,1,0
BRDA:130,13,0,0
BRDA:130,13,1,0
BRDA:132,14,0,0
BRDA:139,15,0,0
BRDA:139,16,0,0
BRDA:139,16,1,0
BRDA:147,17,0,0
BRDA:156,18,0,0
BRDA:156,18,1,0
BRDA:161,19,0,0
BRDA:161,20,0,0
BRDA:161,20,1,0
BRDA:164,21,0,0
BRDA:216,22,0,0
BRDA:224,23,0,0
BRDA:224,23,1,0
BRF:40
BRH:0
end_of_record
TN:
SF:src/config/optimization.config.ts
FN:3,(anonymous_0)
FNF:1
FNH:0
FNDA:0,(anonymous_0)
DA:1,0
DA:3,0
LF:2
LH:0
BRDA:8,0,0,0
BRDA:8,0,1,0
BRDA:9,1,0,0
BRDA:9,1,1,0
BRDA:12,2,0,0
BRDA:12,2,1,0
BRDA:13,3,0,0
BRDA:13,3,1,0
BRDA:18,4,0,0
BRDA:18,4,1,0
BRDA:19,5,0,0
BRDA:19,5,1,0
BRDA:20,6,0,0
BRDA:20,6,1,0
BRDA:23,7,0,0
BRDA:23,7,1,0
BRDA:24,8,0,0
BRDA:24,8,1,0
BRDA:31,9,0,0
BRDA:31,9,1,0
BRDA:32,10,0,0
BRDA:32,10,1,0
BRDA:34,11,0,0
BRDA:34,11,1,0
BRDA:35,12,0,0
BRDA:35,12,1,0
BRDA:42,13,0,0
BRDA:42,13,1,0
BRDA:43,14,0,0
BRDA:43,14,1,0
BRDA:44,15,0,0
BRDA:44,15,1,0
BRDA:45,16,0,0
BRDA:45,16,1,0
BRDA:46,17,0,0
BRDA:46,17,1,0
BRDA:47,18,0,0
BRDA:47,18,1,0
BRDA:48,19,0,0
BRDA:48,19,1,0
BRDA:64,20,0,0
BRDA:64,20,1,0
BRDA:65,21,0,0
BRDA:65,21,1,0
BRDA:66,22,0,0
BRDA:66,22,1,0
BRDA:67,23,0,0
BRDA:67,23,1,0
BRDA:69,24,0,0
BRDA:69,24,1,0
BRDA:73,25,0,0
BRDA:73,25,1,0
BRDA:79,26,0,0
BRDA:79,26,1,0
BRDA:80,27,0,0
BRDA:80,27,1,0
BRDA:82,28,0,0
BRDA:82,28,1,0
BRDA:94,29,0,0
BRDA:94,29,1,0
BRDA:95,30,0,0
BRDA:95,30,1,0
BRDA:96,31,0,0
BRDA:96,31,1,0
BRDA:97,32,0,0
BRDA:97,32,1,0
BRDA:98,33,0,0
BRDA:98,33,1,0
BRDA:107,34,0,0
BRDA:107,34,1,0
BRDA:108,35,0,0
BRDA:108,35,1,0
BRDA:113,36,0,0
BRDA:113,36,1,0
BRDA:118,37,0,0
BRDA:118,37,1,0
BRDA:119,38,0,0
BRDA:119,38,1,0
BRDA:122,39,0,0
BRDA:122,39,1,0
BRDA:123,40,0,0
BRDA:123,40,1,0
BRDA:124,41,0,0
BRDA:124,41,1,0
BRDA:147,42,0,0
BRDA:147,42,1,0
BRDA:154,43,0,0
BRDA:154,43,1,0
BRDA:155,44,0,0
BRDA:155,44,1,0
BRDA:156,45,0,0
BRDA:156,45,1,0
BRDA:157,46,0,0
BRDA:157,46,1,0
BRDA:163,47,0,0
BRDA:163,47,1,0
BRDA:165,48,0,0
BRDA:165,48,1,0
BRDA:166,49,0,0
BRDA:166,49,1,0
BRDA:171,50,0,0
BRDA:171,50,1,0
BRDA:185,51,0,0
BRDA:185,51,1,0
BRDA:233,52,0,0
BRDA:233,52,1,0
BRDA:234,53,0,0
BRDA:234,53,1,0
BRDA:235,54,0,0
BRDA:235,54,1,0
BRDA:238,55,0,0
BRDA:238,55,1,0
BRDA:239,56,0,0
BRDA:239,56,1,0
BRDA:242,57,0,0
BRDA:242,57,1,0
BRDA:243,58,0,0
BRDA:243,58,1,0
BRDA:246,59,0,0
BRDA:246,59,1,0
BRDA:247,60,0,0
BRDA:247,60,1,0
BRF:122
BRH:0
end_of_record
TN:
SF:src/config/security.config.ts
FN:3,(anonymous_0)
FNF:1
FNH:0
FNDA:0,(anonymous_0)
DA:1,0
DA:3,0
LF:2
LH:0
BRDA:7,0,0,0
BRDA:7,0,1,0
BRDA:8,1,0,0
BRDA:8,1,1,0
BRDA:17,2,0,0
BRDA:17,2,1,0
BRDA:18,3,0,0
BRDA:18,3,1,0
BRDA:23,4,0,0
BRDA:23,4,1,0
BRDA:24,5,0,0
BRDA:24,5,1,0
BRDA:51,6,0,0
BRDA:51,6,1,0
BRDA:74,7,0,0
BRDA:74,7,1,0
BRDA:75,8,0,0
BRDA:75,8,1,0
BRDA:100,9,0,0
BRDA:100,9,1,0
BRDA:101,10,0,0
BRDA:101,10,1,0
BRDA:102,11,0,0
BRDA:102,11,1,0
BRDA:103,12,0,0
BRDA:103,12,1,0
BRDA:110,13,0,0
BRDA:110,13,1,0
BRF:28
BRH:0
end_of_record
TN:
SF:src/controllers/dashboard.controller.ts
FN:14,(anonymous_4)
FNF:1
FNH:0
FNDA:0,(anonymous_4)
DA:1,0
DA:2,0
DA:4,0
DA:8,0
DA:14,0
DA:15,0
DA:16,0
DA:18,0
LF:8
LH:0
BRF:0
BRH:0
end_of_record
TN:
SF:src/customer/customer.module.ts
FNF:0
FNH:0
DA:1,0
DA:2,0
DA:5,0
DA:6,0
DA:7,0
DA:8,0
DA:11,0
DA:12,0
DA:13,0
DA:14,0
DA:15,0
DA:16,0
DA:19,0
DA:45,0
LF:14
LH:0
BRF:0
BRH:0
end_of_record
TN:
SF:src/customer/controllers/customer.controller.ts
FN:46,(anonymous_4)
FN:57,(anonymous_5)
FN:68,(anonymous_6)
FN:79,(anonymous_7)
FN:90,(anonymous_8)
FN:104,(anonymous_9)
FN:130,(anonymous_10)
FN:142,(anonymous_11)
FN:157,(anonymous_12)
FN:184,(anonymous_13)
FN:212,(anonymous_14)
FN:231,(anonymous_15)
FN:257,(anonymous_16)
FN:283,(anonymous_17)
FN:311,(anonymous_18)
FN:325,(anonymous_19)
FN:354,(anonymous_20)
FN:372,(anonymous_21)
FNF:18
FNH:0
FNDA:0,(anonymous_4)
FNDA:0,(anonymous_5)
FNDA:0,(anonymous_6)
FNDA:0,(anonymous_7)
FNDA:0,(anonymous_8)
FNDA:0,(anonymous_9)
FNDA:0,(anonymous_10)
FNDA:0,(anonymous_11)
FNDA:0,(anonymous_12)
FNDA:0,(anonymous_13)
FNDA:0,(anonymous_14)
FNDA:0,(anonymous_15)
FNDA:0,(anonymous_16)
FNDA:0,(anonymous_17)
FNDA:0,(anonymous_18)
FNDA:0,(anonymous_19)
FNDA:0,(anonymous_20)
FNDA:0,(anonymous_21)
DA:1,0
DA:18,0
DA:20,0
DA:21,0
DA:22,0
DA:24,0
DA:28,0
DA:36,0
DA:37,0
DA:38,0
DA:39,0
DA:40,0
DA:41,0
DA:45,0
DA:47,0
DA:48,0
DA:49,0
DA:57,0
DA:58,0
DA:59,0
DA:68,0
DA:69,0
DA:70,0
DA:79,0
DA:80,0
DA:81,0
DA:90,0
DA:91,0
DA:92,0
DA:104,0
DA:109,0
DA:110,0
DA:112,0
DA:119,0
DA:130,0
DA:131,0
DA:132,0
DA:142,0
DA:146,0
DA:147,0
DA:157,0
DA:163,0
DA:164,0
DA:166,0
DA:173,0
DA:184,0
DA:190,0
DA:191,0
DA:193,0
DA:200,0
DA:212,0
DA:213,0
DA:231,0
DA:236,0
DA:237,0
DA:239,0
DA:246,0
DA:257,0
DA:262,0
DA:263,0
DA:265,0
DA:272,0
DA:283,0
DA:288,0
DA:289,0
DA:291,0
DA:299,0
DA:311,0
DA:315,0
DA:316,0
DA:325,0
DA:330,0
DA:340,0
DA:342,0
DA:354,0
DA:355,0
DA:356,0
DA:363,0
DA:373,0
DA:376,0
LF:80
LH:0
BRDA:109,0,0,0
BRDA:109,0,1,0
BRDA:109,0,2,0
BRDA:110,1,0,0
BRDA:110,1,1,0
BRDA:163,2,0,0
BRDA:163,2,1,0
BRDA:163,2,2,0
BRDA:164,3,0,0
BRDA:164,3,1,0
BRDA:190,4,0,0
BRDA:190,4,1,0
BRDA:190,4,2,0
BRDA:191,5,0,0
BRDA:191,5,1,0
BRDA:236,6,0,0
BRDA:236,6,1,0
BRDA:236,6,2,0
BRDA:237,7,0,0
BRDA:237,7,1,0
BRDA:248,8,0,0
BRDA:248,8,1,0
BRDA:262,9,0,0
BRDA:262,9,1,0
BRDA:262,9,2,0
BRDA:263,10,0,0
BRDA:263,10,1,0
BRDA:288,11,0,0
BRDA:288,11,1,0
BRDA:288,11,2,0
BRDA:289,12,0,0
BRDA:289,12,1,0
BRDA:337,13,0,0
BRDA:337,13,1,0
BRDA:355,14,0,0
BRDA:355,15,0,0
BRDA:355,15,1,0
BRF:37
BRH:0
end_of_record
TN:
SF:src/customer/dto/create-booking.dto.ts
FN:81,(anonymous_2)
FNF:1
FNH:0
FNDA:0,(anonymous_2)
DA:1,0
DA:13,0
DA:16,0
DA:20,0
DA:23,0
DA:29,0
DA:34,0
DA:37,0
DA:40,0
DA:44,0
DA:47,0
DA:50,0
DA:53,0
DA:58,0
DA:61,0
DA:64,0
DA:67,0
DA:73,0
DA:78,0
DA:81,0
DA:84,0
DA:88,0
DA:93,0
LF:23
LH:0
BRF:0
BRH:0
end_of_record
TN:
SF:src/customer/dto/index.ts
FNF:0
FNH:0
DA:1,0
DA:2,0
LF:2
LH:0
BRF:0
BRH:0
end_of_record
TN:
SF:src/customer/dto/search-providers.dto.ts
FN:13,(anonymous_2)
FN:21,(anonymous_3)
FN:26,(anonymous_4)
FN:37,(anonymous_5)
FN:42,(anonymous_6)
FN:49,(anonymous_7)
FN:56,(anonymous_8)
FN:62,(anonymous_9)
FN:68,(anonymous_10)
FN:74,(anonymous_11)
FN:89,(anonymous_12)
FN:95,(anonymous_13)
FN:107,(anonymous_14)
FN:111,(anonymous_15)
FN:121,(anonymous_16)
FN:126,(anonymous_17)
FNF:16
FNH:0
FNDA:0,(anonymous_2)
FNDA:0,(anonymous_3)
FNDA:0,(anonymous_4)
FNDA:0,(anonymous_5)
FNDA:0,(anonymous_6)
FNDA:0,(anonymous_7)
FNDA:0,(anonymous_8)
FNDA:0,(anonymous_9)
FNDA:0,(anonymous_10)
FNDA:0,(anonymous_11)
FNDA:0,(anonymous_12)
FNDA:0,(anonymous_13)
FNDA:0,(anonymous_14)
FNDA:0,(anonymous_15)
FNDA:0,(anonymous_16)
FNDA:0,(anonymous_17)
DA:1,0
DA:11,0
DA:13,0
DA:14,0
DA:15,0
DA:16,0
DA:17,0
DA:18,0
DA:21,0
DA:22,0
DA:23,0
DA:26,0
DA:29,0
DA:33,0
DA:37,0
DA:38,0
DA:42,0
DA:43,0
DA:49,0
DA:50,0
DA:56,0
DA:57,0
DA:62,0
DA:63,0
DA:68,0
DA:69,0
DA:74,0
DA:75,0
DA:79,0
DA:83,0
DA:89,0
DA:90,0
DA:95,0
DA:96,0
DA:100,0
DA:104,0
DA:107,0
DA:108,0
DA:111,0
DA:112,0
DA:115,0
DA:117,0
DA:121,0
DA:122,0
DA:126,0
DA:127,0
LF:46
LH:0
BRDA:13,0,0,0
BRDA:13,0,1,0
BRDA:21,1,0,0
BRDA:21,1,1,0
BRDA:74,2,0,0
BRDA:74,2,1,0
BRDA:107,3,0,0
BRDA:107,3,1,0
BRDA:111,4,0,0
BRDA:111,4,1,0
BRF:10
BRH:0
end_of_record
TN:
SF:src/customer/services/booking.service.ts
FN:55,(anonymous_4)
FN:67,(anonymous_5)
FN:175,(anonymous_6)
FN:207,(anonymous_7)
FN:211,(anonymous_8)
FN:231,(anonymous_9)
FN:238,(anonymous_10)
FN:241,(anonymous_11)
FN:254,(anonymous_12)
FN:337,(anonymous_13)
FN:443,(anonymous_14)
FN:470,(anonymous_15)
FN:481,(anonymous_16)
FN:508,(anonymous_17)
FN:513,(anonymous_18)
FNF:15
FNH:0
FNDA:0,(anonymous_4)
FNDA:0,(anonymous_5)
FNDA:0,(anonymous_6)
FNDA:0,(anonymous_7)
FNDA:0,(anonymous_8)
FNDA:0,(anonymous_9)
FNDA:0,(anonymous_10)
FNDA:0,(anonymous_11)
FNDA:0,(anonymous_12)
FNDA:0,(anonymous_13)
FNDA:0,(anonymous_14)
FNDA:0,(anonymous_15)
FNDA:0,(anonymous_16)
FNDA:0,(anonymous_17)
FNDA:0,(anonymous_18)
DA:1,0
DA:9,0
DA:10,0
DA:11,0
DA:12,0
DA:13,0
DA:15,0
DA:16,0
DA:17,0
DA:18,0
DA:52,0
DA:53,0
DA:57,0
DA:59,0
DA:61,0
DA:62,0
DA:63,0
DA:64,0
DA:73,0
DA:76,0
DA:81,0
DA:82,0
DA:85,0
DA:86,0
DA:89,0
DA:90,0
DA:94,0
DA:97,0
DA:104,0
DA:105,0
DA:109,0
DA:110,0
DA:112,0
DA:113,0
DA:117,0
DA:118,0
DA:119,0
DA:121,0
DA:122,0
DA:126,0
DA:138,0
DA:141,0
DA:144,0
DA:150,0
DA:153,0
DA:154,0
DA:157,0
DA:172,0
DA:176,0
DA:179,0
DA:180,0
DA:181,0
DA:182,0
DA:186,0
DA:190,0
DA:191,0
DA:195,0
DA:198,0
DA:207,0
DA:208,0
DA:209,0
DA:211,0
DA:212,0
DA:213,0
DA:216,0
DA:219,0
DA:226,0
DA:228,0
DA:232,0
DA:238,0
DA:242,0
DA:247,0
DA:248,0
DA:251,0
DA:260,0
DA:262,0
DA:267,0
DA:268,0
DA:271,0
DA:272,0
DA:275,0
DA:276,0
DA:280,0
DA:281,0
DA:282,0
DA:284,0
DA:285,0
DA:289,0
DA:295,0
DA:296,0
DA:299,0
DA:305,0
DA:308,0
DA:316,0
DA:324,0
DA:343,0
DA:345,0
DA:350,0
DA:351,0
DA:354,0
DA:355,0
DA:359,0
DA:362,0
DA:370,0
DA:371,0
DA:375,0
DA:378,0
DA:386,0
DA:387,0
DA:388,0
DA:392,0
DA:398,0
DA:400,0
DA:401,0
DA:407,0
DA:411,0
DA:417,0
DA:425,0
DA:440,0
DA:450,0
DA:462,0
DA:463,0
DA:466,0
DA:467,0
DA:471,0
DA:472,0
DA:473,0
DA:475,0
DA:476,0
DA:478,0
DA:482,0
DA:483,0
DA:484,0
DA:485,0
DA:487,0
DA:488,0
DA:489,0
DA:490,0
DA:491,0
DA:492,0
DA:493,0
DA:495,0
DA:496,0
DA:505,0
DA:509,0
DA:510,0
DA:514,0
LF:147
LH:0
BRDA:81,0,0,0
BRDA:85,1,0,0
BRDA:89,2,0,0
BRDA:104,3,0,0
BRDA:112,4,0,0
BRDA:121,5,0,0
BRDA:180,6,0,0
BRDA:190,7,0,0
BRDA:190,8,0,0
BRDA:190,8,1,0
BRDA:216,9,0,0
BRDA:216,9,1,0
BRDA:247,10,0,0
BRDA:267,11,0,0
BRDA:271,12,0,0
BRDA:275,13,0,0
BRDA:284,14,0,0
BRDA:291,15,0,0
BRDA:291,15,1,0
BRDA:291,16,0,0
BRDA:291,16,1,0
BRDA:350,17,0,0
BRDA:354,18,0,0
BRDA:354,19,0,0
BRDA:354,19,1,0
BRDA:370,20,0,0
BRDA:382,21,0,0
BRDA:382,21,1,0
BRDA:387,22,0,0
BRDA:400,23,0,0
BRDA:462,24,0,0
BRDA:491,25,0,0
BRDA:491,25,1,0
BRDA:492,26,0,0
BRDA:492,26,1,0
BRDA:495,27,0,0
BRDA:525,28,0,0
BRDA:525,28,1,0
BRDA:526,29,0,0
BRDA:526,29,1,0
BRDA:527,30,0,0
BRDA:527,30,1,0
BRDA:528,31,0,0
BRDA:528,31,1,0
BRDA:531,32,0,0
BRDA:531,32,1,0
BRDA:531,32,2,0
BRDA:532,33,0,0
BRDA:532,33,1,0
BRDA:532,33,2,0
BRDA:533,34,0,0
BRDA:533,34,1,0
BRDA:533,34,2,0
BRDA:534,35,0,0
BRDA:534,35,1,0
BRDA:534,35,2,0
BRF:56
BRH:0
end_of_record
TN:
SF:src/customer/services/payment.service.ts
FN:51,(anonymous_4)
FN:70,(anonymous_5)
FN:233,(anonymous_6)
FN:326,(anonymous_7)
FN:353,(anonymous_8)
FN:423,(anonymous_9)
FN:454,(anonymous_10)
FN:458,(anonymous_11)
FN:477,(anonymous_12)
FN:488,(anonymous_13)
FN:496,(anonymous_14)
FN:503,(anonymous_15)
FNF:12
FNH:0
FNDA:0,(anonymous_4)
FNDA:0,(anonymous_5)
FNDA:0,(anonymous_6)
FNDA:0,(anonymous_7)
FNDA:0,(anonymous_8)
FNDA:0,(anonymous_9)
FNDA:0,(anonymous_10)
FNDA:0,(anonymous_11)
FNDA:0,(anonymous_12)
FNDA:0,(anonymous_13)
FNDA:0,(anonymous_14)
FNDA:0,(anonymous_15)
DA:1,0
DA:8,0
DA:9,0
DA:10,0
DA:11,0
DA:13,0
DA:15,0
DA:16,0
DA:17,0
DA:46,0
DA:47,0
DA:53,0
DA:54,0
DA:55,0
DA:56,0
DA:58,0
DA:59,0
DA:60,0
DA:63,0
DA:67,0
DA:76,0
DA:79,0
DA:84,0
DA:85,0
DA:88,0
DA:89,0
DA:93,0
DA:94,0
DA:95,0
DA:96,0
DA:98,0
DA:100,0
DA:127,0
DA:130,0
DA:132,0
DA:138,0
DA:155,0
DA:156,0
DA:157,0
DA:160,0
DA:169,0
DA:177,0
DA:185,0
DA:192,0
DA:205,0
DA:206,0
DA:220,0
DA:223,0
DA:225,0
DA:226,0
DA:229,0
DA:239,0
DA:240,0
DA:242,0
DA:243,0
DA:246,0
DA:247,0
DA:252,0
DA:253,0
DA:256,0
DA:257,0
DA:261,0
DA:275,0
DA:276,0
DA:277,0
DA:280,0
DA:289,0
DA:297,0
DA:304,0
DA:318,0
DA:321,0
DA:322,0
DA:333,0
DA:338,0
DA:339,0
DA:342,0
DA:343,0
DA:346,0
DA:348,0
DA:352,0
DA:353,0
DA:356,0
DA:357,0
DA:361,0
DA:364,0
DA:375,0
DA:380,0
DA:395,0
DA:402,0
DA:413,0
DA:415,0
DA:416,0
DA:419,0
DA:424,0
DA:426,0
DA:427,0
DA:432,0
DA:433,0
DA:435,0
DA:436,0
DA:439,0
DA:441,0
DA:442,0
DA:444,0
DA:445,0
DA:447,0
DA:448,0
DA:450,0
DA:455,0
DA:461,0
DA:464,0
DA:465,0
DA:466,0
DA:468,0
DA:469,0
DA:470,0
DA:471,0
DA:473,0
DA:478,0
DA:479,0
DA:481,0
DA:485,0
DA:489,0
DA:490,0
DA:493,0
DA:497,0
DA:498,0
DA:500,0
DA:514,0
LF:129
LH:0
BRDA:59,0,0,0
BRDA:76,1,0,0
BRDA:84,2,0,0
BRDA:88,3,0,0
BRDA:130,4,0,0
BRDA:130,4,1,0
BRDA:155,5,0,0
BRDA:157,6,0,0
BRDA:157,6,1,0
BRDA:205,7,0,0
BRDA:205,7,1,0
BRDA:225,8,0,0
BRDA:242,9,0,0
BRDA:252,10,0,0
BRDA:256,11,0,0
BRDA:256,11,1,0
BRDA:275,12,0,0
BRDA:277,13,0,0
BRDA:277,13,1,0
BRDA:338,14,0,0
BRDA:342,15,0,0
BRDA:342,16,0,0
BRDA:342,16,1,0
BRDA:353,17,0,0
BRDA:353,17,1,0
BRDA:356,18,0,0
BRDA:415,19,0,0
BRDA:426,20,0,0
BRDA:439,21,0,0
BRDA:439,21,1,0
BRDA:439,21,2,0
BRDA:439,21,3,0
BRDA:468,22,0,0
BRDA:468,22,1,0
BRDA:470,23,0,0
BRDA:470,23,1,0
BRDA:479,24,0,0
BRDA:490,25,0,0
BRDA:498,26,0,0
BRF:39
BRH:0
end_of_record
TN:
SF:src/customer/services/search.service.ts
FN:52,(anonymous_4)
FN:62,(anonymous_5)
FN:104,(anonymous_6)
FN:135,(anonymous_7)
FN:142,(anonymous_8)
FN:160,(anonymous_9)
FN:174,(anonymous_10)
FN:242,(anonymous_11)
FN:277,(anonymous_12)
FN:281,(anonymous_13)
FN:288,(anonymous_14)
FN:310,(anonymous_15)
FN:326,(anonymous_16)
FN:337,(anonymous_17)
FN:342,(anonymous_18)
FN:348,(anonymous_19)
FNF:16
FNH:0
FNDA:0,(anonymous_4)
FNDA:0,(anonymous_5)
FNDA:0,(anonymous_6)
FNDA:0,(anonymous_7)
FNDA:0,(anonymous_8)
FNDA:0,(anonymous_9)
FNDA:0,(anonymous_10)
FNDA:0,(anonymous_11)
FNDA:0,(anonymous_12)
FNDA:0,(anonymous_13)
FNDA:0,(anonymous_14)
FNDA:0,(anonymous_15)
FNDA:0,(anonymous_16)
FNDA:0,(anonymous_17)
FNDA:0,(anonymous_18)
FNDA:0,(anonymous_19)
DA:1,0
DA:2,0
DA:3,0
DA:4,0
DA:5,0
DA:6,0
DA:7,0
DA:8,0
DA:49,0
DA:50,0
DA:54,0
DA:56,0
DA:58,0
DA:59,0
DA:64,0
DA:67,0
DA:68,0
DA:69,0
DA:70,0
DA:73,0
DA:74,0
DA:77,0
DA:80,0
DA:83,0
DA:86,0
DA:89,0
DA:91,0
DA:99,0
DA:100,0
DA:106,0
DA:107,0
DA:108,0
DA:109,0
DA:110,0
DA:113,0
DA:114,0
DA:119,0
DA:120,0
DA:123,0
DA:126,0
DA:128,0
DA:130,0
DA:131,0
DA:136,0
DA:144,0
DA:145,0
DA:146,0
DA:147,0
DA:151,0
DA:160,0
DA:169,0
DA:171,0
DA:175,0
DA:184,0
DA:185,0
DA:192,0
DA:193,0
DA:197,0
DA:198,0
DA:202,0
DA:203,0
DA:205,0
DA:206,0
DA:210,0
DA:211,0
DA:215,0
DA:216,0
DA:220,0
DA:221,0
DA:225,0
DA:226,0
DA:237,0
DA:239,0
DA:243,0
DA:245,0
DA:247,0
DA:248,0
DA:250,0
DA:251,0
DA:253,0
DA:254,0
DA:256,0
DA:257,0
DA:260,0
DA:261,0
DA:266,0
DA:268,0
DA:272,0
DA:273,0
DA:281,0
DA:293,0
DA:297,0
DA:310,0
DA:327,0
DA:328,0
DA:329,0
DA:330,0
DA:333,0
DA:334,0
DA:338,0
DA:343,0
DA:345,0
DA:349,0
DA:350,0
LF:104
LH:0
BRDA:68,0,0,0
BRDA:80,1,0,0
BRDA:80,1,1,0
BRDA:80,2,0,0
BRDA:80,2,1,0
BRDA:94,3,0,0
BRDA:94,3,1,0
BRDA:94,4,0,0
BRDA:94,4,1,0
BRDA:95,5,0,0
BRDA:95,5,1,0
BRDA:96,6,0,0
BRDA:96,6,1,0
BRDA:96,7,0,0
BRDA:96,7,1,0
BRDA:106,8,0,0
BRDA:106,8,1,0
BRDA:106,9,0,0
BRDA:106,9,1,0
BRDA:108,10,0,0
BRDA:119,11,0,0
BRDA:145,12,0,0
BRDA:165,13,0,0
BRDA:165,13,1,0
BRDA:184,14,0,0
BRDA:192,15,0,0
BRDA:197,16,0,0
BRDA:202,17,0,0
BRDA:205,18,0,0
BRDA:210,19,0,0
BRDA:215,20,0,0
BRDA:220,21,0,0
BRDA:220,22,0,0
BRDA:220,22,1,0
BRDA:225,23,0,0
BRDA:225,24,0,0
BRDA:225,24,1,0
BRDA:225,24,2,0
BRDA:243,25,0,0
BRDA:243,25,1,0
BRDA:245,26,0,0
BRDA:245,26,1,0
BRDA:245,26,2,0
BRDA:245,26,3,0
BRDA:245,26,4,0
BRDA:245,26,5,0
BRDA:260,27,0,0
BRDA:260,27,1,0
BRDA:260,28,0,0
BRDA:260,28,1,0
BRDA:272,29,0,0
BRDA:293,30,0,0
BRDA:293,30,1,0
BRDA:293,31,0,0
BRDA:293,31,1,0
BRDA:293,31,2,0
BRDA:293,31,3,0
BRDA:306,32,0,0
BRDA:306,32,1,0
BRDA:306,33,0,0
BRDA:306,33,1,0
BRDA:310,34,0,0
BRDA:310,34,1,0
BRDA:317,35,0,0
BRDA:317,35,1,0
BRF:65
BRH:0
end_of_record
TN:
SF:src/database/data-source.ts
FNF:0
FNH:0
DA:1,0
DA:2,0
DA:3,0
DA:4,0
DA:5,0
DA:6,0
DA:7,0
DA:8,0
DA:9,0
DA:10,0
DA:11,0
DA:12,0
DA:14,0
DA:16,0
DA:41,0
LF:15
LH:0
BRDA:18,0,0,0
BRDA:18,0,1,0
BRDA:19,1,0,0
BRDA:19,1,1,0
BRDA:20,2,0,0
BRDA:20,2,1,0
BRDA:21,3,0,0
BRDA:21,3,1,0
BRDA:22,4,0,0
BRDA:22,4,1,0
BRF:10
BRH:0
end_of_record
TN:
SF:src/database/entities/admin-user.entity.ts
FN:15,(anonymous_2)
FN:30,(anonymous_3)
FN:61,(anonymous_4)
FN:61,(anonymous_5)
FN:64,(anonymous_6)
FN:64,(anonymous_7)
FN:67,(anonymous_8)
FN:67,(anonymous_9)
FNF:8
FNH:0
FNDA:0,(anonymous_2)
FNDA:0,(anonymous_3)
FNDA:0,(anonymous_4)
FNDA:0,(anonymous_5)
FNDA:0,(anonymous_6)
FNDA:0,(anonymous_7)
FNDA:0,(anonymous_8)
FNDA:0,(anonymous_9)
DA:1,0
DA:10,0
DA:11,0
DA:12,0
DA:13,0
DA:15,0
DA:16,0
DA:17,0
DA:18,0
DA:19,0
DA:23,0
DA:25,0
DA:28,0
DA:30,0
DA:32,0
DA:39,0
DA:45,0
DA:52,0
DA:58,0
DA:61,0
DA:62,0
DA:64,0
DA:65,0
DA:67,0
DA:68,0
LF:25
LH:0
BRDA:15,0,0,0
BRDA:15,0,1,0
BRF:2
BRH:0
end_of_record
TN:
SF:src/database/entities/audit-log.entity.ts
FN:12,(anonymous_2)
FN:66,(anonymous_3)
FN:66,(anonymous_4)
FNF:3
FNH:1
FNDA:1,(anonymous_2)
FNDA:0,(anonymous_3)
FNDA:0,(anonymous_4)
DA:1,1
DA:10,1
DA:12,1
DA:13,1
DA:14,1
DA:15,1
DA:16,1
DA:17,1
DA:18,1
DA:19,1
DA:20,1
DA:21,1
DA:22,1
DA:23,1
DA:24,1
DA:25,1
DA:26,1
DA:27,1
DA:34,1
DA:36,1
DA:39,1
DA:45,1
DA:48,1
DA:51,1
DA:54,1
DA:57,1
DA:60,1
DA:63,1
DA:66,0
DA:68,1
LF:30
LH:29
BRDA:12,0,0,1
BRDA:12,0,1,1
BRF:2
BRH:2
end_of_record
TN:
SF:src/database/entities/booking.entity.ts
FN:16,(anonymous_2)
FN:88,(anonymous_3)
FN:95,(anonymous_4)
FN:103,(anonymous_5)
FN:107,(anonymous_6)
FN:118,(anonymous_7)
FN:71,(anonymous_8)
FN:75,(anonymous_9)
FN:75,(anonymous_10)
FN:79,(anonymous_11)
FN:79,(anonymous_12)
FNF:11
FNH:0
FNDA:0,(anonymous_2)
FNDA:0,(anonymous_3)
FNDA:0,(anonymous_4)
FNDA:0,(anonymous_5)
FNDA:0,(anonymous_6)
FNDA:0,(anonymous_7)
FNDA:0,(anonymous_8)
FNDA:0,(anonymous_9)
FNDA:0,(anonymous_10)
FNDA:0,(anonymous_11)
FNDA:0,(anonymous_12)
DA:1,0
DA:12,0
DA:13,0
DA:14,0
DA:16,0
DA:17,0
DA:18,0
DA:19,0
DA:20,0
DA:21,0
DA:29,0
DA:31,0
DA:34,0
DA:37,0
DA:40,0
DA:43,0
DA:46,0
DA:49,0
DA:56,0
DA:59,0
DA:62,0
DA:65,0
DA:68,0
DA:71,0
DA:73,0
DA:75,0
DA:77,0
DA:79,0
DA:81,0
DA:85,0
DA:89,0
DA:90,0
DA:91,0
DA:92,0
DA:96,0
DA:97,0
DA:98,0
DA:99,0
DA:100,0
DA:104,0
DA:108,0
DA:109,0
DA:110,0
DA:112,0
DA:119,0
LF:45
LH:0
BRDA:16,0,0,0
BRDA:16,0,1,0
BRDA:104,1,0,0
BRDA:104,1,1,0
BRDA:112,2,0,0
BRDA:112,2,1,0
BRDA:112,2,2,0
BRF:7
BRH:0
end_of_record
TN:
SF:src/database/entities/conversation.entity.ts
FN:35,(anonymous_2)
FN:39,(anonymous_3)
FN:43,(anonymous_4)
FN:47,(anonymous_5)
FN:47,(anonymous_6)
FNF:5
FNH:0
FNDA:0,(anonymous_2)
FNDA:0,(anonymous_3)
FNDA:0,(anonymous_4)
FNDA:0,(anonymous_5)
FNDA:0,(anonymous_6)
DA:1,0
DA:11,0
DA:12,0
DA:13,0
DA:14,0
DA:18,0
DA:20,0
DA:23,0
DA:26,0
DA:29,0
DA:32,0
DA:35,0
DA:37,0
DA:39,0
DA:41,0
DA:43,0
DA:45,0
DA:47,0
DA:48,0
LF:19
LH:0
BRF:0
BRH:0
end_of_record
TN:
SF:src/database/entities/dispute.entity.ts
FN:13,(anonymous_2)
FN:28,(anonymous_3)
FN:35,(anonymous_4)
FN:42,(anonymous_5)
FN:77,(anonymous_6)
FN:77,(anonymous_7)
FNF:6
FNH:0
FNDA:0,(anonymous_2)
FNDA:0,(anonymous_3)
FNDA:0,(anonymous_4)
FNDA:0,(anonymous_5)
FNDA:0,(anonymous_6)
FNDA:0,(anonymous_7)
DA:1,0
DA:9,0
DA:10,0
DA:11,0
DA:13,0
DA:14,0
DA:15,0
DA:16,0
DA:17,0
DA:21,0
DA:23,0
DA:26,0
DA:28,0
DA:30,0
DA:33,0
DA:35,0
DA:37,0
DA:40,0
DA:42,0
DA:44,0
DA:51,0
DA:56,0
DA:63,0
DA:69,0
DA:75,0
DA:77,0
DA:79,0
DA:85,0
DA:92,0
LF:29
LH:0
BRDA:13,0,0,0
BRDA:13,0,1,0
BRF:2
BRH:0
end_of_record
TN:
SF:src/database/entities/index.ts
FNF:0
FNH:0
DA:1,0
DA:2,0
DA:3,0
DA:4,0
DA:5,0
DA:6,0
DA:7,0
DA:8,0
DA:9,0
DA:10,0
DA:11,0
DA:12,0
DA:13,0
DA:14,0
DA:15,0
DA:18,0
DA:19,0
DA:20,0
DA:21,0
LF:19
LH:0
BRF:0
BRH:0
end_of_record
TN:
SF:src/database/entities/message.entity.ts
FN:13,(anonymous_2)
FN:59,(anonymous_3)
FN:59,(anonymous_4)
FN:65,(anonymous_5)
FNF:4
FNH:0
FNDA:0,(anonymous_2)
FNDA:0,(anonymous_3)
FNDA:0,(anonymous_4)
FNDA:0,(anonymous_5)
DA:1,0
DA:10,0
DA:11,0
DA:13,0
DA:14,0
DA:15,0
DA:16,0
DA:22,0
DA:24,0
DA:27,0
DA:30,0
DA:33,0
DA:40,0
DA:47,0
DA:53,0
DA:56,0
DA:59,0
DA:63,0
DA:65,0
DA:67,0
LF:20
LH:0
BRDA:13,0,0,0
BRDA:13,0,1,0
BRF:2
BRH:0
end_of_record
TN:
SF:src/database/entities/mfa-secret.entity.ts
FN:36,(anonymous_2)
FN:36,(anonymous_3)
FNF:2
FNH:0
FNDA:0,(anonymous_2)
FNDA:0,(anonymous_3)
DA:1,1
DA:10,1
DA:13,1
DA:15,1
DA:18,1
DA:21,1
DA:24,1
DA:27,1
DA:30,1
DA:33,1
DA:36,0
DA:38,1
LF:12
LH:11
BRF:0
BRH:0
end_of_record
TN:
SF:src/database/entities/platform-setting.entity.ts
FN:43,(anonymous_2)
FN:43,(anonymous_3)
FNF:2
FNH:0
FNDA:0,(anonymous_2)
FNDA:0,(anonymous_3)
DA:1,0
DA:10,0
DA:13,0
DA:15,0
DA:23,0
DA:29,0
DA:35,0
DA:41,0
DA:43,0
DA:45,0
DA:51,0
LF:11
LH:0
BRF:0
BRH:0
end_of_record
TN:
SF:src/database/entities/provider-availability.entity.ts
FN:43,(anonymous_2)
FN:43,(anonymous_3)
FNF:2
FNH:0
FNDA:0,(anonymous_2)
FNDA:0,(anonymous_3)
DA:1,0
DA:10,0
DA:14,0
DA:16,0
DA:19,0
DA:25,0
DA:28,0
DA:31,0
DA:37,0
DA:40,0
DA:43,0
DA:47,0
LF:12
LH:0
BRF:0
BRH:0
end_of_record
TN:
SF:src/database/entities/provider-blocked-times.entity.ts
FN:47,(anonymous_2)
FN:47,(anonymous_3)
FNF:2
FNH:0
FNDA:0,(anonymous_2)
FNDA:0,(anonymous_3)
DA:1,0
DA:10,0
DA:14,0
DA:16,0
DA:19,0
DA:22,0
DA:25,0
DA:28,0
DA:35,0
DA:41,0
DA:44,0
DA:47,0
DA:51,0
LF:13
LH:0
BRF:0
BRH:0
end_of_record
TN:
SF:src/database/entities/provider-verification.entity.ts
FN:12,(anonymous_2)
FN:27,(anonymous_3)
FN:34,(anonymous_4)
FN:34,(anonymous_5)
FNF:4
FNH:0
FNDA:0,(anonymous_2)
FNDA:0,(anonymous_3)
FNDA:0,(anonymous_4)
FNDA:0,(anonymous_5)
DA:1,0
DA:9,0
DA:10,0
DA:12,0
DA:13,0
DA:14,0
DA:15,0
DA:16,0
DA:20,0
DA:22,0
DA:25,0
DA:27,0
DA:29,0
DA:32,0
DA:34,0
DA:36,0
DA:43,0
DA:50,0
DA:56,0
DA:66,0
DA:73,0
DA:79,0
LF:22
LH:0
BRDA:12,0,0,0
BRDA:12,0,1,0
BRF:2
BRH:0
end_of_record
TN:
SF:src/database/entities/refresh-token.entity.ts
FN:49,(anonymous_2)
FN:53,(anonymous_3)
FN:44,(anonymous_4)
FN:44,(anonymous_5)
FNF:4
FNH:0
FNDA:0,(anonymous_2)
FNDA:0,(anonymous_3)
FNDA:0,(anonymous_4)
FNDA:0,(anonymous_5)
DA:1,1
DA:10,1
DA:15,1
DA:17,1
DA:20,1
DA:23,1
DA:26,1
DA:29,1
DA:32,1
DA:35,1
DA:38,1
DA:41,1
DA:44,0
DA:46,1
DA:50,0
DA:54,0
LF:16
LH:13
BRDA:54,0,0,0
BRDA:54,0,1,0
BRF:2
BRH:0
end_of_record
TN:
SF:src/database/entities/review.entity.ts
FN:56,(anonymous_2)
FN:56,(anonymous_3)
FN:62,(anonymous_4)
FN:62,(anonymous_5)
FN:66,(anonymous_6)
FN:66,(anonymous_7)
FNF:6
FNH:0
FNDA:0,(anonymous_2)
FNDA:0,(anonymous_3)
FNDA:0,(anonymous_4)
FNDA:0,(anonymous_5)
FNDA:0,(anonymous_6)
FNDA:0,(anonymous_7)
DA:1,0
DA:10,0
DA:11,0
DA:12,0
DA:17,0
DA:19,0
DA:22,0
DA:25,0
DA:28,0
DA:34,0
DA:37,0
DA:44,0
DA:50,0
DA:53,0
DA:56,0
DA:60,0
DA:62,0
DA:64,0
DA:66,0
DA:68,0
LF:20
LH:0
BRF:0
BRH:0
end_of_record
TN:
SF:src/database/entities/service-category.entity.ts
FN:41,(anonymous_2)
FN:42,(anonymous_3)
FNF:2
FNH:0
FNDA:0,(anonymous_2)
FNDA:0,(anonymous_3)
DA:1,0
DA:14,0
DA:16,0
DA:19,0
DA:22,0
DA:25,0
DA:28,0
DA:31,0
DA:34,0
DA:38,0
DA:42,0
LF:11
LH:0
BRDA:42,0,0,0
BRDA:42,0,1,0
BRF:2
BRH:0
end_of_record
TN:
SF:src/database/entities/service-provider.entity.ts
FN:92,(anonymous_2)
FN:98,(anonymous_3)
FN:99,(anonymous_4)
FN:102,(anonymous_5)
FN:103,(anonymous_6)
FN:71,(anonymous_7)
FN:75,(anonymous_8)
FN:75,(anonymous_9)
FN:78,(anonymous_10)
FN:78,(anonymous_11)
FNF:10
FNH:0
FNDA:0,(anonymous_2)
FNDA:0,(anonymous_3)
FNDA:0,(anonymous_4)
FNDA:0,(anonymous_5)
FNDA:0,(anonymous_6)
FNDA:0,(anonymous_7)
FNDA:0,(anonymous_8)
FNDA:0,(anonymous_9)
FNDA:0,(anonymous_10)
FNDA:0,(anonymous_11)
DA:1,0
DA:12,0
DA:13,0
DA:14,0
DA:21,0
DA:23,0
DA:26,0
DA:29,0
DA:32,0
DA:35,0
DA:38,0
DA:41,0
DA:44,0
DA:47,0
DA:50,0
DA:53,0
DA:56,0
DA:59,0
DA:62,0
DA:65,0
DA:68,0
DA:71,0
DA:73,0
DA:75,0
DA:76,0
DA:78,0
DA:79,0
DA:83,0
DA:86,0
DA:89,0
DA:93,0
DA:99,0
DA:103,0
LF:33
LH:0
BRDA:93,0,0,0
BRDA:93,0,1,0
BRDA:93,1,0,0
BRDA:93,1,1,0
BRDA:99,2,0,0
BRDA:99,2,1,0
BRDA:103,3,0,0
BRDA:103,3,1,0
BRF:8
BRH:0
end_of_record
TN:
SF:src/database/entities/service.entity.ts
FN:63,(anonymous_2)
FN:72,(anonymous_3)
FN:76,(anonymous_4)
FN:80,(anonymous_5)
FN:81,(anonymous_6)
FN:51,(anonymous_7)
FN:51,(anonymous_8)
FN:55,(anonymous_9)
FN:55,(anonymous_10)
FN:59,(anonymous_11)
FN:59,(anonymous_12)
FNF:11
FNH:0
FNDA:0,(anonymous_2)
FNDA:0,(anonymous_3)
FNDA:0,(anonymous_4)
FNDA:0,(anonymous_5)
FNDA:0,(anonymous_6)
FNDA:0,(anonymous_7)
FNDA:0,(anonymous_8)
FNDA:0,(anonymous_9)
FNDA:0,(anonymous_10)
FNDA:0,(anonymous_11)
FNDA:0,(anonymous_12)
DA:1,0
DA:11,0
DA:12,0
DA:13,0
DA:19,0
DA:21,0
DA:24,0
DA:27,0
DA:30,0
DA:33,0
DA:36,0
DA:39,0
DA:42,0
DA:45,0
DA:48,0
DA:51,0
DA:53,0
DA:55,0
DA:57,0
DA:59,0
DA:60,0
DA:64,0
DA:65,0
DA:67,0
DA:68,0
DA:69,0
DA:73,0
DA:77,0
DA:81,0
LF:29
LH:0
BRDA:67,0,0,0
BRDA:68,1,0,0
BRDA:77,2,0,0
BRDA:77,2,1,0
BRDA:81,3,0,0
BRDA:81,3,1,0
BRF:6
BRH:0
end_of_record
TN:
SF:src/database/entities/user-profile.entity.ts
FN:53,(anonymous_2)
FN:57,(anonymous_3)
FN:48,(anonymous_4)
FN:48,(anonymous_5)
FNF:4
FNH:0
FNDA:0,(anonymous_2)
FNDA:0,(anonymous_3)
FNDA:0,(anonymous_4)
FNDA:0,(anonymous_5)
DA:1,1
DA:10,1
DA:13,1
DA:15,1
DA:18,1
DA:21,1
DA:24,1
DA:27,1
DA:30,1
DA:33,1
DA:36,1
DA:39,1
DA:42,1
DA:45,1
DA:48,0
DA:50,1
DA:54,0
DA:58,0
DA:59,0
DA:60,0
DA:61,0
DA:62,0
DA:64,0
DA:65,0
DA:68,0
LF:25
LH:15
BRDA:58,0,0,0
BRDA:64,1,0,0
BRDA:64,2,0,0
BRDA:64,2,1,0
BRDA:64,2,2,0
BRF:5
BRH:0
end_of_record
TN:
SF:src/database/entities/user-role.entity.ts
FN:12,(anonymous_2)
FN:41,(anonymous_3)
FN:41,(anonymous_4)
FNF:3
FNH:1
FNDA:1,(anonymous_2)
FNDA:0,(anonymous_3)
FNDA:0,(anonymous_4)
DA:1,1
DA:10,1
DA:12,1
DA:13,1
DA:14,1
DA:15,1
DA:20,1
DA:22,1
DA:25,1
DA:32,1
DA:35,1
DA:38,1
DA:41,0
DA:43,1
LF:14
LH:13
BRDA:12,0,0,1
BRDA:12,0,1,1
BRF:2
BRH:2
end_of_record
TN:
SF:src/database/entities/user.entity.ts
FN:81,(anonymous_2)
FN:85,(anonymous_3)
FN:86,(anonymous_4)
FN:88,(anonymous_5)
FN:61,(anonymous_6)
FN:61,(anonymous_7)
FN:64,(anonymous_8)
FN:64,(anonymous_9)
FN:67,(anonymous_10)
FN:67,(anonymous_11)
FN:70,(anonymous_12)
FN:70,(anonymous_13)
FN:73,(anonymous_14)
FN:73,(anonymous_15)
FNF:14
FNH:0
FNDA:0,(anonymous_2)
FNDA:0,(anonymous_3)
FNDA:0,(anonymous_4)
FNDA:0,(anonymous_5)
FNDA:0,(anonymous_6)
FNDA:0,(anonymous_7)
FNDA:0,(anonymous_8)
FNDA:0,(anonymous_9)
FNDA:0,(anonymous_10)
FNDA:0,(anonymous_11)
FNDA:0,(anonymous_12)
FNDA:0,(anonymous_13)
FNDA:0,(anonymous_14)
FNDA:0,(anonymous_15)
DA:1,1
DA:11,1
DA:12,1
DA:13,1
DA:14,1
DA:15,1
DA:20,1
DA:22,1
DA:25,1
DA:28,1
DA:31,1
DA:34,1
DA:37,1
DA:40,1
DA:43,1
DA:46,1
DA:49,1
DA:52,1
DA:55,1
DA:58,1
DA:61,0
DA:62,1
DA:64,0
DA:65,1
DA:67,0
DA:68,1
DA:70,0
DA:71,1
DA:73,0
DA:74,1
DA:78,1
DA:82,0
DA:86,0
DA:87,0
DA:88,0
LF:35
LH:26
BRDA:82,0,0,0
BRDA:82,0,1,0
BRDA:88,1,0,0
BRDA:88,1,1,0
BRF:4
BRH:0
end_of_record
TN:
SF:src/database/seeders/customer-data.seeder.ts
FN:10,seedCustomerData
FN:20,seedServiceCategories
FN:76,seedServiceProviders
FN:215,seedServices
FN:333,(anonymous_4)
FNF:5
FNH:0
FNDA:0,seedCustomerData
FNDA:0,seedServiceCategories
FNDA:0,seedServiceProviders
FNDA:0,seedServices
FNDA:0,(anonymous_4)
DA:2,0
DA:3,0
DA:4,0
DA:5,0
DA:6,0
DA:7,0
DA:8,0
DA:10,0
DA:11,0
DA:13,0
DA:14,0
DA:15,0
DA:17,0
DA:21,0
DA:23,0
DA:56,0
DA:58,0
DA:59,0
DA:63,0
DA:64,0
DA:65,0
DA:66,0
DA:67,0
DA:69,0
DA:73,0
DA:77,0
DA:78,0
DA:79,0
DA:80,0
DA:82,0
DA:149,0
DA:151,0
DA:152,0
DA:156,0
DA:158,0
DA:159,0
DA:165,0
DA:168,0
DA:173,0
DA:176,0
DA:181,0
DA:184,0
DA:199,0
DA:200,0
DA:201,0
DA:203,0
DA:206,0
DA:207,0
DA:212,0
DA:220,0
DA:222,0
DA:331,0
DA:332,0
DA:333,0
DA:335,0
DA:336,0
DA:343,0
DA:344,0
DA:354,0
DA:355,0
LF:60
LH:0
BRDA:63,0,0,0
BRDA:63,0,1,0
BRDA:156,1,0,0
BRDA:156,1,1,0
BRDA:206,2,0,0
BRDA:335,3,0,0
BRDA:335,4,0,0
BRDA:335,4,1,0
BRDA:343,5,0,0
BRF:9
BRH:0
end_of_record
TN:
SF:src/provider/provider.controller.ts
FN:49,(anonymous_4)
FN:59,(anonymous_5)
FN:65,(anonymous_6)
FN:74,(anonymous_7)
FN:85,(anonymous_8)
FN:91,(anonymous_9)
FN:102,(anonymous_10)
FN:108,(anonymous_11)
FN:117,(anonymous_12)
FN:128,(anonymous_13)
FN:137,(anonymous_14)
FN:145,(anonymous_15)
FN:151,(anonymous_16)
FN:160,(anonymous_17)
FN:170,(anonymous_18)
FN:180,(anonymous_19)
FN:191,(anonymous_20)
FN:200,(anonymous_21)
FN:206,(anonymous_22)
FN:215,(anonymous_23)
FN:224,(anonymous_24)
FN:234,(anonymous_25)
FN:243,(anonymous_26)
FN:253,(anonymous_27)
FN:265,(anonymous_28)
FN:271,(anonymous_29)
FN:280,(anonymous_30)
FN:289,(anonymous_31)
FN:299,(anonymous_32)
FN:311,(anonymous_33)
FN:320,(anonymous_34)
FN:326,(anonymous_35)
FN:337,(anonymous_36)
FN:347,(anonymous_37)
FNF:34
FNH:0
FNDA:0,(anonymous_4)
FNDA:0,(anonymous_5)
FNDA:0,(anonymous_6)
FNDA:0,(anonymous_7)
FNDA:0,(anonymous_8)
FNDA:0,(anonymous_9)
FNDA:0,(anonymous_10)
FNDA:0,(anonymous_11)
FNDA:0,(anonymous_12)
FNDA:0,(anonymous_13)
FNDA:0,(anonymous_14)
FNDA:0,(anonymous_15)
FNDA:0,(anonymous_16)
FNDA:0,(anonymous_17)
FNDA:0,(anonymous_18)
FNDA:0,(anonymous_19)
FNDA:0,(anonymous_20)
FNDA:0,(anonymous_21)
FNDA:0,(anonymous_22)
FNDA:0,(anonymous_23)
FNDA:0,(anonymous_24)
FNDA:0,(anonymous_25)
FNDA:0,(anonymous_26)
FNDA:0,(anonymous_27)
FNDA:0,(anonymous_28)
FNDA:0,(anonymous_29)
FNDA:0,(anonymous_30)
FNDA:0,(anonymous_31)
FNDA:0,(anonymous_32)
FNDA:0,(anonymous_33)
FNDA:0,(anonymous_34)
FNDA:0,(anonymous_35)
FNDA:0,(anonymous_36)
FNDA:0,(anonymous_37)
DA:1,0
DA:15,0
DA:16,0
DA:17,0
DA:18,0
DA:21,0
DA:22,0
DA:23,0
DA:24,0
DA:27,0
DA:48,0
DA:50,0
DA:51,0
DA:52,0
DA:53,0
DA:59,0
DA:60,0
DA:61,0
DA:65,0
DA:69,0
DA:70,0
DA:74,0
DA:78,0
DA:79,0
DA:85,0
DA:86,0
DA:87,0
DA:91,0
DA:95,0
DA:96,0
DA:102,0
DA:103,0
DA:104,0
DA:108,0
DA:112,0
DA:113,0
DA:117,0
DA:122,0
DA:123,0
DA:128,0
DA:132,0
DA:133,0
DA:137,0
DA:138,0
DA:139,0
DA:145,0
DA:146,0
DA:147,0
DA:151,0
DA:155,0
DA:156,0
DA:160,0
DA:165,0
DA:166,0
DA:170,0
DA:174,0
DA:175,0
DA:180,0
DA:184,0
DA:185,0
DA:191,0
DA:195,0
DA:196,0
DA:200,0
DA:201,0
DA:202,0
DA:206,0
DA:210,0
DA:211,0
DA:215,0
DA:219,0
DA:220,0
DA:224,0
DA:229,0
DA:230,0
DA:234,0
DA:238,0
DA:239,0
DA:243,0
DA:247,0
DA:248,0
DA:249,0
DA:253,0
DA:258,0
DA:259,0
DA:265,0
DA:266,0
DA:267,0
DA:271,0
DA:275,0
DA:276,0
DA:280,0
DA:284,0
DA:285,0
DA:289,0
DA:294,0
DA:295,0
DA:299,0
DA:304,0
DA:305,0
DA:306,0
DA:311,0
DA:315,0
DA:316,0
DA:320,0
DA:321,0
DA:322,0
DA:326,0
DA:330,0
DA:331,0
DA:337,0
DA:341,0
DA:342,0
DA:347,0
DA:351,0
DA:352,0
LF:116
LH:0
BRF:0
BRH:0
end_of_record
TN:
SF:src/provider/provider.module.ts
FNF:0
FNH:0
DA:1,0
DA:2,0
DA:5,0
DA:6,0
DA:7,0
DA:8,0
DA:9,0
DA:10,0
DA:11,0
DA:12,0
DA:13,0
DA:16,0
DA:17,0
DA:18,0
DA:19,0
DA:22,0
DA:25,0
DA:26,0
DA:58,0
LF:19
LH:0
BRF:0
BRH:0
end_of_record
TN:
SF:src/provider/dto/provider.dto.ts
FN:91,(anonymous_2)
FN:302,(anonymous_3)
FN:316,(anonymous_4)
FN:322,(anonymous_5)
FN:329,(anonymous_6)
FN:335,(anonymous_7)
FN:341,(anonymous_8)
FNF:7
FNH:0
FNDA:0,(anonymous_2)
FNDA:0,(anonymous_3)
FNDA:0,(anonymous_4)
FNDA:0,(anonymous_5)
FNDA:0,(anonymous_6)
FNDA:0,(anonymous_7)
FNDA:0,(anonymous_8)
DA:1,0
DA:17,0
DA:18,0
DA:21,0
DA:24,0
DA:28,0
DA:33,0
DA:38,0
DA:44,0
DA:50,0
DA:55,0
DA:60,0
DA:65,0
DA:69,0
DA:73,0
DA:77,0
DA:81,0
DA:85,0
DA:88,0
DA:91,0
DA:92,0
DA:95,0
DA:97,0
DA:102,0
DA:107,0
DA:112,0
DA:116,0
DA:120,0
DA:122,0
DA:127,0
DA:130,0
DA:132,0
DA:135,0
DA:139,0
DA:144,0
DA:148,0
DA:150,0
DA:154,0
DA:158,0
DA:162,0
DA:165,0
DA:167,0
DA:171,0
DA:175,0
DA:179,0
DA:181,0
DA:185,0
DA:189,0
DA:192,0
DA:197,0
DA:202,0
DA:205,0
DA:208,0
DA:212,0
DA:216,0
DA:220,0
DA:224,0
DA:227,0
DA:231,0
DA:235,0
DA:239,0
DA:242,0
DA:246,0
DA:250,0
DA:254,0
DA:258,0
DA:263,0
DA:267,0
DA:270,0
DA:274,0
DA:279,0
DA:284,0
DA:289,0
DA:294,0
DA:298,0
DA:302,0
DA:305,0
DA:309,0
DA:313,0
DA:316,0
DA:319,0
DA:322,0
DA:326,0
DA:329,0
DA:332,0
DA:335,0
DA:338,0
DA:341,0
DA:345,0
LF:89
LH:0
BRF:0
BRH:0
end_of_record
TN:
SF:src/provider/services/provider-booking.service.ts
FN:12,(anonymous_4)
FN:23,(anonymous_5)
FN:60,(anonymous_6)
FN:76,(anonymous_7)
FN:91,(anonymous_8)
FN:112,(anonymous_9)
FN:180,(anonymous_10)
FN:220,(anonymous_11)
FN:261,(anonymous_12)
FN:270,(anonymous_13)
FN:290,(anonymous_14)
FN:306,(anonymous_15)
FN:319,(anonymous_16)
FNF:13
FNH:0
FNDA:0,(anonymous_4)
FNDA:0,(anonymous_5)
FNDA:0,(anonymous_6)
FNDA:0,(anonymous_7)
FNDA:0,(anonymous_8)
FNDA:0,(anonymous_9)
FNDA:0,(anonymous_10)
FNDA:0,(anonymous_11)
FNDA:0,(anonymous_12)
FNDA:0,(anonymous_13)
FNDA:0,(anonymous_14)
FNDA:0,(anonymous_15)
FNDA:0,(anonymous_16)
DA:1,0
DA:2,0
DA:3,0
DA:4,0
DA:5,0
DA:6,0
DA:7,0
DA:11,0
DA:14,0
DA:16,0
DA:17,0
DA:18,0
DA:27,0
DA:29,0
DA:36,0
DA:37,0
DA:40,0
DA:41,0
DA:44,0
DA:45,0
DA:48,0
DA:50,0
DA:57,0
DA:64,0
DA:69,0
DA:70,0
DA:73,0
DA:77,0
DA:78,0
DA:80,0
DA:95,0
DA:96,0
DA:97,0
DA:99,0
DA:117,0
DA:122,0
DA:123,0
DA:129,0
DA:131,0
DA:132,0
DA:133,0
DA:135,0
DA:136,0
DA:137,0
DA:139,0
DA:140,0
DA:141,0
DA:143,0
DA:146,0
DA:147,0
DA:153,0
DA:159,0
DA:162,0
DA:165,0
DA:173,0
DA:174,0
DA:177,0
DA:184,0
DA:189,0
DA:190,0
DA:193,0
DA:194,0
DA:198,0
DA:199,0
DA:200,0
DA:202,0
DA:203,0
DA:210,0
DA:221,0
DA:225,0
DA:226,0
DA:229,0
DA:230,0
DA:234,0
DA:235,0
DA:236,0
DA:237,0
DA:239,0
DA:240,0
DA:243,0
DA:247,0
DA:249,0
DA:256,0
DA:263,0
DA:271,0
DA:275,0
DA:278,0
DA:285,0
DA:295,0
DA:306,0
DA:326,0
DA:338,0
DA:339,0
DA:342,0
LF:94
LH:0
BRDA:27,0,0,0
BRDA:27,1,0,0
BRDA:36,2,0,0
BRDA:40,3,0,0
BRDA:44,4,0,0
BRDA:69,5,0,0
BRDA:93,6,0,0
BRDA:122,7,0,0
BRDA:129,8,0,0
BRDA:129,8,1,0
BRDA:129,8,2,0
BRDA:129,8,3,0
BRDA:146,9,0,0
BRDA:155,10,0,0
BRDA:155,10,1,0
BRDA:173,11,0,0
BRDA:189,12,0,0
BRDA:193,13,0,0
BRDA:202,14,0,0
BRDA:225,15,0,0
BRDA:229,16,0,0
BRDA:239,17,0,0
BRDA:275,18,0,0
BRDA:338,19,0,0
BRF:24
BRH:0
end_of_record
TN:
SF:src/provider/services/provider-business.service.ts
FN:20,(anonymous_4)
FN:35,(anonymous_5)
FN:52,(anonymous_6)
FN:91,(anonymous_7)
FN:101,(anonymous_8)
FN:133,(anonymous_9)
FN:165,(anonymous_10)
FN:191,(anonymous_11)
FN:198,(anonymous_12)
FN:214,(anonymous_13)
FN:238,(anonymous_14)
FN:261,(anonymous_15)
FN:309,(anonymous_16)
FN:338,(anonymous_17)
FN:366,(anonymous_18)
FN:391,(anonymous_19)
FN:410,(anonymous_20)
FNF:17
FNH:0
FNDA:0,(anonymous_4)
FNDA:0,(anonymous_5)
FNDA:0,(anonymous_6)
FNDA:0,(anonymous_7)
FNDA:0,(anonymous_8)
FNDA:0,(anonymous_9)
FNDA:0,(anonymous_10)
FNDA:0,(anonymous_11)
FNDA:0,(anonymous_12)
FNDA:0,(anonymous_13)
FNDA:0,(anonymous_14)
FNDA:0,(anonymous_15)
FNDA:0,(anonymous_16)
FNDA:0,(anonymous_17)
FNDA:0,(anonymous_18)
FNDA:0,(anonymous_19)
FNDA:0,(anonymous_20)
DA:1,0
DA:2,0
DA:3,0
DA:4,0
DA:5,0
DA:6,0
DA:7,0
DA:8,0
DA:9,0
DA:19,0
DA:22,0
DA:24,0
DA:26,0
DA:28,0
DA:29,0
DA:30,0
DA:36,0
DA:37,0
DA:39,0
DA:44,0
DA:45,0
DA:48,0
DA:49,0
DA:56,0
DA:60,0
DA:61,0
DA:65,0
DA:76,0
DA:78,0
DA:81,0
DA:86,0
DA:92,0
DA:98,0
DA:105,0
DA:109,0
DA:110,0
DA:113,0
DA:119,0
DA:122,0
DA:125,0
DA:130,0
DA:138,0
DA:142,0
DA:143,0
DA:146,0
DA:149,0
DA:151,0
DA:157,0
DA:162,0
DA:166,0
DA:170,0
DA:171,0
DA:177,0
DA:180,0
DA:183,0
DA:192,0
DA:202,0
DA:206,0
DA:207,0
DA:211,0
DA:214,0
DA:215,0
DA:224,0
DA:227,0
DA:230,0
DA:235,0
DA:243,0
DA:247,0
DA:248,0
DA:251,0
DA:252,0
DA:255,0
DA:265,0
DA:269,0
DA:270,0
DA:274,0
DA:275,0
DA:276,0
DA:278,0
DA:279,0
DA:282,0
DA:291,0
DA:294,0
DA:300,0
DA:306,0
DA:313,0
DA:317,0
DA:318,0
DA:321,0
DA:323,0
DA:326,0
DA:329,0
DA:342,0
DA:346,0
DA:347,0
DA:354,0
DA:356,0
DA:358,0
DA:363,0
DA:370,0
DA:374,0
DA:375,0
DA:381,0
DA:383,0
DA:392,0
DA:410,0
LF:106
LH:0
BRDA:37,0,0,0
BRDA:44,1,0,0
BRDA:60,2,0,0
BRDA:66,3,0,0
BRDA:66,3,1,0
BRDA:67,4,0,0
BRDA:67,4,1,0
BRDA:68,5,0,0
BRDA:68,5,1,0
BRDA:69,6,0,0
BRDA:69,6,1,0
BRDA:70,7,0,0
BRDA:70,7,1,0
BRDA:71,8,0,0
BRDA:71,8,1,0
BRDA:72,9,0,0
BRDA:72,9,1,0
BRDA:109,10,0,0
BRDA:116,11,0,0
BRDA:116,11,1,0
BRDA:142,12,0,0
BRDA:170,13,0,0
BRDA:206,14,0,0
BRDA:220,15,0,0
BRDA:220,15,1,0
BRDA:247,16,0,0
BRDA:251,17,0,0
BRDA:269,18,0,0
BRDA:278,19,0,0
BRDA:288,20,0,0
BRDA:288,20,1,0
BRDA:317,21,0,0
BRDA:346,22,0,0
BRDA:374,23,0,0
BRDA:412,24,0,0
BRDA:412,24,1,0
BRF:36
BRH:0
end_of_record
TN:
SF:src/provider/services/provider-dashboard.service.ts
FN:48,(anonymous_4)
FN:56,(anonymous_5)
FN:90,(anonymous_6)
FN:110,(anonymous_7)
FN:136,(anonymous_8)
FN:138,(anonymous_9)
FN:156,(anonymous_10)
FN:181,(anonymous_11)
FN:206,(anonymous_12)
FN:239,(anonymous_13)
FN:243,(anonymous_14)
FN:245,(anonymous_15)
FN:245,(anonymous_16)
FN:264,(anonymous_17)
FN:281,(anonymous_18)
FN:295,(anonymous_19)
FN:300,(anonymous_20)
FN:303,(anonymous_21)
FN:331,(anonymous_22)
FN:336,(anonymous_23)
FN:340,(anonymous_24)
FN:345,(anonymous_25)
FN:351,(anonymous_26)
FN:354,(anonymous_27)
FN:361,(anonymous_28)
FN:367,(anonymous_29)
FN:372,(anonymous_30)
FN:375,(anonymous_31)
FN:395,(anonymous_32)
FN:396,(anonymous_33)
FN:398,(anonymous_34)
FN:403,(anonymous_35)
FN:406,(anonymous_36)
FN:426,(anonymous_37)
FN:433,(anonymous_38)
FN:436,(anonymous_39)
FN:441,(anonymous_40)
FN:447,(anonymous_41)
FNF:38
FNH:0
FNDA:0,(anonymous_4)
FNDA:0,(anonymous_5)
FNDA:0,(anonymous_6)
FNDA:0,(anonymous_7)
FNDA:0,(anonymous_8)
FNDA:0,(anonymous_9)
FNDA:0,(anonymous_10)
FNDA:0,(anonymous_11)
FNDA:0,(anonymous_12)
FNDA:0,(anonymous_13)
FNDA:0,(anonymous_14)
FNDA:0,(anonymous_15)
FNDA:0,(anonymous_16)
FNDA:0,(anonymous_17)
FNDA:0,(anonymous_18)
FNDA:0,(anonymous_19)
FNDA:0,(anonymous_20)
FNDA:0,(anonymous_21)
FNDA:0,(anonymous_22)
FNDA:0,(anonymous_23)
FNDA:0,(anonymous_24)
FNDA:0,(anonymous_25)
FNDA:0,(anonymous_26)
FNDA:0,(anonymous_27)
FNDA:0,(anonymous_28)
FNDA:0,(anonymous_29)
FNDA:0,(anonymous_30)
FNDA:0,(anonymous_31)
FNDA:0,(anonymous_32)
FNDA:0,(anonymous_33)
FNDA:0,(anonymous_34)
FNDA:0,(anonymous_35)
FNDA:0,(anonymous_36)
FNDA:0,(anonymous_37)
FNDA:0,(anonymous_38)
FNDA:0,(anonymous_39)
FNDA:0,(anonymous_40)
FNDA:0,(anonymous_41)
DA:1,0
DA:2,0
DA:3,0
DA:4,0
DA:5,0
DA:6,0
DA:47,0
DA:50,0
DA:52,0
DA:53,0
DA:57,0
DA:58,0
DA:59,0
DA:61,0
DA:66,0
DA:67,0
DA:71,0
DA:75,0
DA:79,0
DA:84,0
DA:89,0
DA:90,0
DA:95,0
DA:96,0
DA:97,0
DA:98,0
DA:100,0
DA:109,0
DA:110,0
DA:115,0
DA:123,0
DA:126,0
DA:128,0
DA:136,0
DA:138,0
DA:152,0
DA:153,0
DA:160,0
DA:161,0
DA:163,0
DA:165,0
DA:166,0
DA:167,0
DA:170,0
DA:180,0
DA:181,0
DA:185,0
DA:186,0
DA:189,0
DA:194,0
DA:210,0
DA:211,0
DA:212,0
DA:214,0
DA:215,0
DA:217,0
DA:219,0
DA:222,0
DA:230,0
DA:231,0
DA:232,0
DA:233,0
DA:234,0
DA:235,0
DA:237,0
DA:238,0
DA:239,0
DA:241,0
DA:243,0
DA:244,0
DA:245,0
DA:248,0
DA:260,0
DA:261,0
DA:265,0
DA:266,0
DA:268,0
DA:269,0
DA:270,0
DA:272,0
DA:280,0
DA:281,0
DA:285,0
DA:292,0
DA:297,0
DA:301,0
DA:303,0
DA:305,0
DA:307,0
DA:309,0
DA:310,0
DA:312,0
DA:313,0
DA:314,0
DA:316,0
DA:317,0
DA:319,0
DA:322,0
DA:323,0
DA:326,0
DA:327,0
DA:328,0
DA:331,0
DA:332,0
DA:338,0
DA:340,0
DA:341,0
DA:342,0
DA:345,0
DA:352,0
DA:354,0
DA:355,0
DA:356,0
DA:357,0
DA:361,0
DA:369,0
DA:373,0
DA:375,0
DA:376,0
DA:377,0
DA:384,0
DA:385,0
DA:386,0
DA:387,0
DA:391,0
DA:393,0
DA:395,0
DA:396,0
DA:398,0
DA:404,0
DA:406,0
DA:407,0
DA:408,0
DA:417,0
DA:418,0
DA:420,0
DA:421,0
DA:422,0
DA:426,0
DA:434,0
DA:436,0
DA:437,0
DA:438,0
DA:441,0
DA:448,0
DA:449,0
DA:450,0
LF:147
LH:0
BRDA:59,0,0,0
BRDA:66,1,0,0
BRDA:136,2,0,0
BRDA:136,2,1,0
BRDA:160,3,0,0
BRDA:160,3,1,0
BRDA:161,4,0,0
BRDA:161,4,1,0
BRDA:163,5,0,0
BRDA:163,6,0,0
BRDA:163,6,1,0
BRDA:175,7,0,0
BRDA:175,7,1,0
BRDA:191,8,0,0
BRDA:191,8,1,0
BRDA:212,9,0,0
BRDA:214,10,0,0
BRDA:214,10,1,0
BRDA:215,11,0,0
BRDA:215,11,1,0
BRDA:217,12,0,0
BRDA:217,13,0,0
BRDA:217,13,1,0
BRDA:241,14,0,0
BRDA:241,14,1,0
BRDA:307,15,0,0
BRDA:307,15,1,0
BRDA:307,15,2,0
BRDA:307,15,3,0
BRDA:322,16,0,0
BRDA:342,17,0,0
BRDA:342,17,1,0
BRDA:355,18,0,0
BRDA:357,19,0,0
BRDA:357,19,1,0
BRDA:376,20,0,0
BRDA:386,21,0,0
BRDA:407,22,0,0
BRDA:410,23,0,0
BRDA:410,23,1,0
BRDA:420,24,0,0
BRDA:428,25,0,0
BRDA:428,25,1,0
BRDA:429,26,0,0
BRDA:429,26,1,0
BRF:45
BRH:0
end_of_record
TN:
SF:src/provider/services/provider-messaging.service.ts
FN:17,(anonymous_4)
FN:31,(anonymous_5)
FN:39,(anonymous_6)
FN:55,(anonymous_7)
FN:106,(anonymous_8)
FN:139,(anonymous_9)
FN:185,(anonymous_10)
FN:215,(anonymous_11)
FN:237,(anonymous_12)
FN:263,(anonymous_13)
FN:283,(anonymous_14)
FN:303,(anonymous_15)
FNF:12
FNH:0
FNDA:0,(anonymous_4)
FNDA:0,(anonymous_5)
FNDA:0,(anonymous_6)
FNDA:0,(anonymous_7)
FNDA:0,(anonymous_8)
FNDA:0,(anonymous_9)
FNDA:0,(anonymous_10)
FNDA:0,(anonymous_11)
FNDA:0,(anonymous_12)
FNDA:0,(anonymous_13)
FNDA:0,(anonymous_14)
FNDA:0,(anonymous_15)
DA:1,0
DA:2,0
DA:3,0
DA:4,0
DA:5,0
DA:6,0
DA:7,0
DA:8,0
DA:16,0
DA:19,0
DA:21,0
DA:23,0
DA:25,0
DA:26,0
DA:32,0
DA:43,0
DA:48,0
DA:49,0
DA:52,0
DA:60,0
DA:64,0
DA:65,0
DA:69,0
DA:77,0
DA:79,0
DA:83,0
DA:87,0
DA:93,0
DA:96,0
DA:101,0
DA:111,0
DA:114,0
DA:118,0
DA:119,0
DA:122,0
DA:128,0
DA:130,0
DA:136,0
DA:144,0
DA:149,0
DA:150,0
DA:154,0
DA:159,0
DA:160,0
DA:163,0
DA:171,0
DA:174,0
DA:182,0
DA:190,0
DA:194,0
DA:195,0
DA:199,0
DA:216,0
DA:221,0
DA:222,0
DA:226,0
DA:234,0
DA:238,0
DA:242,0
DA:251,0
DA:253,0
DA:267,0
DA:284,0
DA:289,0
DA:290,0
DA:294,0
DA:307,0
DA:311,0
DA:312,0
DA:317,0
LF:70
LH:0
BRDA:48,0,0,0
BRDA:64,1,0,0
BRDA:73,2,0,0
BRDA:73,2,1,0
BRDA:77,3,0,0
BRDA:111,4,0,0
BRDA:111,5,0,0
BRDA:118,6,0,0
BRDA:149,7,0,0
BRDA:159,8,0,0
BRDA:167,9,0,0
BRDA:167,9,1,0
BRDA:194,10,0,0
BRDA:221,11,0,0
BRDA:257,12,0,0
BRDA:257,12,1,0
BRDA:289,13,0,0
BRDA:311,14,0,0
BRF:18
BRH:0
end_of_record
TN:
SF:src/websocket/websocket.gateway.ts
FN:36,(anonymous_4)
FN:41,(anonymous_5)
FN:73,(anonymous_6)
FN:81,(anonymous_7)
FN:98,(anonymous_8)
FN:109,(anonymous_9)
FN:125,(anonymous_10)
FN:132,(anonymous_11)
FN:146,(anonymous_12)
FN:172,(anonymous_13)
FN:182,(anonymous_14)
FN:201,(anonymous_15)
FN:218,(anonymous_16)
FN:230,(anonymous_17)
FN:242,(anonymous_18)
FN:265,(anonymous_19)
FN:268,(anonymous_20)
FN:278,(anonymous_21)
FNF:18
FNH:0
FNDA:0,(anonymous_4)
FNDA:0,(anonymous_5)
FNDA:0,(anonymous_6)
FNDA:0,(anonymous_7)
FNDA:0,(anonymous_8)
FNDA:0,(anonymous_9)
FNDA:0,(anonymous_10)
FNDA:0,(anonymous_11)
FNDA:0,(anonymous_12)
FNDA:0,(anonymous_13)
FNDA:0,(anonymous_14)
FNDA:0,(anonymous_15)
FNDA:0,(anonymous_16)
FNDA:0,(anonymous_17)
FNDA:0,(anonymous_18)
FNDA:0,(anonymous_19)
FNDA:0,(anonymous_20)
FNDA:0,(anonymous_21)
DA:1,0
DA:10,0
DA:11,0
DA:12,0
DA:13,0
DA:29,0
DA:31,0
DA:33,0
DA:34,0
DA:37,0
DA:38,0
DA:42,0
DA:44,0
DA:46,0
DA:47,0
DA:48,0
DA:49,0
DA:51,0
DA:53,0
DA:56,0
DA:59,0
DA:64,0
DA:65,0
DA:68,0
DA:69,0
DA:74,0
DA:75,0
DA:81,0
DA:85,0
DA:86,0
DA:88,0
DA:90,0
DA:98,0
DA:102,0
DA:103,0
DA:105,0
DA:109,0
DA:113,0
DA:114,0
DA:116,0
DA:118,0
DA:125,0
DA:126,0
DA:133,0
DA:135,0
DA:142,0
DA:148,0
DA:155,0
DA:162,0
DA:168,0
DA:173,0
DA:178,0
DA:184,0
DA:191,0
DA:197,0
DA:202,0
DA:209,0
DA:212,0
DA:214,0
DA:220,0
DA:226,0
DA:231,0
DA:237,0
DA:244,0
DA:245,0
DA:246,0
DA:250,0
DA:251,0
DA:252,0
DA:256,0
DA:257,0
DA:258,0
DA:261,0
DA:266,0
DA:268,0
DA:279,0
DA:280,0
DA:281,0
DA:282,0
DA:283,0
LF:80
LH:0
BRDA:46,0,0,0
BRDA:46,0,1,0
BRDA:230,1,0,0
BRDA:245,2,0,0
BRDA:245,3,0,0
BRDA:245,3,1,0
BRDA:251,4,0,0
BRDA:257,5,0,0
BRDA:280,6,0,0
BRDA:281,7,0,0
BRDA:281,7,1,0
BRDA:22,8,0,0
BRDA:22,8,1,0
BRF:13
BRH:0
end_of_record
TN:
SF:src/websocket/websocket.module.ts
FN:10,(anonymous_1)
FNF:1
FNH:0
FNDA:0,(anonymous_1)
DA:1,0
DA:2,0
DA:3,0
DA:4,0
DA:10,0
DA:20,0
LF:6
LH:0
BRF:0
BRH:0
end_of_record
